[INFO ] 2019-02-17T10:54:52,468Z [main] webserver.CmdLineOptions.loadConfig - Config:
{
    # hardcoded value
    "baseDirectory" : "/home/anixon604/dev/samples/cordapp-example/java-source/build/nodes/Gov",
    # web-reference.conf @ jar:file:/home/anixon604/.capsule/apps/net.corda.webserver.WebServer_3.3-corda/corda-webserver-impl-3.3-corda.jar!/web-reference.conf: 2
    "keyStorePassword" : "cordacadevpass",
    # /home/anixon604/dev/samples/cordapp-example/java-source/build/nodes/Gov/node.conf: 1
    "myLegalName" : "O=Gov,L=Paris,C=FR",
    # /home/anixon604/dev/samples/cordapp-example/java-source/build/nodes/Gov/node.conf: 2
    "p2pAddress" : "localhost:10013",
    # /home/anixon604/dev/samples/cordapp-example/java-source/build/nodes/Gov/node.conf: 3
    "rpcSettings" : {
        # /home/anixon604/dev/samples/cordapp-example/java-source/build/nodes/Gov/node.conf: 4
        "address" : "localhost:10014",
        # /home/anixon604/dev/samples/cordapp-example/java-source/build/nodes/Gov/node.conf: 5
        "adminAddress" : "localhost:10054"
    },
    # /home/anixon604/dev/samples/cordapp-example/java-source/build/nodes/Gov/node.conf: 7
    "rpcUsers" : [
        # /home/anixon604/dev/samples/cordapp-example/java-source/build/nodes/Gov/node.conf: 8
        {
            # /home/anixon604/dev/samples/cordapp-example/java-source/build/nodes/Gov/node.conf: 9
            "password" : "test",
            # /home/anixon604/dev/samples/cordapp-example/java-source/build/nodes/Gov/node.conf: 10
            "permissions" : [
                # /home/anixon604/dev/samples/cordapp-example/java-source/build/nodes/Gov/node.conf: 11
                "ALL"
            ],
            # /home/anixon604/dev/samples/cordapp-example/java-source/build/nodes/Gov/node.conf: 13
            "user" : "user1"
        }
    ],
    # web-reference.conf @ jar:file:/home/anixon604/.capsule/apps/net.corda.webserver.WebServer_3.3-corda/corda-webserver-impl-3.3-corda.jar!/web-reference.conf: 3
    "trustStorePassword" : "trustpass",
    # web-reference.conf @ jar:file:/home/anixon604/.capsule/apps/net.corda.webserver.WebServer_3.3-corda/corda-webserver-impl-3.3-corda.jar!/web-reference.conf: 1
    "useHTTPS" : false,
    # /home/anixon604/dev/samples/cordapp-example/java-source/build/nodes/Gov/node.conf: 16
    "webAddress" : "localhost:10015"
}
 {}
[INFO ] 2019-02-17T10:54:52,607Z [main] Main.main - Main class: /home/anixon604/.capsule/apps/net.corda.webserver.WebServer_3.3-corda/corda-webserver-impl-3.3-corda.jar {}
[INFO ] 2019-02-17T10:54:53,109Z [main] Main.main - CommandLine Args: -Xmx200m -XX:+UseG1GC -agentlib:jdwp=transport=dt_socket,server=y,suspend=n,address=5006 -javaagent:drivers/jolokia-jvm-1.3.7-agent.jar=port=7006,logHandlerClass=net.corda.webserver.JolokiaSlf4Adapter -javaagent:/home/anixon604/.capsule/apps/net.corda.webserver.WebServer_3.3-corda/quasar-core-0.7.9-jdk8.jar -Dvisualvm.display.name=Corda -Djava.library.path=/usr/java/packages/lib/amd64:/usr/lib64:/lib64:/lib:/usr/lib:/home/anixon604/.capsule/apps/net.corda.webserver.WebServer_3.3-corda -Dcapsule.app=net.corda.webserver.WebServer_3.3-corda -Dname=Gov-corda-webserver.jar -DWebserver -Dcapsule.dir=/home/anixon604/.capsule/apps/net.corda.webserver.WebServer_3.3-corda -Dcapsule.jar=/home/anixon604/dev/samples/cordapp-example/java-source/build/nodes/Gov/corda-webserver.jar {}
[INFO ] 2019-02-17T10:54:54,336Z [main] Main.main - Application Args:  {}
[INFO ] 2019-02-17T10:54:54,345Z [main] Main.main - bootclasspath: /usr/lib/jvm/java-8-oracle/jre/lib/resources.jar:/usr/lib/jvm/java-8-oracle/jre/lib/rt.jar:/usr/lib/jvm/java-8-oracle/jre/lib/sunrsasign.jar:/usr/lib/jvm/java-8-oracle/jre/lib/jsse.jar:/usr/lib/jvm/java-8-oracle/jre/lib/jce.jar:/usr/lib/jvm/java-8-oracle/jre/lib/charsets.jar:/usr/lib/jvm/java-8-oracle/jre/lib/jfr.jar:/usr/lib/jvm/java-8-oracle/jre/classes {}
[INFO ] 2019-02-17T10:54:54,345Z [main] Main.main - classpath: /home/anixon604/dev/samples/cordapp-example/java-source/build/nodes/Gov/corda-webserver.jar:/home/anixon604/.capsule/apps/net.corda.webserver.WebServer_3.3-corda/corda-rpc-3.3-corda.jar:/home/anixon604/.capsule/apps/net.corda.webserver.WebServer_3.3-corda/corda-jackson-3.3-corda.jar:/home/anixon604/.capsule/apps/net.corda.webserver.WebServer_3.3-corda/corda-node-api-3.3-corda.jar:/home/anixon604/.capsule/apps/net.corda.webserver.WebServer_3.3-corda/corda-core-3.3-corda.jar:/home/anixon604/.capsule/apps/net.corda.webserver.WebServer_3.3-corda/jetty-webapp-9.4.7.v20170914.jar:/home/anixon604/.capsule/apps/net.corda.webserver.WebServer_3.3-corda/jetty-servlet-9.4.7.v20170914.jar:/home/anixon604/.capsule/apps/net.corda.webserver.WebServer_3.3-corda/jersey-container-jetty-http-2.25.jar:/home/anixon604/.capsule/apps/net.corda.webserver.WebServer_3.3-corda/jetty-security-9.4.7.v20170914.jar:/home/anixon604/.capsule/apps/net.corda.webserver.WebServer_3.3-corda/jetty-server-9.4.7.v20170914.jar:/home/anixon604/.capsule/apps/net.corda.webserver.WebServer_3.3-corda/javax.servlet-api-3.1.0.jar:/home/anixon604/.capsule/apps/net.corda.webserver.WebServer_3.3-corda/commons-fileupload-1.3.3.jar:/home/anixon604/.capsule/apps/net.corda.webserver.WebServer_3.3-corda/log4j-slf4j-impl-2.9.1.jar:/home/anixon604/.capsule/apps/net.corda.webserver.WebServer_3.3-corda/log4j-core-2.9.1.jar:/home/anixon604/.capsule/apps/net.corda.webserver.WebServer_3.3-corda/jopt-simple-5.0.2.jar:/home/anixon604/.capsule/apps/net.corda.webserver.WebServer_3.3-corda/jetty-continuation-9.4.7.v20170914.jar:/home/anixon604/.capsule/apps/net.corda.webserver.WebServer_3.3-corda/jersey-container-servlet-2.25.jar:/home/anixon604/.capsule/apps/net.corda.webserver.WebServer_3.3-corda/jersey-container-servlet-core-2.25.jar:/home/anixon604/.capsule/apps/net.corda.webserver.WebServer_3.3-corda/jersey-server-2.25.jar:/home/anixon604/.capsule/apps/net.corda.webserver.WebServer_3.3-corda/jersey-media-json-jackson-2.25.jar:/home/anixon604/.capsule/apps/net.corda.webserver.WebServer_3.3-corda/kotlinx-html-jvm-0.6.3.jar:/home/anixon604/.capsule/apps/net.corda.webserver.WebServer_3.3-corda/kotlin-stdlib-jre8-1.1.60.jar:/home/anixon604/.capsule/apps/net.corda.webserver.WebServer_3.3-corda/jackson-module-kotlin-2.9.2.jar:/home/anixon604/.capsule/apps/net.corda.webserver.WebServer_3.3-corda/kotlin-reflect-1.1.60.jar:/home/anixon604/.capsule/apps/net.corda.webserver.WebServer_3.3-corda/cordform-common-3.2.1.jar:/home/anixon604/.capsule/apps/net.corda.webserver.WebServer_3.3-corda/jsr305-3.0.2.jar:/home/anixon604/.capsule/apps/net.corda.webserver.WebServer_3.3-corda/jcl-over-slf4j-1.7.25.jar:/home/anixon604/.capsule/apps/net.corda.webserver.WebServer_3.3-corda/slf4j-api-1.7.25.jar:/home/anixon604/.capsule/apps/net.corda.webserver.WebServer_3.3-corda/rxjava-1.2.4.jar:/home/anixon604/.capsule/apps/net.corda.webserver.WebServer_3.3-corda/commons-jexl3-3.0.jar:/home/anixon604/.capsule/apps/net.corda.webserver.WebServer_3.3-corda/jackson-datatype-jsr310-2.9.2.jar:/home/anixon604/.capsule/apps/net.corda.webserver.WebServer_3.3-corda/jackson-jaxrs-json-provider-2.8.4.jar:/home/anixon604/.capsule/apps/net.corda.webserver.WebServer_3.3-corda/jackson-jaxrs-base-2.8.4.jar:/home/anixon604/.capsule/apps/net.corda.webserver.WebServer_3.3-corda/jackson-module-jaxb-annotations-2.8.4.jar:/home/anixon604/.capsule/apps/net.corda.webserver.WebServer_3.3-corda/jackson-databind-2.9.2.jar:/home/anixon604/.capsule/apps/net.corda.webserver.WebServer_3.3-corda/eddsa-0.2.0.jar:/home/anixon604/.capsule/apps/net.corda.webserver.WebServer_3.3-corda/bcpkix-jdk15on-1.57.jar:/home/anixon604/.capsule/apps/net.corda.webserver.WebServer_3.3-corda/bcprov-jdk15on-1.57.jar:/home/anixon604/.capsule/apps/net.corda.webserver.WebServer_3.3-corda/hibernate-core-5.2.6.Final.jar:/home/anixon604/.capsule/apps/net.corda.webserver.WebServer_3.3-corda/hibernate-jpa-2.1-api-1.0.0.Final.jar:/home/anixon604/.capsule/apps/net.corda.webserver.WebServer_3.3-corda/quasar-core-0.7.9-jdk8.jar:/home/anixon604/.capsule/apps/net.corda.webserver.WebServer_3.3-corda/jackson-dataformat-yaml-2.9.2.jar:/home/anixon604/.capsule/apps/net.corda.webserver.WebServer_3.3-corda/artemis-core-client-2.2.0.jar:/home/anixon604/.capsule/apps/net.corda.webserver.WebServer_3.3-corda/artemis-commons-2.2.0.jar:/home/anixon604/.capsule/apps/net.corda.webserver.WebServer_3.3-corda/guava-21.0.jar:/home/anixon604/.capsule/apps/net.corda.webserver.WebServer_3.3-corda/jetty-xml-9.4.7.v20170914.jar:/home/anixon604/.capsule/apps/net.corda.webserver.WebServer_3.3-corda/commons-io-2.2.jar:/home/anixon604/.capsule/apps/net.corda.webserver.WebServer_3.3-corda/log4j-api-2.9.1.jar:/home/anixon604/.capsule/apps/net.corda.webserver.WebServer_3.3-corda/jersey-client-2.25.jar:/home/anixon604/.capsule/apps/net.corda.webserver.WebServer_3.3-corda/jersey-media-jaxb-2.25.jar:/home/anixon604/.capsule/apps/net.corda.webserver.WebServer_3.3-corda/jersey-common-2.25.jar:/home/anixon604/.capsule/apps/net.corda.webserver.WebServer_3.3-corda/jersey-entity-filtering-2.25.jar:/home/anixon604/.capsule/apps/net.corda.webserver.WebServer_3.3-corda/javax.ws.rs-api-2.0.1.jar:/home/anixon604/.capsule/apps/net.corda.webserver.WebServer_3.3-corda/javax.annotation-api-1.2.jar:/home/anixon604/.capsule/apps/net.corda.webserver.WebServer_3.3-corda/hk2-locator-2.5.0-b30.jar:/home/anixon604/.capsule/apps/net.corda.webserver.WebServer_3.3-corda/hk2-api-2.5.0-b30.jar:/home/anixon604/.capsule/apps/net.corda.webserver.WebServer_3.3-corda/javax.inject-2.5.0-b30.jar:/home/anixon604/.capsule/apps/net.corda.webserver.WebServer_3.3-corda/validation-api-1.1.0.Final.jar:/home/anixon604/.capsule/apps/net.corda.webserver.WebServer_3.3-corda/jetty-http-9.4.7.v20170914.jar:/home/anixon604/.capsule/apps/net.corda.webserver.WebServer_3.3-corda/jetty-io-9.4.7.v20170914.jar:/home/anixon604/.capsule/apps/net.corda.webserver.WebServer_3.3-corda/jetty-util-9.4.7.v20170914.jar:/home/anixon604/.capsule/apps/net.corda.webserver.WebServer_3.3-corda/jackson-annotations-2.9.0.jar:/home/anixon604/.capsule/apps/net.corda.webserver.WebServer_3.3-corda/kotlin-stdlib-jre7-1.1.60.jar:/home/anixon604/.capsule/apps/net.corda.webserver.WebServer_3.3-corda/kotlin-stdlib-1.1.60.jar:/home/anixon604/.capsule/apps/net.corda.webserver.WebServer_3.3-corda/jackson-core-2.9.2.jar:/home/anixon604/.capsule/apps/net.corda.webserver.WebServer_3.3-corda/hibernate-commons-annotations-5.0.1.Final.jar:/home/anixon604/.capsule/apps/net.corda.webserver.WebServer_3.3-corda/jboss-logging-3.3.0.Final.jar:/home/anixon604/.capsule/apps/net.corda.webserver.WebServer_3.3-corda/javassist-3.20.0-GA.jar:/home/anixon604/.capsule/apps/net.corda.webserver.WebServer_3.3-corda/antlr-2.7.7.jar:/home/anixon604/.capsule/apps/net.corda.webserver.WebServer_3.3-corda/geronimo-jta_1.1_spec-1.1.1.jar:/home/anixon604/.capsule/apps/net.corda.webserver.WebServer_3.3-corda/jandex-2.0.3.Final.jar:/home/anixon604/.capsule/apps/net.corda.webserver.WebServer_3.3-corda/classmate-1.3.0.jar:/home/anixon604/.capsule/apps/net.corda.webserver.WebServer_3.3-corda/dom4j-1.6.1.jar:/home/anixon604/.capsule/apps/net.corda.webserver.WebServer_3.3-corda/cdi-api-1.1.jar:/home/anixon604/.capsule/apps/net.corda.webserver.WebServer_3.3-corda/commons-collections4-4.1.jar:/home/anixon604/.capsule/apps/net.corda.webserver.WebServer_3.3-corda/commons-beanutils-1.9.3.jar:/home/anixon604/.capsule/apps/net.corda.webserver.WebServer_3.3-corda/config-1.3.1.jar:/home/anixon604/.capsule/apps/net.corda.webserver.WebServer_3.3-corda/kryo-serializers-0.41.jar:/home/anixon604/.capsule/apps/net.corda.webserver.WebServer_3.3-corda/kryo-4.0.0.jar:/home/anixon604/.capsule/apps/net.corda.webserver.WebServer_3.3-corda/proton-j-0.21.0.jar:/home/anixon604/.capsule/apps/net.corda.webserver.WebServer_3.3-corda/fast-classpath-scanner-2.12.3.jar:/home/anixon604/.capsule/apps/net.corda.webserver.WebServer_3.3-corda/snakeyaml-1.18.jar:/home/anixon604/.capsule/apps/net.corda.webserver.WebServer_3.3-corda/jersey-guava-2.25.jar:/home/anixon604/.capsule/apps/net.corda.webserver.WebServer_3.3-corda/osgi-resource-locator-1.0.1.jar:/home/anixon604/.capsule/apps/net.corda.webserver.WebServer_3.3-corda/hk2-utils-2.5.0-b30.jar:/home/anixon604/.capsule/apps/net.corda.webserver.WebServer_3.3-corda/aopalliance-repackaged-2.5.0-b30.jar:/home/anixon604/.capsule/apps/net.corda.webserver.WebServer_3.3-corda/el-api-2.2.jar:/home/anixon604/.capsule/apps/net.corda.webserver.WebServer_3.3-corda/jboss-interceptors-api_1.1_spec-1.0.0.Beta1.jar:/home/anixon604/.capsule/apps/net.corda.webserver.WebServer_3.3-corda/jsr250-api-1.0.jar:/home/anixon604/.capsule/apps/net.corda.webserver.WebServer_3.3-corda/javax.inject-1.jar:/home/anixon604/.capsule/apps/net.corda.webserver.WebServer_3.3-corda/commons-collections-3.2.2.jar:/home/anixon604/.capsule/apps/net.corda.webserver.WebServer_3.3-corda/jgroups-3.6.13.Final.jar:/home/anixon604/.capsule/apps/net.corda.webserver.WebServer_3.3-corda/netty-all-4.1.9.Final.jar:/home/anixon604/.capsule/apps/net.corda.webserver.WebServer_3.3-corda/geronimo-json_1.0_spec-1.0-alpha-1.jar:/home/anixon604/.capsule/apps/net.corda.webserver.WebServer_3.3-corda/johnzon-core-0.9.5.jar:/home/anixon604/.capsule/apps/net.corda.webserver.WebServer_3.3-corda/reflectasm-1.11.3.jar:/home/anixon604/.capsule/apps/net.corda.webserver.WebServer_3.3-corda/minlog-1.3.0.jar:/home/anixon604/.capsule/apps/net.corda.webserver.WebServer_3.3-corda/objenesis-2.2.jar:/home/anixon604/.capsule/apps/net.corda.webserver.WebServer_3.3-corda/asm-5.0.4.jar:/home/anixon604/.capsule/apps/net.corda.webserver.WebServer_3.3-corda/annotations-13.0.jar:/home/anixon604/.capsule/apps/net.corda.webserver.WebServer_3.3-corda/corda-webserver-impl-3.3-corda.jar:/home/anixon604/dev/samples/cordapp-example/java-source/build/nodes/Gov/cordapps/corda-finance-3.3-corda.jar:/home/anixon604/dev/samples/cordapp-example/java-source/build/nodes/Gov/cordapps/cordapp-example-0.1.jar:drivers/jolokia-jvm-1.3.7-agent.jar:/home/anixon604/.capsule/apps/net.corda.webserver.WebServer_3.3-corda/quasar-core-0.7.9-jdk8.jar {}
[INFO ] 2019-02-17T10:54:54,349Z [main] Main.main - VM Java HotSpot(TM) 64-Bit Server VM Oracle Corporation 25.201-b09 {}
[INFO ] 2019-02-17T10:54:54,350Z [main] Main.main - Machine: nixT480s {}
[INFO ] 2019-02-17T10:54:54,350Z [main] Main.main - Working Directory: /home/anixon604/dev/samples/cordapp-example/java-source/build/nodes/Gov {}
[INFO ] 2019-02-17T10:55:02,011Z [main] Main.main - Starting as webserver on localhost:10015 {}
[INFO ] 2019-02-17T10:55:02,525Z [main] BasicInfo.logAndMaybePrint - Starting as webserver: localhost:10015 {}
[WARN ] 2019-02-17T10:55:04,254Z [main] internal.config.defaultToOldPath - Config key user has been deprecated and will be removed in a future release. Use username instead {}
[INFO ] 2019-02-17T10:55:04,320Z [main] internal.NodeWebServer.connectLocalRpcAsNodeUser - Connecting to node at localhost:10014 as User(user1, permissions=[ALL]) {}
[INFO ] 2019-02-17T10:55:12,314Z [main] internal.RPCClient.logElapsedTime - Startup took 5767 msec {}
[WARN ] 2019-02-17T10:55:13,315Z [main] internal.config.defaultToOldPath - Config key user has been deprecated and will be removed in a future release. Use username instead {}
[INFO ] 2019-02-17T10:55:13,317Z [main] internal.NodeWebServer.connectLocalRpcAsNodeUser - Connecting to node at localhost:10014 as User(user1, permissions=[ALL]) {}
[INFO ] 2019-02-17T10:55:13,342Z [main] internal.RPCClient.logElapsedTime - Startup took 25 msec {}
[WARN ] 2019-02-17T10:55:14,343Z [main] internal.config.defaultToOldPath - Config key user has been deprecated and will be removed in a future release. Use username instead {}
[INFO ] 2019-02-17T10:55:14,346Z [main] internal.NodeWebServer.connectLocalRpcAsNodeUser - Connecting to node at localhost:10014 as User(user1, permissions=[ALL]) {}
[INFO ] 2019-02-17T10:55:14,365Z [main] internal.RPCClient.logElapsedTime - Startup took 18 msec {}
[WARN ] 2019-02-17T10:55:15,366Z [main] internal.config.defaultToOldPath - Config key user has been deprecated and will be removed in a future release. Use username instead {}
[INFO ] 2019-02-17T10:55:15,367Z [main] internal.NodeWebServer.connectLocalRpcAsNodeUser - Connecting to node at localhost:10014 as User(user1, permissions=[ALL]) {}
[INFO ] 2019-02-17T10:55:15,414Z [main] internal.RPCClient.logElapsedTime - Startup took 46 msec {}
[WARN ] 2019-02-17T10:55:16,423Z [main] internal.config.defaultToOldPath - Config key user has been deprecated and will be removed in a future release. Use username instead {}
[INFO ] 2019-02-17T10:55:16,425Z [main] internal.NodeWebServer.connectLocalRpcAsNodeUser - Connecting to node at localhost:10014 as User(user1, permissions=[ALL]) {}
[INFO ] 2019-02-17T10:55:16,449Z [main] internal.RPCClient.logElapsedTime - Startup took 20 msec {}
[WARN ] 2019-02-17T10:55:17,454Z [main] internal.config.defaultToOldPath - Config key user has been deprecated and will be removed in a future release. Use username instead {}
[INFO ] 2019-02-17T10:55:17,455Z [main] internal.NodeWebServer.connectLocalRpcAsNodeUser - Connecting to node at localhost:10014 as User(user1, permissions=[ALL]) {}
[INFO ] 2019-02-17T10:55:29,473Z [main] internal.RPCClient.logElapsedTime - Startup took 12017 msec {}
[INFO ] 2019-02-17T10:55:29,514Z [main] util.log.initialized - Logging initialized @56408ms to org.eclipse.jetty.util.log.Slf4jLog {}
[INFO ] 2019-02-17T10:55:31,564Z [main] internal.NodeWebServer.buildServletContextHandler - Add plugin web API from attachment com.example.plugin.ExamplePlugin$$Lambda$9/1387930084@46ae897c {}
[INFO ] 2019-02-17T10:55:33,337Z [main] server.Server.doStart - jetty-9.4.7.v20170914 {}
[INFO ] 2019-02-17T10:55:35,573Z [main] handler.ContextHandler.doStart - Started o.e.j.s.ServletContextHandler@5bbd8118{/,null,AVAILABLE} {}
[INFO ] 2019-02-17T10:55:35,621Z [main] server.AbstractConnector.doStart - Started ServerConnector@7cfb255{HTTP/1.1,[http/1.1]}{0.0.0.0:10015} {}
[INFO ] 2019-02-17T10:55:35,625Z [main] server.Server.doStart - Started @62523ms {}
[INFO ] 2019-02-17T10:55:35,625Z [main] internal.NodeWebServer.initWebServer - Starting webserver on address localhost:10015 {}
