[INFO ] 2019-02-17T10:52:54,627Z [main] manifests.Manifests.info - 111 attributes loaded from 123 stream(s) in 3s, 111 saved, 1956 ignored: ["ActiveMQ-Version", "Agent-Class", "Ant-Version", "Application-Class", "Application-Library-Allowable-Codebase", "Application-Name", "Application-Version", "Archiver-Version", "Automatic-Module-Name", "Bnd-LastModified", "Branch", "Build-Date", "Build-Host", "Build-Id", "Build-Java-Version", "Build-Jdk", "Build-Job", "Build-Number", "Build-Timestamp", "Built-By", "Built-OS", "Built-Status", "Bundle-Activator", "Bundle-Category", "Bundle-ClassPath", "Bundle-Copyright", "Bundle-Description", "Bundle-DocURL", "Bundle-License", "Bundle-ManifestVersion", "Bundle-Name", "Bundle-RequiredExecutionEnvironment", "Bundle-SymbolicName", "Bundle-Vendor", "Bundle-Version", "Caller-Allowable-Codebase", "Can-Redefine-Classes", "Can-Retransform-Classes", "Can-Set-Native-Method-Prefix", "Caplets", "Change", "Codebase", "Corda-Platform-Version", "Corda-Release-Version", "Corda-Revision", "Corda-Vendor", "Created-By", "DynamicImport-Package", "Eclipse-BuddyPolicy", "Eclipse-LazyStart", "Export-Package", "Extension-Name", "Fragment-Host", "Gradle-Version", "Ignore-Package", "Implementation-Build", "Implementation-Build-Date", "Implementation-Title", "Implementation-URL", "Implementation-Url", "Implementation-Vendor", "Implementation-Vendor-Id", "Implementation-Version", "Import-Package", "Include-Resource", "JCabi-Build", "JCabi-Date", "JCabi-Version", "JVM-Args", "Java-Agents", "Java-Vendor", "Java-Version", "Kotlin-Runtime-Component", "Kotlin-Version", "Log4jReleaseKey", "Log4jReleaseManager", "Log4jReleaseVersion", "Main-Class", "Main-class", "Manifest-Version", "Min-Java-Version", "Min-Update-Version", "Module-Email", "Module-Origin", "Module-Owner", "Module-Source", "Multi-Release", "Originally-Created-By", "Os-Arch", "Os-Name", "Os-Version", "Package", "Permissions", "Premain-Class", "Private-Package", "Provide-Capability", "Require-Capability", "SCM-Revision", "SCM-url", "Scm-Connection", "Scm-Revision", "Scm-Url", "Service-Component", "Specification-Title", "Specification-Vendor", "Specification-Version", "System-Properties", "Tool", "Trusted-Library", "X-Compile-Source-JDK", "X-Compile-Target-JDK"] {}
[INFO ] 2019-02-17T10:52:55,037Z [main] BasicInfo.printBasicNodeInfo - Logs can be found in                    : /home/anixon604/dev/samples/cordapp-example/java-source/build/nodes/Buyer/logs {}
[INFO ] 2019-02-17T10:52:55,481Z [main] config.ConfigHelper.loadConfig - Config:
{
    # reference.conf @ jar:file:/home/anixon604/dev/samples/cordapp-example/java-source/build/nodes/Buyer/corda.jar!/reference.conf: 20
    "activeMQServer" : {
        # reference.conf @ jar:file:/home/anixon604/dev/samples/cordapp-example/java-source/build/nodes/Buyer/corda.jar!/reference.conf: 21
        "bridge" : {
            # reference.conf @ jar:file:/home/anixon604/dev/samples/cordapp-example/java-source/build/nodes/Buyer/corda.jar!/reference.conf: 24
            "maxRetryIntervalMin" : 3,
            # reference.conf @ jar:file:/home/anixon604/dev/samples/cordapp-example/java-source/build/nodes/Buyer/corda.jar!/reference.conf: 22
            "retryIntervalMs" : 5000,
            # reference.conf @ jar:file:/home/anixon604/dev/samples/cordapp-example/java-source/build/nodes/Buyer/corda.jar!/reference.conf: 23
            "retryIntervalMultiplier" : 1.5
        }
    },
    # hardcoded value
    "baseDirectory" : "/home/anixon604/dev/samples/cordapp-example/java-source/build/nodes/Buyer",
    # merge of reference.conf @ jar:file:/home/anixon604/dev/samples/cordapp-example/java-source/build/nodes/Buyer/corda.jar!/reference.conf: 6,reference.conf @ jar:file:/home/anixon604/dev/samples/cordapp-example/java-source/build/nodes/.cache/apps/net.corda.node.Corda_3.3-corda/corda-node-3.3-corda.jar!/reference.conf: 6
    "dataSourceProperties" : {
        # reference.conf @ jar:file:/home/anixon604/dev/samples/cordapp-example/java-source/build/nodes/Buyer/corda.jar!/reference.conf: 10
        "dataSource.password" : "",
        # merge of reference.conf @ jar:file:/home/anixon604/dev/samples/cordapp-example/java-source/build/nodes/Buyer/corda.jar!/reference.conf: 8,hardcoded value,reference.conf @ jar:file:/home/anixon604/dev/samples/cordapp-example/java-source/build/nodes/Buyer/corda.jar!/reference.conf: 8,reference.conf @ jar:file:/home/anixon604/dev/samples/cordapp-example/java-source/build/nodes/Buyer/corda.jar!/reference.conf: 17
        "dataSource.url" : "jdbc:h2:file:/home/anixon604/dev/samples/cordapp-example/java-source/build/nodes/Buyer/persistence;DB_CLOSE_ON_EXIT=FALSE;LOCK_TIMEOUT=10000;WRITE_DELAY=100;AUTO_SERVER_PORT=0",
        # reference.conf @ jar:file:/home/anixon604/dev/samples/cordapp-example/java-source/build/nodes/Buyer/corda.jar!/reference.conf: 9
        "dataSource.user" : "sa",
        # reference.conf @ jar:file:/home/anixon604/dev/samples/cordapp-example/java-source/build/nodes/Buyer/corda.jar!/reference.conf: 7
        "dataSourceClassName" : "org.h2.jdbcx.JdbcDataSource"
    },
    # reference.conf @ jar:file:/home/anixon604/dev/samples/cordapp-example/java-source/build/nodes/Buyer/corda.jar!/reference.conf: 12
    "database" : {
        # reference.conf @ jar:file:/home/anixon604/dev/samples/cordapp-example/java-source/build/nodes/Buyer/corda.jar!/reference.conf: 14
        "exportHibernateJMXStatistics" : "false",
        # reference.conf @ jar:file:/home/anixon604/dev/samples/cordapp-example/java-source/build/nodes/Buyer/corda.jar!/reference.conf: 13
        "transactionIsolationLevel" : "REPEATABLE_READ"
    },
    # reference.conf @ jar:file:/home/anixon604/dev/samples/cordapp-example/java-source/build/nodes/Buyer/corda.jar!/reference.conf: 16
    "devMode" : true,
    # reference.conf @ jar:file:/home/anixon604/dev/samples/cordapp-example/java-source/build/nodes/Buyer/corda.jar!/reference.conf: 2
    "emailAddress" : "admin@company.com",
    # reference.conf @ jar:file:/home/anixon604/dev/samples/cordapp-example/java-source/build/nodes/Buyer/corda.jar!/reference.conf: 3
    "exportJMXto" : "http",
    # reference.conf @ jar:file:/home/anixon604/dev/samples/cordapp-example/java-source/build/nodes/Buyer/corda.jar!/reference.conf: 31
    "flowTimeout" : {
        # reference.conf @ jar:file:/home/anixon604/dev/samples/cordapp-example/java-source/build/nodes/Buyer/corda.jar!/reference.conf: 34
        "backoffBase" : 1.8,
        # reference.conf @ jar:file:/home/anixon604/dev/samples/cordapp-example/java-source/build/nodes/Buyer/corda.jar!/reference.conf: 33
        "maxRestartCount" : 5,
        # reference.conf @ jar:file:/home/anixon604/dev/samples/cordapp-example/java-source/build/nodes/Buyer/corda.jar!/reference.conf: 32
        "timeout" : "30 seconds"
    },
    # reference.conf @ jar:file:/home/anixon604/dev/samples/cordapp-example/java-source/build/nodes/Buyer/corda.jar!/reference.conf: 17
    "h2port" : 0,
    # reference.conf @ jar:file:/home/anixon604/dev/samples/cordapp-example/java-source/build/nodes/Buyer/corda.jar!/reference.conf: 4
    "keyStorePassword" : "cordacadevpass",
    # /home/anixon604/dev/samples/cordapp-example/java-source/build/nodes/Buyer/node.conf: 1
    "myLegalName" : "O=Buyer,L=New York,C=US",
    # hardcoded value
    "noLocalShell" : false,
    # /home/anixon604/dev/samples/cordapp-example/java-source/build/nodes/Buyer/node.conf: 2
    "p2pAddress" : "localhost:10010",
    # merge of /home/anixon604/dev/samples/cordapp-example/java-source/build/nodes/Buyer/node.conf: 3,reference.conf @ jar:file:/home/anixon604/dev/samples/cordapp-example/java-source/build/nodes/Buyer/corda.jar!/reference.conf: 27
    "rpcSettings" : {
        # /home/anixon604/dev/samples/cordapp-example/java-source/build/nodes/Buyer/node.conf: 4
        "address" : "localhost:10011",
        # /home/anixon604/dev/samples/cordapp-example/java-source/build/nodes/Buyer/node.conf: 5
        "adminAddress" : "localhost:10051",
        # reference.conf @ jar:file:/home/anixon604/dev/samples/cordapp-example/java-source/build/nodes/Buyer/corda.jar!/reference.conf: 29
        "standAloneBroker" : false,
        # reference.conf @ jar:file:/home/anixon604/dev/samples/cordapp-example/java-source/build/nodes/Buyer/corda.jar!/reference.conf: 28
        "useSsl" : false
    },
    # /home/anixon604/dev/samples/cordapp-example/java-source/build/nodes/Buyer/node.conf: 7
    "rpcUsers" : [
        # /home/anixon604/dev/samples/cordapp-example/java-source/build/nodes/Buyer/node.conf: 8
        {
            # /home/anixon604/dev/samples/cordapp-example/java-source/build/nodes/Buyer/node.conf: 9
            "password" : "test",
            # /home/anixon604/dev/samples/cordapp-example/java-source/build/nodes/Buyer/node.conf: 10
            "permissions" : [
                # /home/anixon604/dev/samples/cordapp-example/java-source/build/nodes/Buyer/node.conf: 11
                "ALL"
            ],
            # /home/anixon604/dev/samples/cordapp-example/java-source/build/nodes/Buyer/node.conf: 13
            "user" : "user1"
        }
    ],
    # reference.conf @ jar:file:/home/anixon604/dev/samples/cordapp-example/java-source/build/nodes/Buyer/corda.jar!/reference.conf: 5
    "trustStorePassword" : "trustpass",
    # reference.conf @ jar:file:/home/anixon604/dev/samples/cordapp-example/java-source/build/nodes/Buyer/corda.jar!/reference.conf: 18
    "useTestClock" : false,
    # reference.conf @ jar:file:/home/anixon604/dev/samples/cordapp-example/java-source/build/nodes/Buyer/corda.jar!/reference.conf: 19
    "verifierType" : "InMemory",
    # /home/anixon604/dev/samples/cordapp-example/java-source/build/nodes/Buyer/node.conf: 16
    "webAddress" : "localhost:10012"
}
 {}
[WARN ] 2019-02-17T10:52:57,591Z [main] internal.config.defaultToOldPath - Config key user has been deprecated and will be removed in a future release. Use username instead {}
[INFO ] 2019-02-17T10:52:57,730Z [main] internal.Node.logStartupInfo - Vendor: Corda Open Source {}
[INFO ] 2019-02-17T10:52:57,730Z [main] internal.Node.logStartupInfo - Release: 3.3-corda {}
[INFO ] 2019-02-17T10:52:57,730Z [main] internal.Node.logStartupInfo - Platform Version: 3 {}
[INFO ] 2019-02-17T10:52:57,730Z [main] internal.Node.logStartupInfo - Revision: c834162cd488784a0412bba4c9e638da89912ac2 {}
[INFO ] 2019-02-17T10:52:57,731Z [main] internal.Node.logStartupInfo - PID: 11424 {}
[INFO ] 2019-02-17T10:52:57,738Z [main] internal.Node.logStartupInfo - Main class: /home/anixon604/dev/samples/cordapp-example/java-source/build/nodes/.cache/apps/net.corda.node.Corda_3.3-corda/corda-node-3.3-corda.jar {}
[INFO ] 2019-02-17T10:52:57,741Z [main] internal.Node.logStartupInfo - CommandLine Args: -Xmx200m -XX:+UseG1GC -javaagent:/home/anixon604/dev/samples/cordapp-example/java-source/build/nodes/.cache/apps/net.corda.node.Corda_3.3-corda/quasar-core-0.7.9-jdk8.jar=x(antlr**;bftsmart**;ch**;co.paralleluniverse**;com.codahale**;com.esotericsoftware**;com.fasterxml**;com.google**;com.ibm**;com.intellij**;com.jcabi**;com.nhaarman**;com.opengamma**;com.typesafe**;com.zaxxer**;de.javakaffee**;groovy**;groovyjarjarantlr**;groovyjarjarasm**;io.atomix**;io.github**;io.netty**;jdk**;joptsimple**;junit**;kotlin**;net.bytebuddy**;net.i2p**;org.apache**;org.assertj**;org.bouncycastle**;org.codehaus**;org.crsh**;org.dom4j**;org.fusesource**;org.h2**;org.hamcrest**;org.hibernate**;org.jboss**;org.jcp**;org.joda**;org.junit**;org.mockito**;org.objectweb**;org.objenesis**;org.slf4j**;org.w3c**;org.xml**;org.yaml**;reflectasm**;rx**;org.jolokia**) -Dvisualvm.display.name=Corda -Djava.library.path=/usr/java/packages/lib/amd64:/usr/lib64:/lib64:/lib:/usr/lib:/home/anixon604/dev/samples/cordapp-example/java-source/build/nodes/.cache/apps/net.corda.node.Corda_3.3-corda -Dcapsule.app=net.corda.node.Corda_3.3-corda -Dcapsule.dir=/home/anixon604/dev/samples/cordapp-example/java-source/build/nodes/.cache/apps/net.corda.node.Corda_3.3-corda -Dcapsule.jar=/home/anixon604/dev/samples/cordapp-example/java-source/build/nodes/Buyer/corda.jar {}
[INFO ] 2019-02-17T10:52:57,742Z [main] internal.Node.logStartupInfo - Application Args: --just-generate-node-info {}
[INFO ] 2019-02-17T10:52:57,742Z [main] internal.Node.logStartupInfo - bootclasspath: /usr/lib/jvm/java-8-oracle/jre/lib/resources.jar:/usr/lib/jvm/java-8-oracle/jre/lib/rt.jar:/usr/lib/jvm/java-8-oracle/jre/lib/sunrsasign.jar:/usr/lib/jvm/java-8-oracle/jre/lib/jsse.jar:/usr/lib/jvm/java-8-oracle/jre/lib/jce.jar:/usr/lib/jvm/java-8-oracle/jre/lib/charsets.jar:/usr/lib/jvm/java-8-oracle/jre/lib/jfr.jar:/usr/lib/jvm/java-8-oracle/jre/classes {}
[INFO ] 2019-02-17T10:52:57,743Z [main] internal.Node.logStartupInfo - classpath: /home/anixon604/dev/samples/cordapp-example/java-source/build/nodes/Buyer/corda.jar:/home/anixon604/dev/samples/cordapp-example/java-source/build/nodes/.cache/apps/net.corda.node.Corda_3.3-corda/corda-rpc-3.3-corda.jar:/home/anixon604/dev/samples/cordapp-example/java-source/build/nodes/.cache/apps/net.corda.node.Corda_3.3-corda/corda-node-api-3.3-corda.jar:/home/anixon604/dev/samples/cordapp-example/java-source/build/nodes/.cache/apps/net.corda.node.Corda_3.3-corda/corda-confidential-identities-3.3-corda.jar:/home/anixon604/dev/samples/cordapp-example/java-source/build/nodes/.cache/apps/net.corda.node.Corda_3.3-corda/cordform-common-3.2.1.jar:/home/anixon604/dev/samples/cordapp-example/java-source/build/nodes/.cache/apps/net.corda.node.Corda_3.3-corda/log4j-slf4j-impl-2.9.1.jar:/home/anixon604/dev/samples/cordapp-example/java-source/build/nodes/.cache/apps/net.corda.node.Corda_3.3-corda/log4j-web-2.9.1.jar:/home/anixon604/dev/samples/cordapp-example/java-source/build/nodes/.cache/apps/net.corda.node.Corda_3.3-corda/jul-to-slf4j-1.7.25.jar:/home/anixon604/dev/samples/cordapp-example/java-source/build/nodes/.cache/apps/net.corda.node.Corda_3.3-corda/corda-jackson-3.3-corda.jar:/home/anixon604/dev/samples/cordapp-example/java-source/build/nodes/.cache/apps/net.corda.node.Corda_3.3-corda/corda-core-3.3-corda.jar:/home/anixon604/dev/samples/cordapp-example/java-source/build/nodes/.cache/apps/net.corda.node.Corda_3.3-corda/kotlin-stdlib-jre8-1.1.60.jar:/home/anixon604/dev/samples/cordapp-example/java-source/build/nodes/.cache/apps/net.corda.node.Corda_3.3-corda/jackson-module-kotlin-2.9.2.jar:/home/anixon604/dev/samples/cordapp-example/java-source/build/nodes/.cache/apps/net.corda.node.Corda_3.3-corda/kotlin-reflect-1.1.60.jar:/home/anixon604/dev/samples/cordapp-example/java-source/build/nodes/.cache/apps/net.corda.node.Corda_3.3-corda/jimfs-1.1.jar:/home/anixon604/dev/samples/cordapp-example/java-source/build/nodes/.cache/apps/net.corda.node.Corda_3.3-corda/artemis-amqp-protocol-2.2.0.jar:/home/anixon604/dev/samples/cordapp-example/java-source/build/nodes/.cache/apps/net.corda.node.Corda_3.3-corda/artemis-server-2.2.0.jar:/home/anixon604/dev/samples/cordapp-example/java-source/build/nodes/.cache/apps/net.corda.node.Corda_3.3-corda/artemis-jdbc-store-2.2.0.jar:/home/anixon604/dev/samples/cordapp-example/java-source/build/nodes/.cache/apps/net.corda.node.Corda_3.3-corda/artemis-jms-client-2.2.0.jar:/home/anixon604/dev/samples/cordapp-example/java-source/build/nodes/.cache/apps/net.corda.node.Corda_3.3-corda/artemis-core-client-2.2.0.jar:/home/anixon604/dev/samples/cordapp-example/java-source/build/nodes/.cache/apps/net.corda.node.Corda_3.3-corda/artemis-journal-2.2.0.jar:/home/anixon604/dev/samples/cordapp-example/java-source/build/nodes/.cache/apps/net.corda.node.Corda_3.3-corda/artemis-commons-2.2.0.jar:/home/anixon604/dev/samples/cordapp-example/java-source/build/nodes/.cache/apps/net.corda.node.Corda_3.3-corda/guava-21.0.jar:/home/anixon604/dev/samples/cordapp-example/java-source/build/nodes/.cache/apps/net.corda.node.Corda_3.3-corda/jopt-simple-5.0.2.jar:/home/anixon604/dev/samples/cordapp-example/java-source/build/nodes/.cache/apps/net.corda.node.Corda_3.3-corda/commons-collections4-4.1.jar:/home/anixon604/dev/samples/cordapp-example/java-source/build/nodes/.cache/apps/net.corda.node.Corda_3.3-corda/shiro-core-1.4.0.jar:/home/anixon604/dev/samples/cordapp-example/java-source/build/nodes/.cache/apps/net.corda.node.Corda_3.3-corda/shiro-config-ogdl-1.4.0.jar:/home/anixon604/dev/samples/cordapp-example/java-source/build/nodes/.cache/apps/net.corda.node.Corda_3.3-corda/commons-beanutils-1.9.3.jar:/home/anixon604/dev/samples/cordapp-example/java-source/build/nodes/.cache/apps/net.corda.node.Corda_3.3-corda/jansi-1.14.jar:/home/anixon604/dev/samples/cordapp-example/java-source/build/nodes/.cache/apps/net.corda.node.Corda_3.3-corda/jcabi-manifests-1.1.jar:/home/anixon604/dev/samples/cordapp-example/java-source/build/nodes/.cache/apps/net.corda.node.Corda_3.3-corda/forms_rt-7.0.3.jar:/home/anixon604/dev/samples/cordapp-example/java-source/build/nodes/.cache/apps/net.corda.node.Corda_3.3-corda/metrics-core-3.1.2.jar:/home/anixon604/dev/samples/cordapp-example/java-source/build/nodes/.cache/apps/net.corda.node.Corda_3.3-corda/config-1.3.1.jar:/home/anixon604/dev/samples/cordapp-example/java-source/build/nodes/.cache/apps/net.corda.node.Corda_3.3-corda/h2-1.4.194.jar:/home/anixon604/dev/samples/cordapp-example/java-source/build/nodes/.cache/apps/net.corda.node.Corda_3.3-corda/postgresql-42.1.4.jar:/home/anixon604/dev/samples/cordapp-example/java-source/build/nodes/.cache/apps/net.corda.node.Corda_3.3-corda/HikariCP-2.5.1.jar:/home/anixon604/dev/samples/cordapp-example/java-source/build/nodes/.cache/apps/net.corda.node.Corda_3.3-corda/hibernate-java8-5.2.6.Final.jar:/home/anixon604/dev/samples/cordapp-example/java-source/build/nodes/.cache/apps/net.corda.node.Corda_3.3-corda/hibernate-core-5.2.6.Final.jar:/home/anixon604/dev/samples/cordapp-example/java-source/build/nodes/.cache/apps/net.corda.node.Corda_3.3-corda/copycat-client-1.2.3.jar:/home/anixon604/dev/samples/cordapp-example/java-source/build/nodes/.cache/apps/net.corda.node.Corda_3.3-corda/copycat-server-1.2.3.jar:/home/anixon604/dev/samples/cordapp-example/java-source/build/nodes/.cache/apps/net.corda.node.Corda_3.3-corda/catalyst-netty-1.1.2.jar:/home/anixon604/dev/samples/cordapp-example/java-source/build/nodes/.cache/apps/net.corda.node.Corda_3.3-corda/netty-all-4.1.9.Final.jar:/home/anixon604/dev/samples/cordapp-example/java-source/build/nodes/.cache/apps/net.corda.node.Corda_3.3-corda/crash.connectors.ssh-cadb53544fbb3c0fb901445da614998a6a419488.jar:/home/anixon604/dev/samples/cordapp-example/java-source/build/nodes/.cache/apps/net.corda.node.Corda_3.3-corda/crash.shell-cadb53544fbb3c0fb901445da614998a6a419488.jar:/home/anixon604/dev/samples/cordapp-example/java-source/build/nodes/.cache/apps/net.corda.node.Corda_3.3-corda/okhttp-3.5.0.jar:/home/anixon604/dev/samples/cordapp-example/java-source/build/nodes/.cache/apps/net.corda.node.Corda_3.3-corda/commons-codec-1.10.jar:/home/anixon604/dev/samples/cordapp-example/java-source/build/nodes/.cache/apps/net.corda.node.Corda_3.3-corda/library-master-v1.1-beta-g6215ec8-87.jar:/home/anixon604/dev/samples/cordapp-example/java-source/build/nodes/.cache/apps/net.corda.node.Corda_3.3-corda/jolokia-jvm-1.6.0-agent.jar:/home/anixon604/dev/samples/cordapp-example/java-source/build/nodes/.cache/apps/net.corda.node.Corda_3.3-corda/quasar-core-0.7.9-jdk8.jar:/home/anixon604/dev/samples/cordapp-example/java-source/build/nodes/.cache/apps/net.corda.node.Corda_3.3-corda/commons-fileupload-1.3.3.jar:/home/anixon604/dev/samples/cordapp-example/java-source/build/nodes/.cache/apps/net.corda.node.Corda_3.3-corda/kryo-serializers-0.41.jar:/home/anixon604/dev/samples/cordapp-example/java-source/build/nodes/.cache/apps/net.corda.node.Corda_3.3-corda/kryo-4.0.0.jar:/home/anixon604/dev/samples/cordapp-example/java-source/build/nodes/.cache/apps/net.corda.node.Corda_3.3-corda/proton-j-0.21.0.jar:/home/anixon604/dev/samples/cordapp-example/java-source/build/nodes/.cache/apps/net.corda.node.Corda_3.3-corda/fast-classpath-scanner-2.12.3.jar:/home/anixon604/dev/samples/cordapp-example/java-source/build/nodes/.cache/apps/net.corda.node.Corda_3.3-corda/jsr305-3.0.2.jar:/home/anixon604/dev/samples/cordapp-example/java-source/build/nodes/.cache/apps/net.corda.node.Corda_3.3-corda/jcabi-log-0.14.jar:/home/anixon604/dev/samples/cordapp-example/java-source/build/nodes/.cache/apps/net.corda.node.Corda_3.3-corda/copycat-protocol-1.2.3.jar:/home/anixon604/dev/samples/cordapp-example/java-source/build/nodes/.cache/apps/net.corda.node.Corda_3.3-corda/catalyst-transport-1.1.2.jar:/home/anixon604/dev/samples/cordapp-example/java-source/build/nodes/.cache/apps/net.corda.node.Corda_3.3-corda/mina-core-2.0.16.jar:/home/anixon604/dev/samples/cordapp-example/java-source/build/nodes/.cache/apps/net.corda.node.Corda_3.3-corda/shiro-cache-1.4.0.jar:/home/anixon604/dev/samples/cordapp-example/java-source/build/nodes/.cache/apps/net.corda.node.Corda_3.3-corda/shiro-crypto-hash-1.4.0.jar:/home/anixon604/dev/samples/cordapp-example/java-source/build/nodes/.cache/apps/net.corda.node.Corda_3.3-corda/shiro-crypto-cipher-1.4.0.jar:/home/anixon604/dev/samples/cordapp-example/java-source/build/nodes/.cache/apps/net.corda.node.Corda_3.3-corda/shiro-config-core-1.4.0.jar:/home/anixon604/dev/samples/cordapp-example/java-source/build/nodes/.cache/apps/net.corda.node.Corda_3.3-corda/shiro-event-1.4.0.jar:/home/anixon604/dev/samples/cordapp-example/java-source/build/nodes/.cache/apps/net.corda.node.Corda_3.3-corda/shiro-crypto-core-1.4.0.jar:/home/anixon604/dev/samples/cordapp-example/java-source/build/nodes/.cache/apps/net.corda.node.Corda_3.3-corda/shiro-lang-1.4.0.jar:/home/anixon604/dev/samples/cordapp-example/java-source/build/nodes/.cache/apps/net.corda.node.Corda_3.3-corda/jcl-over-slf4j-1.7.25.jar:/home/anixon604/dev/samples/cordapp-example/java-source/build/nodes/.cache/apps/net.corda.node.Corda_3.3-corda/catalyst-concurrent-1.1.2.jar:/home/anixon604/dev/samples/cordapp-example/java-source/build/nodes/.cache/apps/net.corda.node.Corda_3.3-corda/catalyst-serializer-1.1.2.jar:/home/anixon604/dev/samples/cordapp-example/java-source/build/nodes/.cache/apps/net.corda.node.Corda_3.3-corda/catalyst-buffer-1.1.2.jar:/home/anixon604/dev/samples/cordapp-example/java-source/build/nodes/.cache/apps/net.corda.node.Corda_3.3-corda/catalyst-common-1.1.2.jar:/home/anixon604/dev/samples/cordapp-example/java-source/build/nodes/.cache/apps/net.corda.node.Corda_3.3-corda/sshd-pam-0.11.0.jar:/home/anixon604/dev/samples/cordapp-example/java-source/build/nodes/.cache/apps/net.corda.node.Corda_3.3-corda/sshd-core-1.6.0.jar:/home/anixon604/dev/samples/cordapp-example/java-source/build/nodes/.cache/apps/net.corda.node.Corda_3.3-corda/slf4j-api-1.7.25.jar:/home/anixon604/dev/samples/cordapp-example/java-source/build/nodes/.cache/apps/net.corda.node.Corda_3.3-corda/log4j-core-2.9.1.jar:/home/anixon604/dev/samples/cordapp-example/java-source/build/nodes/.cache/apps/net.corda.node.Corda_3.3-corda/log4j-api-2.9.1.jar:/home/anixon604/dev/samples/cordapp-example/java-source/build/nodes/.cache/apps/net.corda.node.Corda_3.3-corda/kotlin-stdlib-jre7-1.1.60.jar:/home/anixon604/dev/samples/cordapp-example/java-source/build/nodes/.cache/apps/net.corda.node.Corda_3.3-corda/kotlin-stdlib-1.1.60.jar:/home/anixon604/dev/samples/cordapp-example/java-source/build/nodes/.cache/apps/net.corda.node.Corda_3.3-corda/commons-collections-3.2.2.jar:/home/anixon604/dev/samples/cordapp-example/java-source/build/nodes/.cache/apps/net.corda.node.Corda_3.3-corda/hibernate-commons-annotations-5.0.1.Final.jar:/home/anixon604/dev/samples/cordapp-example/java-source/build/nodes/.cache/apps/net.corda.node.Corda_3.3-corda/artemis-native-2.2.0.jar:/home/anixon604/dev/samples/cordapp-example/java-source/build/nodes/.cache/apps/net.corda.node.Corda_3.3-corda/jboss-logging-3.3.0.Final.jar:/home/anixon604/dev/samples/cordapp-example/java-source/build/nodes/.cache/apps/net.corda.node.Corda_3.3-corda/artemis-selector-2.2.0.jar:/home/anixon604/dev/samples/cordapp-example/java-source/build/nodes/.cache/apps/net.corda.node.Corda_3.3-corda/jgroups-3.6.13.Final.jar:/home/anixon604/dev/samples/cordapp-example/java-source/build/nodes/.cache/apps/net.corda.node.Corda_3.3-corda/geronimo-json_1.0_spec-1.0-alpha-1.jar:/home/anixon604/dev/samples/cordapp-example/java-source/build/nodes/.cache/apps/net.corda.node.Corda_3.3-corda/johnzon-core-0.9.5.jar:/home/anixon604/dev/samples/cordapp-example/java-source/build/nodes/.cache/apps/net.corda.node.Corda_3.3-corda/forms-1.1-preview.jar:/home/anixon604/dev/samples/cordapp-example/java-source/build/nodes/.cache/apps/net.corda.node.Corda_3.3-corda/jdom-1.0.jar:/home/anixon604/dev/samples/cordapp-example/java-source/build/nodes/.cache/apps/net.corda.node.Corda_3.3-corda/jackson-dataformat-yaml-2.9.2.jar:/home/anixon604/dev/samples/cordapp-example/java-source/build/nodes/.cache/apps/net.corda.node.Corda_3.3-corda/jackson-datatype-jsr310-2.9.2.jar:/home/anixon604/dev/samples/cordapp-example/java-source/build/nodes/.cache/apps/net.corda.node.Corda_3.3-corda/hibernate-jpa-2.1-api-1.0.0.Final.jar:/home/anixon604/dev/samples/cordapp-example/java-source/build/nodes/.cache/apps/net.corda.node.Corda_3.3-corda/javassist-3.20.0-GA.jar:/home/anixon604/dev/samples/cordapp-example/java-source/build/nodes/.cache/apps/net.corda.node.Corda_3.3-corda/antlr-2.7.7.jar:/home/anixon604/dev/samples/cordapp-example/java-source/build/nodes/.cache/apps/net.corda.node.Corda_3.3-corda/geronimo-jta_1.1_spec-1.1.1.jar:/home/anixon604/dev/samples/cordapp-example/java-source/build/nodes/.cache/apps/net.corda.node.Corda_3.3-corda/jandex-2.0.3.Final.jar:/home/anixon604/dev/samples/cordapp-example/java-source/build/nodes/.cache/apps/net.corda.node.Corda_3.3-corda/classmate-1.3.0.jar:/home/anixon604/dev/samples/cordapp-example/java-source/build/nodes/.cache/apps/net.corda.node.Corda_3.3-corda/dom4j-1.6.1.jar:/home/anixon604/dev/samples/cordapp-example/java-source/build/nodes/.cache/apps/net.corda.node.Corda_3.3-corda/cdi-api-1.1.jar:/home/anixon604/dev/samples/cordapp-example/java-source/build/nodes/.cache/apps/net.corda.node.Corda_3.3-corda/crash.cli-cadb53544fbb3c0fb901445da614998a6a419488.jar:/home/anixon604/dev/samples/cordapp-example/java-source/build/nodes/.cache/apps/net.corda.node.Corda_3.3-corda/groovy-all-1.8.9.jar:/home/anixon604/dev/samples/cordapp-example/java-source/build/nodes/.cache/apps/net.corda.node.Corda_3.3-corda/okio-1.11.0.jar:/home/anixon604/dev/samples/cordapp-example/java-source/build/nodes/.cache/apps/net.corda.node.Corda_3.3-corda/jolokia-core-1.6.0.jar:/home/anixon604/dev/samples/cordapp-example/java-source/build/nodes/.cache/apps/net.corda.node.Corda_3.3-corda/json-simple-1.1.1.jar:/home/anixon604/dev/samples/cordapp-example/java-source/build/nodes/.cache/apps/net.corda.node.Corda_3.3-corda/rxjava-1.2.4.jar:/home/anixon604/dev/samples/cordapp-example/java-source/build/nodes/.cache/apps/net.corda.node.Corda_3.3-corda/commons-jexl3-3.0.jar:/home/anixon604/dev/samples/cordapp-example/java-source/build/nodes/.cache/apps/net.corda.node.Corda_3.3-corda/jackson-databind-2.9.2.jar:/home/anixon604/dev/samples/cordapp-example/java-source/build/nodes/.cache/apps/net.corda.node.Corda_3.3-corda/eddsa-0.2.0.jar:/home/anixon604/dev/samples/cordapp-example/java-source/build/nodes/.cache/apps/net.corda.node.Corda_3.3-corda/bcpkix-jdk15on-1.57.jar:/home/anixon604/dev/samples/cordapp-example/java-source/build/nodes/.cache/apps/net.corda.node.Corda_3.3-corda/bcprov-jdk15on-1.57.jar:/home/anixon604/dev/samples/cordapp-example/java-source/build/nodes/.cache/apps/net.corda.node.Corda_3.3-corda/commons-io-2.2.jar:/home/anixon604/dev/samples/cordapp-example/java-source/build/nodes/.cache/apps/net.corda.node.Corda_3.3-corda/reflectasm-1.11.3.jar:/home/anixon604/dev/samples/cordapp-example/java-source/build/nodes/.cache/apps/net.corda.node.Corda_3.3-corda/minlog-1.3.0.jar:/home/anixon604/dev/samples/cordapp-example/java-source/build/nodes/.cache/apps/net.corda.node.Corda_3.3-corda/objenesis-2.2.jar:/home/anixon604/dev/samples/cordapp-example/java-source/build/nodes/.cache/apps/net.corda.node.Corda_3.3-corda/annotations-13.0.jar:/home/anixon604/dev/samples/cordapp-example/java-source/build/nodes/.cache/apps/net.corda.node.Corda_3.3-corda/jackson-annotations-2.9.0.jar:/home/anixon604/dev/samples/cordapp-example/java-source/build/nodes/.cache/apps/net.corda.node.Corda_3.3-corda/snakeyaml-1.18.jar:/home/anixon604/dev/samples/cordapp-example/java-source/build/nodes/.cache/apps/net.corda.node.Corda_3.3-corda/jackson-core-2.9.2.jar:/home/anixon604/dev/samples/cordapp-example/java-source/build/nodes/.cache/apps/net.corda.node.Corda_3.3-corda/el-api-2.2.jar:/home/anixon604/dev/samples/cordapp-example/java-source/build/nodes/.cache/apps/net.corda.node.Corda_3.3-corda/jboss-interceptors-api_1.1_spec-1.0.0.Beta1.jar:/home/anixon604/dev/samples/cordapp-example/java-source/build/nodes/.cache/apps/net.corda.node.Corda_3.3-corda/jsr250-api-1.0.jar:/home/anixon604/dev/samples/cordapp-example/java-source/build/nodes/.cache/apps/net.corda.node.Corda_3.3-corda/javax.inject-1.jar:/home/anixon604/dev/samples/cordapp-example/java-source/build/nodes/.cache/apps/net.corda.node.Corda_3.3-corda/jpam-1.1.jar:/home/anixon604/dev/samples/cordapp-example/java-source/build/nodes/.cache/apps/net.corda.node.Corda_3.3-corda/geronimo-jms_2.0_spec-1.0-alpha-2.jar:/home/anixon604/dev/samples/cordapp-example/java-source/build/nodes/.cache/apps/net.corda.node.Corda_3.3-corda/asm-5.0.4.jar:/home/anixon604/dev/samples/cordapp-example/java-source/build/nodes/.cache/apps/net.corda.node.Corda_3.3-corda/corda-node-3.3-corda.jar:/home/anixon604/dev/samples/cordapp-example/java-source/build/nodes/.cache/apps/net.corda.node.Corda_3.3-corda/quasar-core-0.7.9-jdk8.jar {}
[INFO ] 2019-02-17T10:52:57,752Z [main] internal.Node.logStartupInfo - VM Java HotSpot(TM) 64-Bit Server VM Oracle Corporation 25.201-b09 {}
[INFO ] 2019-02-17T10:52:57,752Z [main] internal.Node.logStartupInfo - Machine: nixT480s {}
[INFO ] 2019-02-17T10:52:57,753Z [main] internal.Node.logStartupInfo - Working Directory: /home/anixon604/dev/samples/cordapp-example/java-source/build/nodes/Buyer {}
[INFO ] 2019-02-17T10:52:57,753Z [main] internal.Node.logStartupInfo - Starting as node on localhost:10010 {}
[INFO ] 2019-02-17T10:52:58,011Z [main] cordapp.CordappLoader.<init> - No CorDapp paths provided {}
[INFO ] 2019-02-17T10:52:58,450Z [main] internal.Node.generateAndSaveNodeInfo - Generating nodeInfo ... {}
[WARN ] 2019-02-17T10:52:58,451Z [main] internal.Node.initCertificate - Corda node is running in dev mode. {}
[INFO ] 2019-02-17T10:53:00,026Z [main] internal.Node.obtainIdentity - identity-private-key not found in key store /home/anixon604/dev/samples/cordapp-example/java-source/build/nodes/Buyer/certificates/nodekeystore.jks, generating fresh key! {}
[INFO ] 2019-02-17T10:53:00,553Z [main] BasicInfo.printBasicNodeInfo - Database connection url is              : jdbc:h2:tcp://127.0.1.1:43501/node {}
[INFO ] 2019-02-17T10:53:00,751Z [main] hikari.HikariDataSource.<init> - HikariPool-1 - Started. {}
[INFO ] 2019-02-17T10:53:01,339Z [main] internal.Node.invoke - Connected to H2 database. {}
[INFO ] 2019-02-17T10:53:01,398Z [main] persistence.HibernateConfiguration.<init> - Init HibernateConfiguration for schemas: [CommonSchemaV1(name=net.corda.core.schemas.CommonSchema, version=1), VaultSchemaV1(name=net.corda.node.services.vault.VaultSchema, version=1), NodeInfoSchemaV1(name=net.corda.node.internal.schemas.NodeInfoSchema, version=1), NodeCoreV1(name=net.corda.node.services.schema.NodeSchemaService$NodeCore, version=1)] {}
[INFO ] 2019-02-17T10:53:01,400Z [main] persistence.HibernateConfiguration.makeSessionFactoryForSchemas - Creating session factory for schemas: [CommonSchemaV1(name=net.corda.core.schemas.CommonSchema, version=1), VaultSchemaV1(name=net.corda.node.services.vault.VaultSchema, version=1), NodeInfoSchemaV1(name=net.corda.node.internal.schemas.NodeInfoSchema, version=1), NodeCoreV1(name=net.corda.node.services.schema.NodeSchemaService$NodeCore, version=1)] {}
[INFO ] 2019-02-17T10:53:01,628Z [main] hibernate.Version.logVersion - HHH000412: Hibernate Core {5.2.6.Final} {}
[INFO ] 2019-02-17T10:53:01,630Z [main] cfg.Environment.<clinit> - HHH000206: hibernate.properties not found {}
[INFO ] 2019-02-17T10:53:01,705Z [main] common.Version.<clinit> - HCANN000001: Hibernate Commons Annotations {5.0.1.Final} {}
[INFO ] 2019-02-17T10:53:01,883Z [main] internal.ConnectionProviderInitiator.initiateService - HHH000130: Instantiating explicit connection provider: net.corda.nodeapi.internal.persistence.HibernateConfiguration$NodeDatabaseConnectionProvider {}
[INFO ] 2019-02-17T10:53:01,936Z [main] dialect.Dialect.<init> - HHH000400: Using dialect: org.hibernate.dialect.H2Dialect {}
[INFO ] 2019-02-17T10:53:02,096Z [main] type.BasicTypeRegistry.register - HHH000270: Type registration [materialized_blob] overrides previous : org.hibernate.type.MaterializedBlobType@422ab737 {}
[INFO ] 2019-02-17T10:53:05,004Z [main] connections.access.getIsolatedConnection - HHH10001501: Connection obtained from JdbcConnectionAccess [org.hibernate.engine.jdbc.env.internal.JdbcEnvironmentInitiator$ConnectionProviderJdbcConnectionAccess@74f4a2ba] for (non-JTA) DDL execution was not in auto-commit mode; the Connection 'local transaction' will be committed and the Connection will be set into auto-commit mode. {}
[INFO ] 2019-02-17T10:53:05,559Z [main] persistence.HibernateConfiguration.makeSessionFactoryForSchemas - Created session factory for schemas: [CommonSchemaV1(name=net.corda.core.schemas.CommonSchema, version=1), VaultSchemaV1(name=net.corda.node.services.vault.VaultSchema, version=1), NodeInfoSchemaV1(name=net.corda.node.internal.schemas.NodeInfoSchema, version=1), NodeCoreV1(name=net.corda.node.services.schema.NodeSchemaService$NodeCore, version=1)] {}
[INFO ] 2019-02-17T10:53:05,983Z [main] internal.QueryTranslatorFactoryInitiator.initiateService - HHH000397: Using ASTQueryTranslatorFactory {}
[INFO ] 2019-02-17T10:53:06,264Z [main] internal.Node.updateNodeInfo - Node-info has changed so submitting update. Old node-info was null {}
[INFO ] 2019-02-17T10:53:06,266Z [main] network.PersistentNetworkMapCache.addNode - Adding node with info: NodeInfo(addresses=[localhost:10010], legalIdentitiesAndCerts=[O=Buyer, L=New York, C=US], platformVersion=3, serial=1550400786265) {}
[INFO ] 2019-02-17T10:53:06,327Z [main] network.PersistentNetworkMapCache.addNode - No previous node found {}
[INFO ] 2019-02-17T10:53:07,625Z [main] network.PersistentNetworkMapCache.addNode - Done adding node with info: NodeInfo(addresses=[localhost:10010], legalIdentitiesAndCerts=[O=Buyer, L=New York, C=US], platformVersion=3, serial=1550400786265) {}
[INFO ] 2019-02-17T10:53:07,625Z [main] internal.Node.updateNodeInfo - New node-info: NodeInfo(addresses=[localhost:10010], legalIdentitiesAndCerts=[O=Buyer, L=New York, C=US], platformVersion=3, serial=1550400786265) {}
[INFO ] 2019-02-17T10:53:08,070Z [main] internal.Node.run - Node exiting successfully {}
[WARN ] 2019-02-17T10:54:45,545Z [main] internal.config.defaultToOldPath - Config key user has been deprecated and will be removed in a future release. Use username instead {}
[INFO ] 2019-02-17T10:54:45,878Z [main] internal.Node.logStartupInfo - Vendor: Corda Open Source {}
[INFO ] 2019-02-17T10:54:45,879Z [main] internal.Node.logStartupInfo - Release: 3.3-corda {}
[INFO ] 2019-02-17T10:54:45,879Z [main] internal.Node.logStartupInfo - Platform Version: 3 {}
[INFO ] 2019-02-17T10:54:45,879Z [main] internal.Node.logStartupInfo - Revision: c834162cd488784a0412bba4c9e638da89912ac2 {}
[INFO ] 2019-02-17T10:54:45,880Z [main] internal.Node.logStartupInfo - PID: 12537 {}
[INFO ] 2019-02-17T10:54:45,881Z [main] internal.Node.logStartupInfo - Main class: /home/anixon604/.capsule/apps/net.corda.node.Corda_3.3-corda/corda-node-3.3-corda.jar {}
[INFO ] 2019-02-17T10:54:45,881Z [main] internal.Node.logStartupInfo - CommandLine Args: -Xmx200m -XX:+UseG1GC -agentlib:jdwp=transport=dt_socket,server=y,suspend=n,address=5007 -javaagent:drivers/jolokia-jvm-1.3.7-agent.jar=port=7007,logHandlerClass=net.corda.node.JolokiaSlf4Adapter -javaagent:/home/anixon604/.capsule/apps/net.corda.node.Corda_3.3-corda/quasar-core-0.7.9-jdk8.jar=x(antlr**;bftsmart**;ch**;co.paralleluniverse**;com.codahale**;com.esotericsoftware**;com.fasterxml**;com.google**;com.ibm**;com.intellij**;com.jcabi**;com.nhaarman**;com.opengamma**;com.typesafe**;com.zaxxer**;de.javakaffee**;groovy**;groovyjarjarantlr**;groovyjarjarasm**;io.atomix**;io.github**;io.netty**;jdk**;joptsimple**;junit**;kotlin**;net.bytebuddy**;net.i2p**;org.apache**;org.assertj**;org.bouncycastle**;org.codehaus**;org.crsh**;org.dom4j**;org.fusesource**;org.h2**;org.hamcrest**;org.hibernate**;org.jboss**;org.jcp**;org.joda**;org.junit**;org.mockito**;org.objectweb**;org.objenesis**;org.slf4j**;org.w3c**;org.xml**;org.yaml**;reflectasm**;rx**;org.jolokia**) -Dvisualvm.display.name=Corda -Djava.library.path=/usr/java/packages/lib/amd64:/usr/lib64:/lib64:/lib:/usr/lib:/home/anixon604/.capsule/apps/net.corda.node.Corda_3.3-corda -Dcapsule.app=net.corda.node.Corda_3.3-corda -Dname=Buyer-corda.jar -Dcapsule.dir=/home/anixon604/.capsule/apps/net.corda.node.Corda_3.3-corda -Dcapsule.jar=/home/anixon604/dev/samples/cordapp-example/java-source/build/nodes/Buyer/corda.jar {}
[INFO ] 2019-02-17T10:54:45,882Z [main] internal.Node.logStartupInfo - Application Args:  {}
[INFO ] 2019-02-17T10:54:45,883Z [main] internal.Node.logStartupInfo - bootclasspath: /usr/lib/jvm/java-8-oracle/jre/lib/resources.jar:/usr/lib/jvm/java-8-oracle/jre/lib/rt.jar:/usr/lib/jvm/java-8-oracle/jre/lib/sunrsasign.jar:/usr/lib/jvm/java-8-oracle/jre/lib/jsse.jar:/usr/lib/jvm/java-8-oracle/jre/lib/jce.jar:/usr/lib/jvm/java-8-oracle/jre/lib/charsets.jar:/usr/lib/jvm/java-8-oracle/jre/lib/jfr.jar:/usr/lib/jvm/java-8-oracle/jre/classes {}
[INFO ] 2019-02-17T10:54:45,883Z [main] internal.Node.logStartupInfo - classpath: /home/anixon604/dev/samples/cordapp-example/java-source/build/nodes/Buyer/corda.jar:/home/anixon604/.capsule/apps/net.corda.node.Corda_3.3-corda/corda-rpc-3.3-corda.jar:/home/anixon604/.capsule/apps/net.corda.node.Corda_3.3-corda/corda-node-api-3.3-corda.jar:/home/anixon604/.capsule/apps/net.corda.node.Corda_3.3-corda/corda-confidential-identities-3.3-corda.jar:/home/anixon604/.capsule/apps/net.corda.node.Corda_3.3-corda/cordform-common-3.2.1.jar:/home/anixon604/.capsule/apps/net.corda.node.Corda_3.3-corda/log4j-slf4j-impl-2.9.1.jar:/home/anixon604/.capsule/apps/net.corda.node.Corda_3.3-corda/log4j-web-2.9.1.jar:/home/anixon604/.capsule/apps/net.corda.node.Corda_3.3-corda/jul-to-slf4j-1.7.25.jar:/home/anixon604/.capsule/apps/net.corda.node.Corda_3.3-corda/corda-jackson-3.3-corda.jar:/home/anixon604/.capsule/apps/net.corda.node.Corda_3.3-corda/corda-core-3.3-corda.jar:/home/anixon604/.capsule/apps/net.corda.node.Corda_3.3-corda/kotlin-stdlib-jre8-1.1.60.jar:/home/anixon604/.capsule/apps/net.corda.node.Corda_3.3-corda/jackson-module-kotlin-2.9.2.jar:/home/anixon604/.capsule/apps/net.corda.node.Corda_3.3-corda/kotlin-reflect-1.1.60.jar:/home/anixon604/.capsule/apps/net.corda.node.Corda_3.3-corda/jimfs-1.1.jar:/home/anixon604/.capsule/apps/net.corda.node.Corda_3.3-corda/artemis-amqp-protocol-2.2.0.jar:/home/anixon604/.capsule/apps/net.corda.node.Corda_3.3-corda/artemis-server-2.2.0.jar:/home/anixon604/.capsule/apps/net.corda.node.Corda_3.3-corda/artemis-jdbc-store-2.2.0.jar:/home/anixon604/.capsule/apps/net.corda.node.Corda_3.3-corda/artemis-jms-client-2.2.0.jar:/home/anixon604/.capsule/apps/net.corda.node.Corda_3.3-corda/artemis-core-client-2.2.0.jar:/home/anixon604/.capsule/apps/net.corda.node.Corda_3.3-corda/artemis-journal-2.2.0.jar:/home/anixon604/.capsule/apps/net.corda.node.Corda_3.3-corda/artemis-commons-2.2.0.jar:/home/anixon604/.capsule/apps/net.corda.node.Corda_3.3-corda/guava-21.0.jar:/home/anixon604/.capsule/apps/net.corda.node.Corda_3.3-corda/jopt-simple-5.0.2.jar:/home/anixon604/.capsule/apps/net.corda.node.Corda_3.3-corda/commons-collections4-4.1.jar:/home/anixon604/.capsule/apps/net.corda.node.Corda_3.3-corda/shiro-core-1.4.0.jar:/home/anixon604/.capsule/apps/net.corda.node.Corda_3.3-corda/shiro-config-ogdl-1.4.0.jar:/home/anixon604/.capsule/apps/net.corda.node.Corda_3.3-corda/commons-beanutils-1.9.3.jar:/home/anixon604/.capsule/apps/net.corda.node.Corda_3.3-corda/jansi-1.14.jar:/home/anixon604/.capsule/apps/net.corda.node.Corda_3.3-corda/jcabi-manifests-1.1.jar:/home/anixon604/.capsule/apps/net.corda.node.Corda_3.3-corda/forms_rt-7.0.3.jar:/home/anixon604/.capsule/apps/net.corda.node.Corda_3.3-corda/metrics-core-3.1.2.jar:/home/anixon604/.capsule/apps/net.corda.node.Corda_3.3-corda/config-1.3.1.jar:/home/anixon604/.capsule/apps/net.corda.node.Corda_3.3-corda/h2-1.4.194.jar:/home/anixon604/.capsule/apps/net.corda.node.Corda_3.3-corda/postgresql-42.1.4.jar:/home/anixon604/.capsule/apps/net.corda.node.Corda_3.3-corda/HikariCP-2.5.1.jar:/home/anixon604/.capsule/apps/net.corda.node.Corda_3.3-corda/hibernate-java8-5.2.6.Final.jar:/home/anixon604/.capsule/apps/net.corda.node.Corda_3.3-corda/hibernate-core-5.2.6.Final.jar:/home/anixon604/.capsule/apps/net.corda.node.Corda_3.3-corda/copycat-client-1.2.3.jar:/home/anixon604/.capsule/apps/net.corda.node.Corda_3.3-corda/copycat-server-1.2.3.jar:/home/anixon604/.capsule/apps/net.corda.node.Corda_3.3-corda/catalyst-netty-1.1.2.jar:/home/anixon604/.capsule/apps/net.corda.node.Corda_3.3-corda/netty-all-4.1.9.Final.jar:/home/anixon604/.capsule/apps/net.corda.node.Corda_3.3-corda/crash.connectors.ssh-cadb53544fbb3c0fb901445da614998a6a419488.jar:/home/anixon604/.capsule/apps/net.corda.node.Corda_3.3-corda/crash.shell-cadb53544fbb3c0fb901445da614998a6a419488.jar:/home/anixon604/.capsule/apps/net.corda.node.Corda_3.3-corda/okhttp-3.5.0.jar:/home/anixon604/.capsule/apps/net.corda.node.Corda_3.3-corda/commons-codec-1.10.jar:/home/anixon604/.capsule/apps/net.corda.node.Corda_3.3-corda/library-master-v1.1-beta-g6215ec8-87.jar:/home/anixon604/.capsule/apps/net.corda.node.Corda_3.3-corda/jolokia-jvm-1.6.0-agent.jar:/home/anixon604/.capsule/apps/net.corda.node.Corda_3.3-corda/quasar-core-0.7.9-jdk8.jar:/home/anixon604/.capsule/apps/net.corda.node.Corda_3.3-corda/commons-fileupload-1.3.3.jar:/home/anixon604/.capsule/apps/net.corda.node.Corda_3.3-corda/kryo-serializers-0.41.jar:/home/anixon604/.capsule/apps/net.corda.node.Corda_3.3-corda/kryo-4.0.0.jar:/home/anixon604/.capsule/apps/net.corda.node.Corda_3.3-corda/proton-j-0.21.0.jar:/home/anixon604/.capsule/apps/net.corda.node.Corda_3.3-corda/fast-classpath-scanner-2.12.3.jar:/home/anixon604/.capsule/apps/net.corda.node.Corda_3.3-corda/jsr305-3.0.2.jar:/home/anixon604/.capsule/apps/net.corda.node.Corda_3.3-corda/jcabi-log-0.14.jar:/home/anixon604/.capsule/apps/net.corda.node.Corda_3.3-corda/copycat-protocol-1.2.3.jar:/home/anixon604/.capsule/apps/net.corda.node.Corda_3.3-corda/catalyst-transport-1.1.2.jar:/home/anixon604/.capsule/apps/net.corda.node.Corda_3.3-corda/mina-core-2.0.16.jar:/home/anixon604/.capsule/apps/net.corda.node.Corda_3.3-corda/shiro-cache-1.4.0.jar:/home/anixon604/.capsule/apps/net.corda.node.Corda_3.3-corda/shiro-crypto-hash-1.4.0.jar:/home/anixon604/.capsule/apps/net.corda.node.Corda_3.3-corda/shiro-crypto-cipher-1.4.0.jar:/home/anixon604/.capsule/apps/net.corda.node.Corda_3.3-corda/shiro-config-core-1.4.0.jar:/home/anixon604/.capsule/apps/net.corda.node.Corda_3.3-corda/shiro-event-1.4.0.jar:/home/anixon604/.capsule/apps/net.corda.node.Corda_3.3-corda/shiro-crypto-core-1.4.0.jar:/home/anixon604/.capsule/apps/net.corda.node.Corda_3.3-corda/shiro-lang-1.4.0.jar:/home/anixon604/.capsule/apps/net.corda.node.Corda_3.3-corda/jcl-over-slf4j-1.7.25.jar:/home/anixon604/.capsule/apps/net.corda.node.Corda_3.3-corda/catalyst-concurrent-1.1.2.jar:/home/anixon604/.capsule/apps/net.corda.node.Corda_3.3-corda/catalyst-serializer-1.1.2.jar:/home/anixon604/.capsule/apps/net.corda.node.Corda_3.3-corda/catalyst-buffer-1.1.2.jar:/home/anixon604/.capsule/apps/net.corda.node.Corda_3.3-corda/catalyst-common-1.1.2.jar:/home/anixon604/.capsule/apps/net.corda.node.Corda_3.3-corda/sshd-pam-0.11.0.jar:/home/anixon604/.capsule/apps/net.corda.node.Corda_3.3-corda/sshd-core-1.6.0.jar:/home/anixon604/.capsule/apps/net.corda.node.Corda_3.3-corda/slf4j-api-1.7.25.jar:/home/anixon604/.capsule/apps/net.corda.node.Corda_3.3-corda/log4j-core-2.9.1.jar:/home/anixon604/.capsule/apps/net.corda.node.Corda_3.3-corda/log4j-api-2.9.1.jar:/home/anixon604/.capsule/apps/net.corda.node.Corda_3.3-corda/kotlin-stdlib-jre7-1.1.60.jar:/home/anixon604/.capsule/apps/net.corda.node.Corda_3.3-corda/kotlin-stdlib-1.1.60.jar:/home/anixon604/.capsule/apps/net.corda.node.Corda_3.3-corda/commons-collections-3.2.2.jar:/home/anixon604/.capsule/apps/net.corda.node.Corda_3.3-corda/hibernate-commons-annotations-5.0.1.Final.jar:/home/anixon604/.capsule/apps/net.corda.node.Corda_3.3-corda/artemis-native-2.2.0.jar:/home/anixon604/.capsule/apps/net.corda.node.Corda_3.3-corda/jboss-logging-3.3.0.Final.jar:/home/anixon604/.capsule/apps/net.corda.node.Corda_3.3-corda/artemis-selector-2.2.0.jar:/home/anixon604/.capsule/apps/net.corda.node.Corda_3.3-corda/jgroups-3.6.13.Final.jar:/home/anixon604/.capsule/apps/net.corda.node.Corda_3.3-corda/geronimo-json_1.0_spec-1.0-alpha-1.jar:/home/anixon604/.capsule/apps/net.corda.node.Corda_3.3-corda/johnzon-core-0.9.5.jar:/home/anixon604/.capsule/apps/net.corda.node.Corda_3.3-corda/forms-1.1-preview.jar:/home/anixon604/.capsule/apps/net.corda.node.Corda_3.3-corda/jdom-1.0.jar:/home/anixon604/.capsule/apps/net.corda.node.Corda_3.3-corda/jackson-dataformat-yaml-2.9.2.jar:/home/anixon604/.capsule/apps/net.corda.node.Corda_3.3-corda/jackson-datatype-jsr310-2.9.2.jar:/home/anixon604/.capsule/apps/net.corda.node.Corda_3.3-corda/hibernate-jpa-2.1-api-1.0.0.Final.jar:/home/anixon604/.capsule/apps/net.corda.node.Corda_3.3-corda/javassist-3.20.0-GA.jar:/home/anixon604/.capsule/apps/net.corda.node.Corda_3.3-corda/antlr-2.7.7.jar:/home/anixon604/.capsule/apps/net.corda.node.Corda_3.3-corda/geronimo-jta_1.1_spec-1.1.1.jar:/home/anixon604/.capsule/apps/net.corda.node.Corda_3.3-corda/jandex-2.0.3.Final.jar:/home/anixon604/.capsule/apps/net.corda.node.Corda_3.3-corda/classmate-1.3.0.jar:/home/anixon604/.capsule/apps/net.corda.node.Corda_3.3-corda/dom4j-1.6.1.jar:/home/anixon604/.capsule/apps/net.corda.node.Corda_3.3-corda/cdi-api-1.1.jar:/home/anixon604/.capsule/apps/net.corda.node.Corda_3.3-corda/crash.cli-cadb53544fbb3c0fb901445da614998a6a419488.jar:/home/anixon604/.capsule/apps/net.corda.node.Corda_3.3-corda/groovy-all-1.8.9.jar:/home/anixon604/.capsule/apps/net.corda.node.Corda_3.3-corda/okio-1.11.0.jar:/home/anixon604/.capsule/apps/net.corda.node.Corda_3.3-corda/jolokia-core-1.6.0.jar:/home/anixon604/.capsule/apps/net.corda.node.Corda_3.3-corda/json-simple-1.1.1.jar:/home/anixon604/.capsule/apps/net.corda.node.Corda_3.3-corda/rxjava-1.2.4.jar:/home/anixon604/.capsule/apps/net.corda.node.Corda_3.3-corda/commons-jexl3-3.0.jar:/home/anixon604/.capsule/apps/net.corda.node.Corda_3.3-corda/jackson-databind-2.9.2.jar:/home/anixon604/.capsule/apps/net.corda.node.Corda_3.3-corda/eddsa-0.2.0.jar:/home/anixon604/.capsule/apps/net.corda.node.Corda_3.3-corda/bcpkix-jdk15on-1.57.jar:/home/anixon604/.capsule/apps/net.corda.node.Corda_3.3-corda/bcprov-jdk15on-1.57.jar:/home/anixon604/.capsule/apps/net.corda.node.Corda_3.3-corda/commons-io-2.2.jar:/home/anixon604/.capsule/apps/net.corda.node.Corda_3.3-corda/reflectasm-1.11.3.jar:/home/anixon604/.capsule/apps/net.corda.node.Corda_3.3-corda/minlog-1.3.0.jar:/home/anixon604/.capsule/apps/net.corda.node.Corda_3.3-corda/objenesis-2.2.jar:/home/anixon604/.capsule/apps/net.corda.node.Corda_3.3-corda/annotations-13.0.jar:/home/anixon604/.capsule/apps/net.corda.node.Corda_3.3-corda/jackson-annotations-2.9.0.jar:/home/anixon604/.capsule/apps/net.corda.node.Corda_3.3-corda/snakeyaml-1.18.jar:/home/anixon604/.capsule/apps/net.corda.node.Corda_3.3-corda/jackson-core-2.9.2.jar:/home/anixon604/.capsule/apps/net.corda.node.Corda_3.3-corda/el-api-2.2.jar:/home/anixon604/.capsule/apps/net.corda.node.Corda_3.3-corda/jboss-interceptors-api_1.1_spec-1.0.0.Beta1.jar:/home/anixon604/.capsule/apps/net.corda.node.Corda_3.3-corda/jsr250-api-1.0.jar:/home/anixon604/.capsule/apps/net.corda.node.Corda_3.3-corda/javax.inject-1.jar:/home/anixon604/.capsule/apps/net.corda.node.Corda_3.3-corda/jpam-1.1.jar:/home/anixon604/.capsule/apps/net.corda.node.Corda_3.3-corda/geronimo-jms_2.0_spec-1.0-alpha-2.jar:/home/anixon604/.capsule/apps/net.corda.node.Corda_3.3-corda/asm-5.0.4.jar:/home/anixon604/.capsule/apps/net.corda.node.Corda_3.3-corda/corda-node-3.3-corda.jar:/home/anixon604/dev/samples/cordapp-example/java-source/build/nodes/Buyer/cordapps/corda-finance-3.3-corda.jar:/home/anixon604/dev/samples/cordapp-example/java-source/build/nodes/Buyer/cordapps/cordapp-example-0.1.jar:drivers/jolokia-jvm-1.3.7-agent.jar:/home/anixon604/.capsule/apps/net.corda.node.Corda_3.3-corda/quasar-core-0.7.9-jdk8.jar {}
[INFO ] 2019-02-17T10:54:45,905Z [main] internal.Node.logStartupInfo - VM Java HotSpot(TM) 64-Bit Server VM Oracle Corporation 25.201-b09 {}
[INFO ] 2019-02-17T10:54:45,905Z [main] internal.Node.logStartupInfo - Machine: nixT480s {}
[INFO ] 2019-02-17T10:54:45,906Z [main] internal.Node.logStartupInfo - Working Directory: /home/anixon604/dev/samples/cordapp-example/java-source/build/nodes/Buyer {}
[INFO ] 2019-02-17T10:54:45,906Z [main] internal.Node.logStartupInfo - Debug port: dt_socket:5007 {}
[INFO ] 2019-02-17T10:54:45,906Z [main] internal.Node.logStartupInfo - Starting as node on localhost:10010 {}
[INFO ] 2019-02-17T10:54:46,479Z [main] cordapp.CordappLoader.<init> - Loading CorDapps from RestrictedURL(url=file:/home/anixon604/dev/samples/cordapp-example/java-source/build/nodes/Buyer/cordapps/corda-finance-3.3-corda.jar, rootPackageName=null), RestrictedURL(url=file:/home/anixon604/dev/samples/cordapp-example/java-source/build/nodes/Buyer/cordapps/cordapp-example-0.1.jar, rootPackageName=null) {}
[INFO ] 2019-02-17T10:54:47,406Z [main] cordapp.CordappLoader.scanCordapp - Scanning CorDapp in file:/home/anixon604/dev/samples/cordapp-example/java-source/build/nodes/Buyer/cordapps/corda-finance-3.3-corda.jar {}
[INFO ] 2019-02-17T10:54:48,919Z [main] cordapp.CordappLoader.scanCordapp - Scanning CorDapp in file:/home/anixon604/dev/samples/cordapp-example/java-source/build/nodes/Buyer/cordapps/cordapp-example-0.1.jar {}
[INFO ] 2019-02-17T10:54:50,248Z [main] internal.Node.start - Node starting up ... {}
[WARN ] 2019-02-17T10:54:50,248Z [main] internal.Node.initCertificate - Corda node is running in dev mode. {}
[INFO ] 2019-02-17T10:54:56,249Z [main] internal.NetworkParametersReader.retrieveNetworkParameters - Loaded network parameters: net.corda.core.internal.SignedDataWithCert@168b4cb0 {}
[INFO ] 2019-02-17T10:54:58,377Z [main] BasicInfo.printBasicNodeInfo - Database connection url is              : jdbc:h2:tcp://127.0.1.1:41461/node {}
[INFO ] 2019-02-17T10:54:58,816Z [main] hikari.HikariDataSource.<init> - HikariPool-1 - Started. {}
[INFO ] 2019-02-17T10:55:00,235Z [main] internal.Node.invoke - Connected to H2 database. {}
[INFO ] 2019-02-17T10:55:00,728Z [main] persistence.HibernateConfiguration.<init> - Init HibernateConfiguration for schemas: [CommonSchemaV1(name=net.corda.core.schemas.CommonSchema, version=1), VaultSchemaV1(name=net.corda.node.services.vault.VaultSchema, version=1), NodeInfoSchemaV1(name=net.corda.node.internal.schemas.NodeInfoSchema, version=1), NodeCoreV1(name=net.corda.node.services.schema.NodeSchemaService$NodeCore, version=1), CashSchemaV1(name=net.corda.finance.schemas.CashSchema, version=1), CommercialPaperSchemaV1(name=net.corda.finance.schemas.CommercialPaperSchema, version=1), IOUSchemaV1(name=com.example.schema.IOUSchema, version=1)] {}
[INFO ] 2019-02-17T10:55:00,738Z [main] persistence.HibernateConfiguration.makeSessionFactoryForSchemas - Creating session factory for schemas: [CommonSchemaV1(name=net.corda.core.schemas.CommonSchema, version=1), VaultSchemaV1(name=net.corda.node.services.vault.VaultSchema, version=1), NodeInfoSchemaV1(name=net.corda.node.internal.schemas.NodeInfoSchema, version=1), NodeCoreV1(name=net.corda.node.services.schema.NodeSchemaService$NodeCore, version=1), CashSchemaV1(name=net.corda.finance.schemas.CashSchema, version=1), CommercialPaperSchemaV1(name=net.corda.finance.schemas.CommercialPaperSchema, version=1), IOUSchemaV1(name=com.example.schema.IOUSchema, version=1)] {}
[INFO ] 2019-02-17T10:55:01,409Z [main] hibernate.Version.logVersion - HHH000412: Hibernate Core {5.2.6.Final} {}
[INFO ] 2019-02-17T10:55:01,413Z [main] cfg.Environment.<clinit> - HHH000206: hibernate.properties not found {}
[INFO ] 2019-02-17T10:55:01,720Z [main] common.Version.<clinit> - HCANN000001: Hibernate Commons Annotations {5.0.1.Final} {}
[INFO ] 2019-02-17T10:55:02,287Z [main] internal.ConnectionProviderInitiator.initiateService - HHH000130: Instantiating explicit connection provider: net.corda.nodeapi.internal.persistence.HibernateConfiguration$NodeDatabaseConnectionProvider {}
[INFO ] 2019-02-17T10:55:02,391Z [main] dialect.Dialect.<init> - HHH000400: Using dialect: org.hibernate.dialect.H2Dialect {}
[INFO ] 2019-02-17T10:55:02,809Z [main] type.BasicTypeRegistry.register - HHH000270: Type registration [materialized_blob] overrides previous : org.hibernate.type.MaterializedBlobType@55c50f52 {}
[INFO ] 2019-02-17T10:55:09,961Z [main] connections.access.getIsolatedConnection - HHH10001501: Connection obtained from JdbcConnectionAccess [org.hibernate.engine.jdbc.env.internal.JdbcEnvironmentInitiator$ConnectionProviderJdbcConnectionAccess@4e3ee457] for (non-JTA) DDL execution was not in auto-commit mode; the Connection 'local transaction' will be committed and the Connection will be set into auto-commit mode. {}
[INFO ] 2019-02-17T10:55:10,521Z [main] persistence.HibernateConfiguration.makeSessionFactoryForSchemas - Created session factory for schemas: [CommonSchemaV1(name=net.corda.core.schemas.CommonSchema, version=1), VaultSchemaV1(name=net.corda.node.services.vault.VaultSchema, version=1), NodeInfoSchemaV1(name=net.corda.node.internal.schemas.NodeInfoSchema, version=1), NodeCoreV1(name=net.corda.node.services.schema.NodeSchemaService$NodeCore, version=1), CashSchemaV1(name=net.corda.finance.schemas.CashSchema, version=1), CommercialPaperSchemaV1(name=net.corda.finance.schemas.CommercialPaperSchema, version=1), IOUSchemaV1(name=com.example.schema.IOUSchema, version=1)] {}
[INFO ] 2019-02-17T10:55:11,199Z [main] internal.QueryTranslatorFactoryInitiator.initiateService - HHH000397: Using ASTQueryTranslatorFactory {}
[INFO ] 2019-02-17T10:55:11,918Z [main] internal.Node.updateNodeInfo - Node-info has changed so submitting update. Old node-info was null {}
[INFO ] 2019-02-17T10:55:11,919Z [main] network.PersistentNetworkMapCache.addNode - Adding node with info: NodeInfo(addresses=[localhost:10010], legalIdentitiesAndCerts=[O=Buyer, L=New York, C=US], platformVersion=3, serial=1550400911919) {}
[INFO ] 2019-02-17T10:55:11,991Z [main] network.PersistentNetworkMapCache.addNode - No previous node found {}
[INFO ] 2019-02-17T10:55:12,571Z [main] network.PersistentNetworkMapCache.addNode - Done adding node with info: NodeInfo(addresses=[localhost:10010], legalIdentitiesAndCerts=[O=Buyer, L=New York, C=US], platformVersion=3, serial=1550400911919) {}
[INFO ] 2019-02-17T10:55:12,571Z [main] internal.Node.updateNodeInfo - New node-info: NodeInfo(addresses=[localhost:10010], legalIdentitiesAndCerts=[O=Buyer, L=New York, C=US], platformVersion=3, serial=1550400911919) {}
[INFO ] 2019-02-17T10:55:14,201Z [main] persistence.NodeAttachmentService.invoke - Stored new attachment 9D0E5E7FD24111A8CC5E293CBA9E88B2664848113089A91A5CABCD29E6C07F1E {}
[INFO ] 2019-02-17T10:55:15,735Z [main] persistence.NodeAttachmentService.invoke - Stored new attachment D44AC2AD6B0DD915B9475F106929A0B36FC5E7720E3E8FBB48A28C278EAF1221 {}
[INFO ] 2019-02-17T10:55:16,102Z [main] security.RPCSecurityManagerImpl.buildImpl - Constructing realm from list of users in config [User(user1, permissions=[ALL])] {}
[INFO ] 2019-02-17T10:55:16,854Z [main] BasicInfo.printBasicNodeInfo - Advertised P2P messaging addresses      : localhost:10010 {}
[INFO ] 2019-02-17T10:55:16,875Z [main] BasicInfo.printBasicNodeInfo - RPC connection address                  : localhost:10011 {}
[INFO ] 2019-02-17T10:55:16,876Z [main] BasicInfo.printBasicNodeInfo - RPC admin connection address            : localhost:10051 {}
[INFO ] 2019-02-17T10:55:20,495Z [main] messaging.ArtemisMessagingServer.configureAndStartServer - P2P messaging server listening on port 10010 {}
[INFO ] 2019-02-17T10:55:21,172Z [main] internal.ArtemisMessagingClient.start - Connecting to message broker: localhost:10010 {}
[INFO ] 2019-02-17T10:55:23,289Z [main] internal.ArtemisMessagingClient.start - Connecting to message broker: localhost:10010 {}
[INFO ] 2019-02-17T10:55:23,714Z [main] internal.ArtemisMessagingClient.start - Connecting to message broker: localhost:10051 {}
[INFO ] 2019-02-17T10:55:24,012Z [main] messaging.P2PMessagingClient.start - Connecting to message broker: localhost:10010 {}
[INFO ] 2019-02-17T10:55:24,308Z [main] messaging.P2PMessagingClient.createQueueIfAbsent - Create fresh queue p2p.inbound.DL2jJbwUfvvpnPG2E9rYTyUttmoxrYYvcoMccC6vfSkayo bound on same address {}
[INFO ] 2019-02-17T10:55:24,640Z [Thread-0 (ActiveMQ-client-global-threads)] bridging.BridgeControlListener.processControlMessage - Received bridge control message NodeToBridgeSnapshot(nodeIdentity=DL2jJbwUfvvpnPG2E9rYTyUttmoxrYYvcoMccC6vfSkayo, inboxQueues=[p2p.inbound.DL2jJbwUfvvpnPG2E9rYTyUttmoxrYYvcoMccC6vfSkayo], sendQueues=[]) {}
[INFO ] 2019-02-17T10:55:25,338Z [main] internal.Node.installCordaService - Installed net.corda.finance.flows.ConfigHolder Corda service {}
[INFO ] 2019-02-17T10:55:25,427Z [main] internal.Node.registerInitiatedFlowInternal - Registered com.example.flow.ExampleFlow$Initiator to initiate com.example.flow.ExampleFlow$Acceptor (version 1) {}
[INFO ] 2019-02-17T10:55:25,442Z [main] internal.Node.registerInitiatedFlowInternal - Registered com.example.flow.QRScanFlow$Initiator to initiate com.example.flow.QRScanFlow$Acceptor (version 1) {}
[INFO ] 2019-02-17T10:55:25,458Z [main] internal.Node.registerInitiatedFlowInternal - Registered com.example.flow.TrustXFlow$Initiator to initiate com.example.flow.TrustXFlow$Acceptor (version 1) {}
[INFO ] 2019-02-17T10:55:26,843Z [main] plugin.PluginManager.getPlugins - Loaded plugin Plugin[type=SSHPlugin,interface=SSHPlugin] {}
[INFO ] 2019-02-17T10:55:26,860Z [main] plugin.PluginManager.getPlugins - Loaded plugin Plugin[type=SSHInlinePlugin,interface=CommandPlugin] {}
[INFO ] 2019-02-17T10:55:26,876Z [main] plugin.PluginManager.getPlugins - Loaded plugin Plugin[type=KeyAuthenticationPlugin,interface=KeyAuthenticationPlugin] {}
[INFO ] 2019-02-17T10:55:26,879Z [main] plugin.PluginManager.getPlugins - Loaded plugin Plugin[type=CRaSHShellFactory,interface=ShellFactory] {}
[INFO ] 2019-02-17T10:55:26,890Z [main] plugin.PluginManager.getPlugins - Loaded plugin Plugin[type=GroovyLanguageProxy,interface=Language] {}
[INFO ] 2019-02-17T10:55:26,892Z [main] plugin.PluginManager.getPlugins - Loaded plugin Plugin[type=JavaLanguage,interface=Language] {}
[INFO ] 2019-02-17T10:55:26,893Z [main] plugin.PluginManager.getPlugins - Loaded plugin Plugin[type=ScriptLanguage,interface=Language] {}
[INFO ] 2019-02-17T10:55:26,895Z [main] plugin.PluginManager.getPlugins - Loaded plugin Plugin[type=JaasAuthenticationPlugin,interface=AuthenticationPlugin] {}
[INFO ] 2019-02-17T10:55:26,903Z [main] plugin.PluginManager.getPlugins - Loaded plugin Plugin[type=SimpleAuthenticationPlugin,interface=AuthenticationPlugin] {}
[INFO ] 2019-02-17T10:55:26,930Z [main] ssh.SSHPlugin.init - Could not boot SSHD due to missing due to missing port configuration {}
[INFO ] 2019-02-17T10:55:26,931Z [main] plugin.PluginManager.getPlugins - Initialized plugin Plugin[type=SSHPlugin,interface=SSHPlugin] {}
[INFO ] 2019-02-17T10:55:26,931Z [main] plugin.PluginManager.getPlugins - Initialized plugin Plugin[type=SSHInlinePlugin,interface=CommandPlugin] {}
[INFO ] 2019-02-17T10:55:26,932Z [main] plugin.PluginManager.getPlugins - Initialized plugin Plugin[type=KeyAuthenticationPlugin,interface=KeyAuthenticationPlugin] {}
[INFO ] 2019-02-17T10:55:26,975Z [main] plugin.PluginManager.getPlugins - Initialized plugin Plugin[type=GroovyLanguageProxy,interface=Language] {}
[INFO ] 2019-02-17T10:55:26,975Z [main] plugin.PluginManager.getPlugins - Initialized plugin Plugin[type=ScriptLanguage,interface=Language] {}
[INFO ] 2019-02-17T10:55:26,987Z [main] plugin.PluginManager.getPlugins - Initialized plugin Plugin[type=CRaSHShellFactory,interface=ShellFactory] {}
[INFO ] 2019-02-17T10:55:26,987Z [main] plugin.PluginManager.getPlugins - Initialized plugin Plugin[type=JaasAuthenticationPlugin,interface=AuthenticationPlugin] {}
[INFO ] 2019-02-17T10:55:26,988Z [main] plugin.PluginManager.getPlugins - Initialized plugin Plugin[type=SimpleAuthenticationPlugin,interface=AuthenticationPlugin] {}
[INFO ] 2019-02-17T10:55:26,988Z [main] plugin.PluginManager.getPlugins - Initialized plugin Plugin[type=CordaAuthenticationPlugin,interface=AuthenticationPlugin] {}
[WARN ] 2019-02-17T10:55:28,859Z [main] utilities.AppendOnlyPersistentMapBase.set - Double insert in net.corda.node.utilities.AppendOnlyPersistentMap for entity class class net.corda.node.services.identity.PersistentIdentityService$PersistentIdentity key 19B1FBE7CE0171AF5B42408DA9B0079D2F0292368ADBBE5E99CF884201DD844A, not inserting the second time {}
[INFO ] 2019-02-17T10:55:28,869Z [main] messaging.P2PMessagingClient.updateBridgesOnNetworkChange - Updating bridges on network map change: NodeInfo(addresses=[localhost:10010], legalIdentitiesAndCerts=[O=Buyer, L=New York, C=US], platformVersion=3, serial=1550400911919) {}
[INFO ] 2019-02-17T10:55:29,129Z [main] BasicInfo.printBasicNodeInfo - Loaded CorDapps                         : corda-finance-3.3-corda, cordapp-example-0.1, corda-core-3.3-corda {}
[INFO ] 2019-02-17T10:55:29,179Z [main] BasicInfo.printBasicNodeInfo - Node for "Buyer" started up and registered in 52.7 sec {}
[INFO ] 2019-02-17T10:55:29,317Z [RxIoScheduler-2] network.PersistentNetworkMapCache.addNode - Adding node with info: NodeInfo(addresses=[localhost:10013], legalIdentitiesAndCerts=[O=Gov, L=Paris, C=FR], platformVersion=3, serial=1550400786282) {}
[INFO ] 2019-02-17T10:55:29,381Z [RxIoScheduler-2] network.PersistentNetworkMapCache.addNode - No previous node found {}
[INFO ] 2019-02-17T10:55:29,559Z [RxIoScheduler-2] messaging.P2PMessagingClient.updateBridgesOnNetworkChange - Updating bridges on network map change: NodeInfo(addresses=[localhost:10013], legalIdentitiesAndCerts=[O=Gov, L=Paris, C=FR], platformVersion=3, serial=1550400786282) {}
[INFO ] 2019-02-17T10:55:29,613Z [RxIoScheduler-2] network.PersistentNetworkMapCache.addNode - Done adding node with info: NodeInfo(addresses=[localhost:10013], legalIdentitiesAndCerts=[O=Gov, L=Paris, C=FR], platformVersion=3, serial=1550400786282) {}
[INFO ] 2019-02-17T10:55:29,614Z [RxIoScheduler-2] network.PersistentNetworkMapCache.addNode - Adding node with info: NodeInfo(addresses=[localhost:10007], legalIdentitiesAndCerts=[O=Seller, L=London, C=GB], platformVersion=3, serial=1550400782420) {}
[INFO ] 2019-02-17T10:55:29,637Z [RxIoScheduler-2] network.PersistentNetworkMapCache.addNode - No previous node found {}
[INFO ] 2019-02-17T10:55:29,702Z [RxIoScheduler-2] messaging.P2PMessagingClient.updateBridgesOnNetworkChange - Updating bridges on network map change: NodeInfo(addresses=[localhost:10007], legalIdentitiesAndCerts=[O=Seller, L=London, C=GB], platformVersion=3, serial=1550400782420) {}
[INFO ] 2019-02-17T10:55:29,713Z [RxIoScheduler-2] network.PersistentNetworkMapCache.addNode - Done adding node with info: NodeInfo(addresses=[localhost:10007], legalIdentitiesAndCerts=[O=Seller, L=London, C=GB], platformVersion=3, serial=1550400782420) {}
[INFO ] 2019-02-17T10:55:29,714Z [RxIoScheduler-2] network.PersistentNetworkMapCache.addNode - Adding node with info: NodeInfo(addresses=[localhost:10006], legalIdentitiesAndCerts=[O=Notary, L=London, C=GB], platformVersion=3, serial=1550400786376) {}
[INFO ] 2019-02-17T10:55:29,717Z [RxIoScheduler-2] network.PersistentNetworkMapCache.addNode - No previous node found {}
[INFO ] 2019-02-17T10:55:29,763Z [RxIoScheduler-2] messaging.P2PMessagingClient.updateBridgesOnNetworkChange - Updating bridges on network map change: NodeInfo(addresses=[localhost:10006], legalIdentitiesAndCerts=[O=Notary, L=London, C=GB], platformVersion=3, serial=1550400786376) {}
[INFO ] 2019-02-17T10:55:29,780Z [RxIoScheduler-2] network.PersistentNetworkMapCache.addNode - Done adding node with info: NodeInfo(addresses=[localhost:10006], legalIdentitiesAndCerts=[O=Notary, L=London, C=GB], platformVersion=3, serial=1550400786376) {}
[INFO ] 2019-02-17T10:55:29,800Z [main] messaging.RPCServer.start - Starting RPC server with configuration RPCServerConfiguration(rpcThreadPoolSize=4, reapInterval=PT1S, deduplicationCacheExpiry=PT24H) {}
[INFO ] 2019-02-17T10:55:29,781Z [RxIoScheduler-2] network.PersistentNetworkMapCache.addNode - Adding node with info: NodeInfo(addresses=[localhost:10010], legalIdentitiesAndCerts=[O=Buyer, L=New York, C=US], platformVersion=3, serial=1550400786265) {}
[INFO ] 2019-02-17T10:55:30,080Z [RxIoScheduler-2] network.PersistentNetworkMapCache.addNode - Discarding older nodeInfo for O=Buyer, L=New York, C=US {}
[INFO ] 2019-02-17T10:55:31,112Z [Thread-0 (ActiveMQ-client-global-threads)] messaging.RPCServer.clientArtemisMessageHandler - SUBMITTING {actor_id=user1, actor_owningIdentity=O=Buyer, L=New York, C=US, actor_store_id=NODE_CONFIG, invocation_id=f793dd12-23b8-4af8-81be-6b48890fe992, invocation_timestamp=2019-02-17T10:55:31.107Z, session_id=a959e36d-7950-470a-b7f0-dd6857d6f0d6, session_timestamp=2019-02-17T10:55:21.145Z}
[INFO ] 2019-02-17T10:55:33,506Z [Thread-1 (ActiveMQ-client-global-threads)] messaging.RPCServer.clientArtemisMessageHandler - SUBMITTING {actor_id=user1, actor_owningIdentity=O=Buyer, L=New York, C=US, actor_store_id=NODE_CONFIG, invocation_id=bcb99a77-a05c-4a58-95ee-619034bb4463, invocation_timestamp=2019-02-17T10:55:33.505Z, session_id=a959e36d-7950-470a-b7f0-dd6857d6f0d6, session_timestamp=2019-02-17T10:55:21.145Z}
[INFO ] 2019-02-17T10:56:59,938Z [Node thread-1] flow.[c32f2bea-7a04-4d58-99ee-825b84a94c5d].initiateSession - Initiating flow session with party O=Gov, L=Paris, C=FR. Session id for tracing purposes is SessionId(toLong=-7233394395564861896). {}
[INFO ] 2019-02-17T10:57:00,008Z [Messaging DL2jJbwUfvvpnPG2E9rYTyUttmoxrYYvcoMccC6vfSkayo] messaging.P2PMessagingClient.createQueueIfAbsent - Create fresh queue internal.peers.DLHbf38tdvYMXUv4whJM4q84ff2gXFHcQLptyRd6z5XUmW bound on same address {}
[INFO ] 2019-02-17T10:57:00,040Z [Thread-2 (ActiveMQ-client-global-threads)] bridging.BridgeControlListener.processControlMessage - Received bridge control message Create(nodeIdentity=DL2jJbwUfvvpnPG2E9rYTyUttmoxrYYvcoMccC6vfSkayo, bridgeInfo=BridgeEntry(queueName=internal.peers.DLHbf38tdvYMXUv4whJM4q84ff2gXFHcQLptyRd6z5XUmW, targets=[localhost:10013], legalNames=[O=Gov, L=Paris, C=FR])) {}
[INFO ] 2019-02-17T10:57:00,058Z [Thread-2 (ActiveMQ-client-global-threads)] peers.DLHbf38tdvYMXUv4whJM4q84ff2gXFHcQLptyRd6z5XUmW -> localhost:10013:O=Gov, L=Paris, C=FR.start - Create new AMQP bridge {}
[INFO ] 2019-02-17T10:57:00,060Z [Thread-2 (ActiveMQ-client-global-threads)] netty.AMQPClient.start - connect to: localhost:10013 {}
[INFO ] 2019-02-17T10:57:00,095Z [nioEventLoopGroup-2-1] netty.AMQPClient.operationComplete - Connected to localhost:10013 {}
[INFO ] 2019-02-17T10:57:00,109Z [nioEventLoopGroup-2-1] O=Gov, L=Paris, C=FR.channelActive - New client connection 83046494 from localhost/127.0.0.1:10013 to /127.0.0.1:34086 {}
[INFO ] 2019-02-17T10:57:00,158Z [nioEventLoopGroup-2-1] netty.LoggingTrustManagerWrapper.checkServerTrusted - Check Server Certpath:
  C=FR,L=Paris,O=Gov[0199619EA943357413F5B2AC83EA3061FAEFC071] issued by C=FR,L=Paris,O=Gov[null]
  C=FR,L=Paris,O=Gov[EB8BD9B13BCC84A85732FE7DDA5111A0BEBBB363] issued by C=US,L=New York,OU=Corda,O=R3 HoldCo LLC,CN=Corda Doorman CA[null]
  C=US,L=New York,OU=Corda,O=R3 HoldCo LLC,CN=Corda Doorman CA[EBEE2E30152940AE19981ED86FE37D7F07A2C213] issued by CN=Corda Node Root CA,O=R3,OU=corda,L=London,C=UK[7CAEA9DFB948012B13890B9AE645851C39170773]
  CN=Corda Node Root CA,O=R3,OU=corda,L=London,C=UK[7CAEA9DFB948012B13890B9AE645851C39170773] issued by CN=Corda Node Root CA,O=R3,OU=corda,L=London,C=UK[null] {}
[INFO ] 2019-02-17T10:57:00,176Z [nioEventLoopGroup-2-1] O=Gov, L=Paris, C=FR.userEventTriggered - Handshake completed with subject: O=Gov, L=Paris, C=FR {}
[INFO ] 2019-02-17T10:57:00,253Z [nioEventLoopGroup-2-1] peers.DLHbf38tdvYMXUv4whJM4q84ff2gXFHcQLptyRd6z5XUmW -> localhost:10013:O=Gov, L=Paris, C=FR.onSocketConnected - Bridge Connected {}
[INFO ] 2019-02-17T10:57:00,261Z [nioEventLoopGroup-2-1] O=Buyer, L=New York, C=US.onConnectionLocalOpen - Connection local open org.apache.qpid.proton.engine.impl.ConnectionImpl@67b5e7b8 {}
[INFO ] 2019-02-17T10:57:01,115Z [Thread-2 (ActiveMQ-client-global-threads)] messaging.P2PMessagingClient.artemisToCordaMessage - Received message from: p2p.inbound.DL2jJbwUfvvpnPG2E9rYTyUttmoxrYYvcoMccC6vfSkayo user: O=Gov, L=Paris, C=FR topic: platform.session uuid: 47f1e7db-5e02-4a5a-8543-9d74396e83e3 {}
[INFO ] 2019-02-17T10:57:01,582Z [Thread-2 (ActiveMQ-client-global-threads)] messaging.P2PMessagingClient.artemisToCordaMessage - Received message from: p2p.inbound.DL2jJbwUfvvpnPG2E9rYTyUttmoxrYYvcoMccC6vfSkayo user: O=Gov, L=Paris, C=FR topic: platform.session uuid: 06590949-b14a-4e78-a13a-67d35cc04fd2 {}
[INFO ] 2019-02-17T10:57:01,829Z [Thread-2 (ActiveMQ-client-global-threads)] messaging.P2PMessagingClient.artemisToCordaMessage - Received message from: p2p.inbound.DL2jJbwUfvvpnPG2E9rYTyUttmoxrYYvcoMccC6vfSkayo user: O=Gov, L=Paris, C=FR topic: platform.session uuid: fca3d213-cf11-4c6a-87e4-61c8191b0957 {}
[WARN ] 2019-02-17T10:57:01,876Z [Node thread-1] flow.[c32f2bea-7a04-4d58-99ee-825b84a94c5d].run - Flow ended due to receiving exception {}
net.corda.core.flows.FlowException: java.lang.IllegalArgumentException: Failed requirement: TxHash from output state is equal to some TxHash in chain
	at net.corda.node.services.statemachine.FlowStateMachineImpl.erroredEnd(FlowStateMachineImpl.kt:497) ~[corda-node-3.3-corda.jar:?]
	at net.corda.node.services.statemachine.FlowStateMachineImpl.confirmNoError(FlowStateMachineImpl.kt:481) ~[corda-node-3.3-corda.jar:?]
	at net.corda.node.services.statemachine.FlowStateMachineImpl.waitForMessage(FlowStateMachineImpl.kt:444) ~[corda-node-3.3-corda.jar:?]
	at net.corda.node.services.statemachine.FlowStateMachineImpl.receiveInternal(FlowStateMachineImpl.kt:376) ~[corda-node-3.3-corda.jar:?]
	at net.corda.node.services.statemachine.FlowStateMachineImpl.receive(FlowStateMachineImpl.kt:229) ~[corda-node-3.3-corda.jar:?]
	at net.corda.node.services.statemachine.FlowSessionImpl.receive(FlowSessionImpl.kt:44) ~[corda-node-3.3-corda.jar:?]
	at net.corda.node.services.statemachine.FlowSessionImpl.receive(FlowSessionImpl.kt:48) ~[corda-node-3.3-corda.jar:?]
	at net.corda.core.flows.CollectSignatureFlow.call(CollectSignaturesFlow.kt:290) ~[corda-core-3.3-corda.jar:?]
	at net.corda.core.flows.CollectSignatureFlow.call(CollectSignaturesFlow.kt:135) ~[corda-core-3.3-corda.jar:?]
	at net.corda.core.flows.FlowLogic.subFlow(FlowLogic.kt:290) ~[corda-core-3.3-corda.jar:?]
	at net.corda.core.flows.CollectSignaturesFlow.call(CollectSignaturesFlow.kt:114) ~[corda-core-3.3-corda.jar:?]
	at net.corda.core.flows.CollectSignaturesFlow.call(CollectSignaturesFlow.kt:64) ~[corda-core-3.3-corda.jar:?]
	at net.corda.core.flows.FlowLogic.subFlow(FlowLogic.kt:290) ~[corda-core-3.3-corda.jar:?]
	at com.example.flow.QRScanFlow$Initiator.call(QRScanFlow.java:121) ~[cordapp-example-0.1.jar:?]
	at com.example.flow.QRScanFlow$Initiator.call(QRScanFlow.java:38) ~[cordapp-example-0.1.jar:?]
	at net.corda.node.services.statemachine.FlowStateMachineImpl.run(FlowStateMachineImpl.kt:96) [corda-node-3.3-corda.jar:?]
	at net.corda.node.services.statemachine.FlowStateMachineImpl.run(FlowStateMachineImpl.kt:44) [corda-node-3.3-corda.jar:?]
	at co.paralleluniverse.fibers.Fiber.run1(Fiber.java:1092) [quasar-core-0.7.9-jdk8.jar:0.7.9]
	at co.paralleluniverse.fibers.Fiber.exec(Fiber.java:788) [quasar-core-0.7.9-jdk8.jar:0.7.9]
	at co.paralleluniverse.fibers.RunnableFiberTask.doExec(RunnableFiberTask.java:100) [quasar-core-0.7.9-jdk8.jar:0.7.9]
	at co.paralleluniverse.fibers.RunnableFiberTask.run(RunnableFiberTask.java:91) [quasar-core-0.7.9-jdk8.jar:0.7.9]
	at java.util.concurrent.Executors$RunnableAdapter.call(Executors.java:511) [?:1.8.0_201]
	at java.util.concurrent.FutureTask.run(FutureTask.java:266) [?:1.8.0_201]
	at java.util.concurrent.ScheduledThreadPoolExecutor$ScheduledFutureTask.access$201(ScheduledThreadPoolExecutor.java:180) [?:1.8.0_201]
	at java.util.concurrent.ScheduledThreadPoolExecutor$ScheduledFutureTask.run(ScheduledThreadPoolExecutor.java:293) [?:1.8.0_201]
	at java.util.concurrent.ThreadPoolExecutor.runWorker(ThreadPoolExecutor.java:1149) [?:1.8.0_201]
	at java.util.concurrent.ThreadPoolExecutor$Worker.run(ThreadPoolExecutor.java:624) [?:1.8.0_201]
	at net.corda.node.utilities.AffinityExecutor$ServiceAffinityExecutor$1$thread$1.run(AffinityExecutor.kt:62) [corda-node-3.3-corda.jar:?]
Caused by: net.corda.core.CordaRuntimeException: java.lang.IllegalArgumentException: Failed requirement: TxHash from output state is equal to some TxHash in chain
