[INFO ] 2019-02-17T10:54:48,148Z [main] webserver.CmdLineOptions.loadConfig - Config:
{
    # hardcoded value
    "baseDirectory" : "/home/anixon604/dev/samples/cordapp-example/java-source/build/nodes/Buyer",
    # web-reference.conf @ jar:file:/home/anixon604/.capsule/apps/net.corda.webserver.WebServer_3.3-corda/corda-webserver-impl-3.3-corda.jar!/web-reference.conf: 2
    "keyStorePassword" : "cordacadevpass",
    # /home/anixon604/dev/samples/cordapp-example/java-source/build/nodes/Buyer/node.conf: 1
    "myLegalName" : "O=Buyer,L=New York,C=US",
    # /home/anixon604/dev/samples/cordapp-example/java-source/build/nodes/Buyer/node.conf: 2
    "p2pAddress" : "localhost:10010",
    # /home/anixon604/dev/samples/cordapp-example/java-source/build/nodes/Buyer/node.conf: 3
    "rpcSettings" : {
        # /home/anixon604/dev/samples/cordapp-example/java-source/build/nodes/Buyer/node.conf: 4
        "address" : "localhost:10011",
        # /home/anixon604/dev/samples/cordapp-example/java-source/build/nodes/Buyer/node.conf: 5
        "adminAddress" : "localhost:10051"
    },
    # /home/anixon604/dev/samples/cordapp-example/java-source/build/nodes/Buyer/node.conf: 7
    "rpcUsers" : [
        # /home/anixon604/dev/samples/cordapp-example/java-source/build/nodes/Buyer/node.conf: 8
        {
            # /home/anixon604/dev/samples/cordapp-example/java-source/build/nodes/Buyer/node.conf: 9
            "password" : "test",
            # /home/anixon604/dev/samples/cordapp-example/java-source/build/nodes/Buyer/node.conf: 10
            "permissions" : [
                # /home/anixon604/dev/samples/cordapp-example/java-source/build/nodes/Buyer/node.conf: 11
                "ALL"
            ],
            # /home/anixon604/dev/samples/cordapp-example/java-source/build/nodes/Buyer/node.conf: 13
            "user" : "user1"
        }
    ],
    # web-reference.conf @ jar:file:/home/anixon604/.capsule/apps/net.corda.webserver.WebServer_3.3-corda/corda-webserver-impl-3.3-corda.jar!/web-reference.conf: 3
    "trustStorePassword" : "trustpass",
    # web-reference.conf @ jar:file:/home/anixon604/.capsule/apps/net.corda.webserver.WebServer_3.3-corda/corda-webserver-impl-3.3-corda.jar!/web-reference.conf: 1
    "useHTTPS" : false,
    # /home/anixon604/dev/samples/cordapp-example/java-source/build/nodes/Buyer/node.conf: 16
    "webAddress" : "localhost:10012"
}
 {}
[INFO ] 2019-02-17T10:54:48,293Z [main] Main.main - Main class: /home/anixon604/.capsule/apps/net.corda.webserver.WebServer_3.3-corda/corda-webserver-impl-3.3-corda.jar {}
[INFO ] 2019-02-17T10:54:48,797Z [main] Main.main - CommandLine Args: -Xmx200m -XX:+UseG1GC -agentlib:jdwp=transport=dt_socket,server=y,suspend=n,address=5008 -javaagent:drivers/jolokia-jvm-1.3.7-agent.jar=port=7008,logHandlerClass=net.corda.webserver.JolokiaSlf4Adapter -javaagent:/home/anixon604/.capsule/apps/net.corda.webserver.WebServer_3.3-corda/quasar-core-0.7.9-jdk8.jar -Dvisualvm.display.name=Corda -Djava.library.path=/usr/java/packages/lib/amd64:/usr/lib64:/lib64:/lib:/usr/lib:/home/anixon604/.capsule/apps/net.corda.webserver.WebServer_3.3-corda -Dcapsule.app=net.corda.webserver.WebServer_3.3-corda -Dname=Buyer-corda-webserver.jar -DWebserver -Dcapsule.dir=/home/anixon604/.capsule/apps/net.corda.webserver.WebServer_3.3-corda -Dcapsule.jar=/home/anixon604/dev/samples/cordapp-example/java-source/build/nodes/Buyer/corda-webserver.jar {}
[INFO ] 2019-02-17T10:54:50,112Z [main] Main.main - Application Args:  {}
[INFO ] 2019-02-17T10:54:50,113Z [main] Main.main - bootclasspath: /usr/lib/jvm/java-8-oracle/jre/lib/resources.jar:/usr/lib/jvm/java-8-oracle/jre/lib/rt.jar:/usr/lib/jvm/java-8-oracle/jre/lib/sunrsasign.jar:/usr/lib/jvm/java-8-oracle/jre/lib/jsse.jar:/usr/lib/jvm/java-8-oracle/jre/lib/jce.jar:/usr/lib/jvm/java-8-oracle/jre/lib/charsets.jar:/usr/lib/jvm/java-8-oracle/jre/lib/jfr.jar:/usr/lib/jvm/java-8-oracle/jre/classes {}
[INFO ] 2019-02-17T10:54:50,113Z [main] Main.main - classpath: /home/anixon604/dev/samples/cordapp-example/java-source/build/nodes/Buyer/corda-webserver.jar:/home/anixon604/.capsule/apps/net.corda.webserver.WebServer_3.3-corda/corda-rpc-3.3-corda.jar:/home/anixon604/.capsule/apps/net.corda.webserver.WebServer_3.3-corda/corda-jackson-3.3-corda.jar:/home/anixon604/.capsule/apps/net.corda.webserver.WebServer_3.3-corda/corda-node-api-3.3-corda.jar:/home/anixon604/.capsule/apps/net.corda.webserver.WebServer_3.3-corda/corda-core-3.3-corda.jar:/home/anixon604/.capsule/apps/net.corda.webserver.WebServer_3.3-corda/jetty-webapp-9.4.7.v20170914.jar:/home/anixon604/.capsule/apps/net.corda.webserver.WebServer_3.3-corda/jetty-servlet-9.4.7.v20170914.jar:/home/anixon604/.capsule/apps/net.corda.webserver.WebServer_3.3-corda/jersey-container-jetty-http-2.25.jar:/home/anixon604/.capsule/apps/net.corda.webserver.WebServer_3.3-corda/jetty-security-9.4.7.v20170914.jar:/home/anixon604/.capsule/apps/net.corda.webserver.WebServer_3.3-corda/jetty-server-9.4.7.v20170914.jar:/home/anixon604/.capsule/apps/net.corda.webserver.WebServer_3.3-corda/javax.servlet-api-3.1.0.jar:/home/anixon604/.capsule/apps/net.corda.webserver.WebServer_3.3-corda/commons-fileupload-1.3.3.jar:/home/anixon604/.capsule/apps/net.corda.webserver.WebServer_3.3-corda/log4j-slf4j-impl-2.9.1.jar:/home/anixon604/.capsule/apps/net.corda.webserver.WebServer_3.3-corda/log4j-core-2.9.1.jar:/home/anixon604/.capsule/apps/net.corda.webserver.WebServer_3.3-corda/jopt-simple-5.0.2.jar:/home/anixon604/.capsule/apps/net.corda.webserver.WebServer_3.3-corda/jetty-continuation-9.4.7.v20170914.jar:/home/anixon604/.capsule/apps/net.corda.webserver.WebServer_3.3-corda/jersey-container-servlet-2.25.jar:/home/anixon604/.capsule/apps/net.corda.webserver.WebServer_3.3-corda/jersey-container-servlet-core-2.25.jar:/home/anixon604/.capsule/apps/net.corda.webserver.WebServer_3.3-corda/jersey-server-2.25.jar:/home/anixon604/.capsule/apps/net.corda.webserver.WebServer_3.3-corda/jersey-media-json-jackson-2.25.jar:/home/anixon604/.capsule/apps/net.corda.webserver.WebServer_3.3-corda/kotlinx-html-jvm-0.6.3.jar:/home/anixon604/.capsule/apps/net.corda.webserver.WebServer_3.3-corda/kotlin-stdlib-jre8-1.1.60.jar:/home/anixon604/.capsule/apps/net.corda.webserver.WebServer_3.3-corda/jackson-module-kotlin-2.9.2.jar:/home/anixon604/.capsule/apps/net.corda.webserver.WebServer_3.3-corda/kotlin-reflect-1.1.60.jar:/home/anixon604/.capsule/apps/net.corda.webserver.WebServer_3.3-corda/cordform-common-3.2.1.jar:/home/anixon604/.capsule/apps/net.corda.webserver.WebServer_3.3-corda/jsr305-3.0.2.jar:/home/anixon604/.capsule/apps/net.corda.webserver.WebServer_3.3-corda/jcl-over-slf4j-1.7.25.jar:/home/anixon604/.capsule/apps/net.corda.webserver.WebServer_3.3-corda/slf4j-api-1.7.25.jar:/home/anixon604/.capsule/apps/net.corda.webserver.WebServer_3.3-corda/rxjava-1.2.4.jar:/home/anixon604/.capsule/apps/net.corda.webserver.WebServer_3.3-corda/commons-jexl3-3.0.jar:/home/anixon604/.capsule/apps/net.corda.webserver.WebServer_3.3-corda/jackson-datatype-jsr310-2.9.2.jar:/home/anixon604/.capsule/apps/net.corda.webserver.WebServer_3.3-corda/jackson-jaxrs-json-provider-2.8.4.jar:/home/anixon604/.capsule/apps/net.corda.webserver.WebServer_3.3-corda/jackson-jaxrs-base-2.8.4.jar:/home/anixon604/.capsule/apps/net.corda.webserver.WebServer_3.3-corda/jackson-module-jaxb-annotations-2.8.4.jar:/home/anixon604/.capsule/apps/net.corda.webserver.WebServer_3.3-corda/jackson-databind-2.9.2.jar:/home/anixon604/.capsule/apps/net.corda.webserver.WebServer_3.3-corda/eddsa-0.2.0.jar:/home/anixon604/.capsule/apps/net.corda.webserver.WebServer_3.3-corda/bcpkix-jdk15on-1.57.jar:/home/anixon604/.capsule/apps/net.corda.webserver.WebServer_3.3-corda/bcprov-jdk15on-1.57.jar:/home/anixon604/.capsule/apps/net.corda.webserver.WebServer_3.3-corda/hibernate-core-5.2.6.Final.jar:/home/anixon604/.capsule/apps/net.corda.webserver.WebServer_3.3-corda/hibernate-jpa-2.1-api-1.0.0.Final.jar:/home/anixon604/.capsule/apps/net.corda.webserver.WebServer_3.3-corda/quasar-core-0.7.9-jdk8.jar:/home/anixon604/.capsule/apps/net.corda.webserver.WebServer_3.3-corda/jackson-dataformat-yaml-2.9.2.jar:/home/anixon604/.capsule/apps/net.corda.webserver.WebServer_3.3-corda/artemis-core-client-2.2.0.jar:/home/anixon604/.capsule/apps/net.corda.webserver.WebServer_3.3-corda/artemis-commons-2.2.0.jar:/home/anixon604/.capsule/apps/net.corda.webserver.WebServer_3.3-corda/guava-21.0.jar:/home/anixon604/.capsule/apps/net.corda.webserver.WebServer_3.3-corda/jetty-xml-9.4.7.v20170914.jar:/home/anixon604/.capsule/apps/net.corda.webserver.WebServer_3.3-corda/commons-io-2.2.jar:/home/anixon604/.capsule/apps/net.corda.webserver.WebServer_3.3-corda/log4j-api-2.9.1.jar:/home/anixon604/.capsule/apps/net.corda.webserver.WebServer_3.3-corda/jersey-client-2.25.jar:/home/anixon604/.capsule/apps/net.corda.webserver.WebServer_3.3-corda/jersey-media-jaxb-2.25.jar:/home/anixon604/.capsule/apps/net.corda.webserver.WebServer_3.3-corda/jersey-common-2.25.jar:/home/anixon604/.capsule/apps/net.corda.webserver.WebServer_3.3-corda/jersey-entity-filtering-2.25.jar:/home/anixon604/.capsule/apps/net.corda.webserver.WebServer_3.3-corda/javax.ws.rs-api-2.0.1.jar:/home/anixon604/.capsule/apps/net.corda.webserver.WebServer_3.3-corda/javax.annotation-api-1.2.jar:/home/anixon604/.capsule/apps/net.corda.webserver.WebServer_3.3-corda/hk2-locator-2.5.0-b30.jar:/home/anixon604/.capsule/apps/net.corda.webserver.WebServer_3.3-corda/hk2-api-2.5.0-b30.jar:/home/anixon604/.capsule/apps/net.corda.webserver.WebServer_3.3-corda/javax.inject-2.5.0-b30.jar:/home/anixon604/.capsule/apps/net.corda.webserver.WebServer_3.3-corda/validation-api-1.1.0.Final.jar:/home/anixon604/.capsule/apps/net.corda.webserver.WebServer_3.3-corda/jetty-http-9.4.7.v20170914.jar:/home/anixon604/.capsule/apps/net.corda.webserver.WebServer_3.3-corda/jetty-io-9.4.7.v20170914.jar:/home/anixon604/.capsule/apps/net.corda.webserver.WebServer_3.3-corda/jetty-util-9.4.7.v20170914.jar:/home/anixon604/.capsule/apps/net.corda.webserver.WebServer_3.3-corda/jackson-annotations-2.9.0.jar:/home/anixon604/.capsule/apps/net.corda.webserver.WebServer_3.3-corda/kotlin-stdlib-jre7-1.1.60.jar:/home/anixon604/.capsule/apps/net.corda.webserver.WebServer_3.3-corda/kotlin-stdlib-1.1.60.jar:/home/anixon604/.capsule/apps/net.corda.webserver.WebServer_3.3-corda/jackson-core-2.9.2.jar:/home/anixon604/.capsule/apps/net.corda.webserver.WebServer_3.3-corda/hibernate-commons-annotations-5.0.1.Final.jar:/home/anixon604/.capsule/apps/net.corda.webserver.WebServer_3.3-corda/jboss-logging-3.3.0.Final.jar:/home/anixon604/.capsule/apps/net.corda.webserver.WebServer_3.3-corda/javassist-3.20.0-GA.jar:/home/anixon604/.capsule/apps/net.corda.webserver.WebServer_3.3-corda/antlr-2.7.7.jar:/home/anixon604/.capsule/apps/net.corda.webserver.WebServer_3.3-corda/geronimo-jta_1.1_spec-1.1.1.jar:/home/anixon604/.capsule/apps/net.corda.webserver.WebServer_3.3-corda/jandex-2.0.3.Final.jar:/home/anixon604/.capsule/apps/net.corda.webserver.WebServer_3.3-corda/classmate-1.3.0.jar:/home/anixon604/.capsule/apps/net.corda.webserver.WebServer_3.3-corda/dom4j-1.6.1.jar:/home/anixon604/.capsule/apps/net.corda.webserver.WebServer_3.3-corda/cdi-api-1.1.jar:/home/anixon604/.capsule/apps/net.corda.webserver.WebServer_3.3-corda/commons-collections4-4.1.jar:/home/anixon604/.capsule/apps/net.corda.webserver.WebServer_3.3-corda/commons-beanutils-1.9.3.jar:/home/anixon604/.capsule/apps/net.corda.webserver.WebServer_3.3-corda/config-1.3.1.jar:/home/anixon604/.capsule/apps/net.corda.webserver.WebServer_3.3-corda/kryo-serializers-0.41.jar:/home/anixon604/.capsule/apps/net.corda.webserver.WebServer_3.3-corda/kryo-4.0.0.jar:/home/anixon604/.capsule/apps/net.corda.webserver.WebServer_3.3-corda/proton-j-0.21.0.jar:/home/anixon604/.capsule/apps/net.corda.webserver.WebServer_3.3-corda/fast-classpath-scanner-2.12.3.jar:/home/anixon604/.capsule/apps/net.corda.webserver.WebServer_3.3-corda/snakeyaml-1.18.jar:/home/anixon604/.capsule/apps/net.corda.webserver.WebServer_3.3-corda/jersey-guava-2.25.jar:/home/anixon604/.capsule/apps/net.corda.webserver.WebServer_3.3-corda/osgi-resource-locator-1.0.1.jar:/home/anixon604/.capsule/apps/net.corda.webserver.WebServer_3.3-corda/hk2-utils-2.5.0-b30.jar:/home/anixon604/.capsule/apps/net.corda.webserver.WebServer_3.3-corda/aopalliance-repackaged-2.5.0-b30.jar:/home/anixon604/.capsule/apps/net.corda.webserver.WebServer_3.3-corda/el-api-2.2.jar:/home/anixon604/.capsule/apps/net.corda.webserver.WebServer_3.3-corda/jboss-interceptors-api_1.1_spec-1.0.0.Beta1.jar:/home/anixon604/.capsule/apps/net.corda.webserver.WebServer_3.3-corda/jsr250-api-1.0.jar:/home/anixon604/.capsule/apps/net.corda.webserver.WebServer_3.3-corda/javax.inject-1.jar:/home/anixon604/.capsule/apps/net.corda.webserver.WebServer_3.3-corda/commons-collections-3.2.2.jar:/home/anixon604/.capsule/apps/net.corda.webserver.WebServer_3.3-corda/jgroups-3.6.13.Final.jar:/home/anixon604/.capsule/apps/net.corda.webserver.WebServer_3.3-corda/netty-all-4.1.9.Final.jar:/home/anixon604/.capsule/apps/net.corda.webserver.WebServer_3.3-corda/geronimo-json_1.0_spec-1.0-alpha-1.jar:/home/anixon604/.capsule/apps/net.corda.webserver.WebServer_3.3-corda/johnzon-core-0.9.5.jar:/home/anixon604/.capsule/apps/net.corda.webserver.WebServer_3.3-corda/reflectasm-1.11.3.jar:/home/anixon604/.capsule/apps/net.corda.webserver.WebServer_3.3-corda/minlog-1.3.0.jar:/home/anixon604/.capsule/apps/net.corda.webserver.WebServer_3.3-corda/objenesis-2.2.jar:/home/anixon604/.capsule/apps/net.corda.webserver.WebServer_3.3-corda/asm-5.0.4.jar:/home/anixon604/.capsule/apps/net.corda.webserver.WebServer_3.3-corda/annotations-13.0.jar:/home/anixon604/.capsule/apps/net.corda.webserver.WebServer_3.3-corda/corda-webserver-impl-3.3-corda.jar:/home/anixon604/dev/samples/cordapp-example/java-source/build/nodes/Buyer/cordapps/corda-finance-3.3-corda.jar:/home/anixon604/dev/samples/cordapp-example/java-source/build/nodes/Buyer/cordapps/cordapp-example-0.1.jar:drivers/jolokia-jvm-1.3.7-agent.jar:/home/anixon604/.capsule/apps/net.corda.webserver.WebServer_3.3-corda/quasar-core-0.7.9-jdk8.jar {}
[INFO ] 2019-02-17T10:54:50,118Z [main] Main.main - VM Java HotSpot(TM) 64-Bit Server VM Oracle Corporation 25.201-b09 {}
[INFO ] 2019-02-17T10:54:50,118Z [main] Main.main - Machine: nixT480s {}
[INFO ] 2019-02-17T10:54:50,119Z [main] Main.main - Working Directory: /home/anixon604/dev/samples/cordapp-example/java-source/build/nodes/Buyer {}
[INFO ] 2019-02-17T10:54:57,602Z [main] Main.main - Starting as webserver on localhost:10012 {}
[INFO ] 2019-02-17T10:54:58,137Z [main] BasicInfo.logAndMaybePrint - Starting as webserver: localhost:10012 {}
[WARN ] 2019-02-17T10:55:00,043Z [main] internal.config.defaultToOldPath - Config key user has been deprecated and will be removed in a future release. Use username instead {}
[INFO ] 2019-02-17T10:55:00,107Z [main] internal.NodeWebServer.connectLocalRpcAsNodeUser - Connecting to node at localhost:10011 as User(user1, permissions=[ALL]) {}
[INFO ] 2019-02-17T10:55:07,758Z [main] internal.RPCClient.logElapsedTime - Startup took 5770 msec {}
[WARN ] 2019-02-17T10:55:08,759Z [main] internal.config.defaultToOldPath - Config key user has been deprecated and will be removed in a future release. Use username instead {}
[INFO ] 2019-02-17T10:55:08,760Z [main] internal.NodeWebServer.connectLocalRpcAsNodeUser - Connecting to node at localhost:10011 as User(user1, permissions=[ALL]) {}
[INFO ] 2019-02-17T10:55:08,813Z [main] internal.RPCClient.logElapsedTime - Startup took 52 msec {}
[WARN ] 2019-02-17T10:55:09,814Z [main] internal.config.defaultToOldPath - Config key user has been deprecated and will be removed in a future release. Use username instead {}
[INFO ] 2019-02-17T10:55:09,815Z [main] internal.NodeWebServer.connectLocalRpcAsNodeUser - Connecting to node at localhost:10011 as User(user1, permissions=[ALL]) {}
[INFO ] 2019-02-17T10:55:09,846Z [main] internal.RPCClient.logElapsedTime - Startup took 29 msec {}
[WARN ] 2019-02-17T10:55:10,847Z [main] internal.config.defaultToOldPath - Config key user has been deprecated and will be removed in a future release. Use username instead {}
[INFO ] 2019-02-17T10:55:10,848Z [main] internal.NodeWebServer.connectLocalRpcAsNodeUser - Connecting to node at localhost:10011 as User(user1, permissions=[ALL]) {}
[INFO ] 2019-02-17T10:55:10,855Z [main] internal.RPCClient.logElapsedTime - Startup took 7 msec {}
[WARN ] 2019-02-17T10:55:11,856Z [main] internal.config.defaultToOldPath - Config key user has been deprecated and will be removed in a future release. Use username instead {}
[INFO ] 2019-02-17T10:55:11,857Z [main] internal.NodeWebServer.connectLocalRpcAsNodeUser - Connecting to node at localhost:10011 as User(user1, permissions=[ALL]) {}
[INFO ] 2019-02-17T10:55:11,870Z [main] internal.RPCClient.logElapsedTime - Startup took 12 msec {}
[WARN ] 2019-02-17T10:55:12,871Z [main] internal.config.defaultToOldPath - Config key user has been deprecated and will be removed in a future release. Use username instead {}
[INFO ] 2019-02-17T10:55:12,872Z [main] internal.NodeWebServer.connectLocalRpcAsNodeUser - Connecting to node at localhost:10011 as User(user1, permissions=[ALL]) {}
[INFO ] 2019-02-17T10:55:12,918Z [main] internal.RPCClient.logElapsedTime - Startup took 45 msec {}
[WARN ] 2019-02-17T10:55:13,922Z [main] internal.config.defaultToOldPath - Config key user has been deprecated and will be removed in a future release. Use username instead {}
[INFO ] 2019-02-17T10:55:13,925Z [main] internal.NodeWebServer.connectLocalRpcAsNodeUser - Connecting to node at localhost:10011 as User(user1, permissions=[ALL]) {}
[INFO ] 2019-02-17T10:55:13,949Z [main] internal.RPCClient.logElapsedTime - Startup took 23 msec {}
[WARN ] 2019-02-17T10:55:14,951Z [main] internal.config.defaultToOldPath - Config key user has been deprecated and will be removed in a future release. Use username instead {}
[INFO ] 2019-02-17T10:55:14,953Z [main] internal.NodeWebServer.connectLocalRpcAsNodeUser - Connecting to node at localhost:10011 as User(user1, permissions=[ALL]) {}
[INFO ] 2019-02-17T10:55:14,971Z [main] internal.RPCClient.logElapsedTime - Startup took 17 msec {}
[WARN ] 2019-02-17T10:55:15,972Z [main] internal.config.defaultToOldPath - Config key user has been deprecated and will be removed in a future release. Use username instead {}
[INFO ] 2019-02-17T10:55:15,974Z [main] internal.NodeWebServer.connectLocalRpcAsNodeUser - Connecting to node at localhost:10011 as User(user1, permissions=[ALL]) {}
[INFO ] 2019-02-17T10:55:16,008Z [main] internal.RPCClient.logElapsedTime - Startup took 32 msec {}
[WARN ] 2019-02-17T10:55:17,009Z [main] internal.config.defaultToOldPath - Config key user has been deprecated and will be removed in a future release. Use username instead {}
[INFO ] 2019-02-17T10:55:17,010Z [main] internal.NodeWebServer.connectLocalRpcAsNodeUser - Connecting to node at localhost:10011 as User(user1, permissions=[ALL]) {}
[INFO ] 2019-02-17T10:55:17,054Z [main] internal.RPCClient.logElapsedTime - Startup took 43 msec {}
[WARN ] 2019-02-17T10:55:18,055Z [main] internal.config.defaultToOldPath - Config key user has been deprecated and will be removed in a future release. Use username instead {}
[INFO ] 2019-02-17T10:55:18,057Z [main] internal.NodeWebServer.connectLocalRpcAsNodeUser - Connecting to node at localhost:10011 as User(user1, permissions=[ALL]) {}
[INFO ] 2019-02-17T10:55:18,094Z [main] internal.RPCClient.logElapsedTime - Startup took 36 msec {}
[WARN ] 2019-02-17T10:55:19,094Z [main] internal.config.defaultToOldPath - Config key user has been deprecated and will be removed in a future release. Use username instead {}
[INFO ] 2019-02-17T10:55:19,096Z [main] internal.NodeWebServer.connectLocalRpcAsNodeUser - Connecting to node at localhost:10011 as User(user1, permissions=[ALL]) {}
[INFO ] 2019-02-17T10:55:19,121Z [main] internal.RPCClient.logElapsedTime - Startup took 24 msec {}
[WARN ] 2019-02-17T10:55:20,122Z [main] internal.config.defaultToOldPath - Config key user has been deprecated and will be removed in a future release. Use username instead {}
[INFO ] 2019-02-17T10:55:20,123Z [main] internal.NodeWebServer.connectLocalRpcAsNodeUser - Connecting to node at localhost:10011 as User(user1, permissions=[ALL]) {}
[INFO ] 2019-02-17T10:55:20,142Z [main] internal.RPCClient.logElapsedTime - Startup took 16 msec {}
[WARN ] 2019-02-17T10:55:21,143Z [main] internal.config.defaultToOldPath - Config key user has been deprecated and will be removed in a future release. Use username instead {}
[INFO ] 2019-02-17T10:55:21,144Z [main] internal.NodeWebServer.connectLocalRpcAsNodeUser - Connecting to node at localhost:10011 as User(user1, permissions=[ALL]) {}
[INFO ] 2019-02-17T10:55:31,245Z [main] internal.RPCClient.logElapsedTime - Startup took 10100 msec {}
[INFO ] 2019-02-17T10:55:31,280Z [main] util.log.initialized - Logging initialized @59316ms to org.eclipse.jetty.util.log.Slf4jLog {}
[INFO ] 2019-02-17T10:55:33,497Z [main] internal.NodeWebServer.buildServletContextHandler - Add plugin web API from attachment com.example.plugin.ExamplePlugin$$Lambda$9/1364140064@2cdcedef {}
[INFO ] 2019-02-17T10:55:34,707Z [main] server.Server.doStart - jetty-9.4.7.v20170914 {}
[INFO ] 2019-02-17T10:55:36,697Z [main] handler.ContextHandler.doStart - Started o.e.j.s.ServletContextHandler@e00f822{/,null,AVAILABLE} {}
[INFO ] 2019-02-17T10:55:36,713Z [main] server.AbstractConnector.doStart - Started ServerConnector@5843ab8{HTTP/1.1,[http/1.1]}{0.0.0.0:10012} {}
[INFO ] 2019-02-17T10:55:36,714Z [main] server.Server.doStart - Started @64754ms {}
[INFO ] 2019-02-17T10:55:36,714Z [main] internal.NodeWebServer.initWebServer - Starting webserver on address localhost:10012 {}
