[INFO ] 2019-02-17T09:02:26,974Z [main] webserver.CmdLineOptions.loadConfig - Config:
{
    # /home/anixon604/dev/samples/cordapp-example/build/20190217-090144.276/Buyer/node.conf: 3
    # reference.conf @ jar:file:/home/anixon604/.gradle/caches/modules-2/files-2.1/net.corda/corda-node/3.3-corda/c617459a941380101a1bf44d91674959c940165d/corda-node-3.3-corda.jar!/reference.conf: 20
    "activeMQServer" : {
        # /home/anixon604/dev/samples/cordapp-example/build/20190217-090144.276/Buyer/node.conf: 5
        # reference.conf @ jar:file:/home/anixon604/.gradle/caches/modules-2/files-2.1/net.corda/corda-node/3.3-corda/c617459a941380101a1bf44d91674959c940165d/corda-node-3.3-corda.jar!/reference.conf: 21
        "bridge" : {
            # /home/anixon604/dev/samples/cordapp-example/build/20190217-090144.276/Buyer/node.conf: 7
            # reference.conf @ jar:file:/home/anixon604/.gradle/caches/modules-2/files-2.1/net.corda/corda-node/3.3-corda/c617459a941380101a1bf44d91674959c940165d/corda-node-3.3-corda.jar!/reference.conf: 24
            "maxRetryIntervalMin" : 3,
            # /home/anixon604/dev/samples/cordapp-example/build/20190217-090144.276/Buyer/node.conf: 9
            # reference.conf @ jar:file:/home/anixon604/.gradle/caches/modules-2/files-2.1/net.corda/corda-node/3.3-corda/c617459a941380101a1bf44d91674959c940165d/corda-node-3.3-corda.jar!/reference.conf: 22
            "retryIntervalMs" : 5000,
            # /home/anixon604/dev/samples/cordapp-example/build/20190217-090144.276/Buyer/node.conf: 11
            # reference.conf @ jar:file:/home/anixon604/.gradle/caches/modules-2/files-2.1/net.corda/corda-node/3.3-corda/c617459a941380101a1bf44d91674959c940165d/corda-node-3.3-corda.jar!/reference.conf: 23
            "retryIntervalMultiplier" : 1.5
        }
    },
    # hardcoded value
    "baseDirectory" : "/home/anixon604/dev/samples/cordapp-example/build/20190217-090144.276/Buyer",
    # /home/anixon604/dev/samples/cordapp-example/build/20190217-090144.276/Buyer/node.conf: 17
    # merge of reference.conf @ jar:file:/home/anixon604/.gradle/caches/modules-2/files-2.1/net.corda/corda-node/3.3-corda/c617459a941380101a1bf44d91674959c940165d/corda-node-3.3-corda.jar!/reference.conf: 6,reference.conf @ jar:file:/home/anixon604/.gradle/caches/modules-2/files-2.1/net.corda/corda/3.3-corda/c634cc8e8d8d4440532a3da10d09ca080486319b/corda-3.3-corda.jar!/reference.conf: 6,reference.conf @ jar:file:/home/anixon604/.gradle/caches/modules-2/files-2.1/net.corda/corda-webserver/3.3-corda/676d262432ac6c4e59cb139fd104221b967522b9/corda-webserver-3.3-corda.jar!/reference.conf: 6
    "dataSourceProperties" : {
        # /home/anixon604/dev/samples/cordapp-example/build/20190217-090144.276/Buyer/node.conf: 19
        # reference.conf @ jar:file:/home/anixon604/.gradle/caches/modules-2/files-2.1/net.corda/corda-node/3.3-corda/c617459a941380101a1bf44d91674959c940165d/corda-node-3.3-corda.jar!/reference.conf: 10
        "dataSource.password" : "",
        # /home/anixon604/dev/samples/cordapp-example/build/20190217-090144.276/Buyer/node.conf: 21
        # merge of reference.conf @ jar:file:/home/anixon604/.gradle/caches/modules-2/files-2.1/net.corda/corda-node/3.3-corda/c617459a941380101a1bf44d91674959c940165d/corda-node-3.3-corda.jar!/reference.conf: 8,hardcoded value,reference.conf @ jar:file:/home/anixon604/.gradle/caches/modules-2/files-2.1/net.corda/corda-node/3.3-corda/c617459a941380101a1bf44d91674959c940165d/corda-node-3.3-corda.jar!/reference.conf: 8,reference.conf @ jar:file:/home/anixon604/.gradle/caches/modules-2/files-2.1/net.corda/corda-node/3.3-corda/c617459a941380101a1bf44d91674959c940165d/corda-node-3.3-corda.jar!/reference.conf: 17
        "dataSource.url" : "jdbc:h2:file:/home/anixon604/dev/samples/cordapp-example/build/20190217-090144.276/Buyer/persistence;DB_CLOSE_ON_EXIT=FALSE;LOCK_TIMEOUT=10000;WRITE_DELAY=100;AUTO_SERVER_PORT=0",
        # /home/anixon604/dev/samples/cordapp-example/build/20190217-090144.276/Buyer/node.conf: 23
        # reference.conf @ jar:file:/home/anixon604/.gradle/caches/modules-2/files-2.1/net.corda/corda-node/3.3-corda/c617459a941380101a1bf44d91674959c940165d/corda-node-3.3-corda.jar!/reference.conf: 9
        "dataSource.user" : "sa",
        # /home/anixon604/dev/samples/cordapp-example/build/20190217-090144.276/Buyer/node.conf: 25
        # reference.conf @ jar:file:/home/anixon604/.gradle/caches/modules-2/files-2.1/net.corda/corda-node/3.3-corda/c617459a941380101a1bf44d91674959c940165d/corda-node-3.3-corda.jar!/reference.conf: 7
        "dataSourceClassName" : "org.h2.jdbcx.JdbcDataSource"
    },
    # /home/anixon604/dev/samples/cordapp-example/build/20190217-090144.276/Buyer/node.conf: 28
    # reference.conf @ jar:file:/home/anixon604/.gradle/caches/modules-2/files-2.1/net.corda/corda-node/3.3-corda/c617459a941380101a1bf44d91674959c940165d/corda-node-3.3-corda.jar!/reference.conf: 12
    "database" : {
        # /home/anixon604/dev/samples/cordapp-example/build/20190217-090144.276/Buyer/node.conf: 30
        # reference.conf @ jar:file:/home/anixon604/.gradle/caches/modules-2/files-2.1/net.corda/corda-node/3.3-corda/c617459a941380101a1bf44d91674959c940165d/corda-node-3.3-corda.jar!/reference.conf: 14
        "exportHibernateJMXStatistics" : "false",
        # /home/anixon604/dev/samples/cordapp-example/build/20190217-090144.276/Buyer/node.conf: 32
        # reference.conf @ jar:file:/home/anixon604/.gradle/caches/modules-2/files-2.1/net.corda/corda-node/3.3-corda/c617459a941380101a1bf44d91674959c940165d/corda-node-3.3-corda.jar!/reference.conf: 13
        "transactionIsolationLevel" : "REPEATABLE_READ"
    },
    # /home/anixon604/dev/samples/cordapp-example/build/20190217-090144.276/Buyer/node.conf: 35
    # reference.conf @ jar:file:/home/anixon604/.gradle/caches/modules-2/files-2.1/net.corda/corda-node/3.3-corda/c617459a941380101a1bf44d91674959c940165d/corda-node-3.3-corda.jar!/reference.conf: 16
    "devMode" : true,
    # /home/anixon604/dev/samples/cordapp-example/build/20190217-090144.276/Buyer/node.conf: 37
    # reference.conf @ jar:file:/home/anixon604/.gradle/caches/modules-2/files-2.1/net.corda/corda-node/3.3-corda/c617459a941380101a1bf44d91674959c940165d/corda-node-3.3-corda.jar!/reference.conf: 2
    "emailAddress" : "admin@company.com",
    # /home/anixon604/dev/samples/cordapp-example/build/20190217-090144.276/Buyer/node.conf: 39
    # reference.conf @ jar:file:/home/anixon604/.gradle/caches/modules-2/files-2.1/net.corda/corda-node/3.3-corda/c617459a941380101a1bf44d91674959c940165d/corda-node-3.3-corda.jar!/reference.conf: 3
    "exportJMXto" : "http",
    # /home/anixon604/dev/samples/cordapp-example/build/20190217-090144.276/Buyer/node.conf: 41
    # reference.conf @ jar:file:/home/anixon604/.gradle/caches/modules-2/files-2.1/net.corda/corda-node/3.3-corda/c617459a941380101a1bf44d91674959c940165d/corda-node-3.3-corda.jar!/reference.conf: 31
    "flowTimeout" : {
        # /home/anixon604/dev/samples/cordapp-example/build/20190217-090144.276/Buyer/node.conf: 43
        # reference.conf @ jar:file:/home/anixon604/.gradle/caches/modules-2/files-2.1/net.corda/corda-node/3.3-corda/c617459a941380101a1bf44d91674959c940165d/corda-node-3.3-corda.jar!/reference.conf: 34
        "backoffBase" : 1.8,
        # /home/anixon604/dev/samples/cordapp-example/build/20190217-090144.276/Buyer/node.conf: 45
        # reference.conf @ jar:file:/home/anixon604/.gradle/caches/modules-2/files-2.1/net.corda/corda-node/3.3-corda/c617459a941380101a1bf44d91674959c940165d/corda-node-3.3-corda.jar!/reference.conf: 33
        "maxRestartCount" : 5,
        # /home/anixon604/dev/samples/cordapp-example/build/20190217-090144.276/Buyer/node.conf: 47
        # reference.conf @ jar:file:/home/anixon604/.gradle/caches/modules-2/files-2.1/net.corda/corda-node/3.3-corda/c617459a941380101a1bf44d91674959c940165d/corda-node-3.3-corda.jar!/reference.conf: 32
        "timeout" : "30 seconds"
    },
    # /home/anixon604/dev/samples/cordapp-example/build/20190217-090144.276/Buyer/node.conf: 50
    # reference.conf @ jar:file:/home/anixon604/.gradle/caches/modules-2/files-2.1/net.corda/corda-node/3.3-corda/c617459a941380101a1bf44d91674959c940165d/corda-node-3.3-corda.jar!/reference.conf: 17
    "h2port" : 0,
    # /home/anixon604/dev/samples/cordapp-example/build/20190217-090144.276/Buyer/node.conf: 52
    # reference.conf @ jar:file:/home/anixon604/.gradle/caches/modules-2/files-2.1/net.corda/corda-node/3.3-corda/c617459a941380101a1bf44d91674959c940165d/corda-node-3.3-corda.jar!/reference.conf: 4
    "keyStorePassword" : "cordacadevpass",
    # /home/anixon604/dev/samples/cordapp-example/build/20190217-090144.276/Buyer/node.conf: 54
    # hardcoded value
    "myLegalName" : "O=Buyer, L=New York, C=US",
    # /home/anixon604/dev/samples/cordapp-example/build/20190217-090144.276/Buyer/node.conf: 56
    # hardcoded value
    "p2pAddress" : "localhost:10001",
    # /home/anixon604/dev/samples/cordapp-example/build/20190217-090144.276/Buyer/node.conf: 58
    # merge of hardcoded value,reference.conf @ jar:file:/home/anixon604/.gradle/caches/modules-2/files-2.1/net.corda/corda-node/3.3-corda/c617459a941380101a1bf44d91674959c940165d/corda-node-3.3-corda.jar!/reference.conf: 27
    "rpcSettings" : {
        # /home/anixon604/dev/samples/cordapp-example/build/20190217-090144.276/Buyer/node.conf: 60
        # hardcoded value
        "address" : "localhost:10011",
        # /home/anixon604/dev/samples/cordapp-example/build/20190217-090144.276/Buyer/node.conf: 62
        # hardcoded value
        "adminAddress" : "localhost:10051",
        # /home/anixon604/dev/samples/cordapp-example/build/20190217-090144.276/Buyer/node.conf: 64
        # reference.conf @ jar:file:/home/anixon604/.gradle/caches/modules-2/files-2.1/net.corda/corda-node/3.3-corda/c617459a941380101a1bf44d91674959c940165d/corda-node-3.3-corda.jar!/reference.conf: 29
        "standAloneBroker" : false,
        # /home/anixon604/dev/samples/cordapp-example/build/20190217-090144.276/Buyer/node.conf: 66
        # reference.conf @ jar:file:/home/anixon604/.gradle/caches/modules-2/files-2.1/net.corda/corda-node/3.3-corda/c617459a941380101a1bf44d91674959c940165d/corda-node-3.3-corda.jar!/reference.conf: 28
        "useSsl" : false
    },
    # /home/anixon604/dev/samples/cordapp-example/build/20190217-090144.276/Buyer/node.conf: 69
    # hardcoded value
    "rpcUsers" : [
        # /home/anixon604/dev/samples/cordapp-example/build/20190217-090144.276/Buyer/node.conf: 71
        #  hardcoded value
        {
            # /home/anixon604/dev/samples/cordapp-example/build/20190217-090144.276/Buyer/node.conf: 73
            # hardcoded value
            "password" : "test",
            # /home/anixon604/dev/samples/cordapp-example/build/20190217-090144.276/Buyer/node.conf: 75
            # hardcoded value
            "permissions" : [
                # /home/anixon604/dev/samples/cordapp-example/build/20190217-090144.276/Buyer/node.conf: 77
                #  hardcoded value
                "ALL",
                # /home/anixon604/dev/samples/cordapp-example/build/20190217-090144.276/Buyer/node.conf: 79
                #  hardcoded value
                "InvokeRpc.nodeInfo",
                # /home/anixon604/dev/samples/cordapp-example/build/20190217-090144.276/Buyer/node.conf: 81
                #  hardcoded value
                "InvokeRpc.networkMapFeed",
                # /home/anixon604/dev/samples/cordapp-example/build/20190217-090144.276/Buyer/node.conf: 83
                #  hardcoded value
                "InvokeRpc.networkMapSnapshot",
                # /home/anixon604/dev/samples/cordapp-example/build/20190217-090144.276/Buyer/node.conf: 85
                #  hardcoded value
                "InvokeRpc.notaryIdentities",
                # /home/anixon604/dev/samples/cordapp-example/build/20190217-090144.276/Buyer/node.conf: 87
                #  hardcoded value
                "InvokeRpc.stateMachinesFeed",
                # /home/anixon604/dev/samples/cordapp-example/build/20190217-090144.276/Buyer/node.conf: 89
                #  hardcoded value
                "InvokeRpc.stateMachineRecordedTransactionMappingFeed",
                # /home/anixon604/dev/samples/cordapp-example/build/20190217-090144.276/Buyer/node.conf: 91
                #  hardcoded value
                "InvokeRpc.nodeInfoFromParty",
                # /home/anixon604/dev/samples/cordapp-example/build/20190217-090144.276/Buyer/node.conf: 93
                #  hardcoded value
                "InvokeRpc.internalVerifiedTransactionsFeed",
                # /home/anixon604/dev/samples/cordapp-example/build/20190217-090144.276/Buyer/node.conf: 95
                #  hardcoded value
                "InvokeRpc.vaultQueryBy",
                # /home/anixon604/dev/samples/cordapp-example/build/20190217-090144.276/Buyer/node.conf: 97
                #  hardcoded value
                "InvokeRpc.vaultTrackBy",
                # /home/anixon604/dev/samples/cordapp-example/build/20190217-090144.276/Buyer/node.conf: 99
                #  hardcoded value
                "InvokeRpc.registeredFlows"
            ],
            # /home/anixon604/dev/samples/cordapp-example/build/20190217-090144.276/Buyer/node.conf: 102
            # hardcoded value
            "username" : "user1"
        }
    ],
    # /home/anixon604/dev/samples/cordapp-example/build/20190217-090144.276/Buyer/node.conf: 106
    # reference.conf @ jar:file:/home/anixon604/.gradle/caches/modules-2/files-2.1/net.corda/corda-node/3.3-corda/c617459a941380101a1bf44d91674959c940165d/corda-node-3.3-corda.jar!/reference.conf: 5
    "trustStorePassword" : "trustpass",
    # web-reference.conf @ jar:file:/home/anixon604/.gradle/caches/modules-2/files-2.1/net.corda/corda-webserver-impl/3.3-corda/7467b77ffe5d10f7a60eafba00316ff8a5d22caf/corda-webserver-impl-3.3-corda.jar!/web-reference.conf: 1
    "useHTTPS" : false,
    # /home/anixon604/dev/samples/cordapp-example/build/20190217-090144.276/Buyer/node.conf: 108
    # hardcoded value
    "useTestClock" : false,
    # /home/anixon604/dev/samples/cordapp-example/build/20190217-090144.276/Buyer/node.conf: 110
    # hardcoded value
    "verifierType" : "InMemory",
    # /home/anixon604/dev/samples/cordapp-example/build/20190217-090144.276/Buyer/node.conf: 112
    # hardcoded value
    "webAddress" : "localhost:10012"
}
 {}
[INFO ] 2019-02-17T09:02:27,904Z [main] BasicInfo.logAndMaybePrint - Starting as webserver: localhost:10012 {}
[INFO ] 2019-02-17T09:02:27,975Z [main] internal.NodeWebServer.connectLocalRpcAsNodeUser - Connecting to node at localhost:10011 as User(user1, permissions=[ALL, InvokeRpc.nodeInfo, InvokeRpc.networkMapFeed, InvokeRpc.networkMapSnapshot, InvokeRpc.notaryIdentities, InvokeRpc.stateMachinesFeed, InvokeRpc.stateMachineRecordedTransactionMappingFeed, InvokeRpc.nodeInfoFromParty, InvokeRpc.internalVerifiedTransactionsFeed, InvokeRpc.vaultQueryBy, InvokeRpc.vaultTrackBy, InvokeRpc.registeredFlows]) {}
[INFO ] 2019-02-17T09:02:30,098Z [main] internal.RPCClient.logElapsedTime - Startup took 2006 msec {}
[INFO ] 2019-02-17T09:02:30,943Z [main] internal.NodeWebServer.buildServletContextHandler - Add plugin web API from attachment com.example.plugin.ExamplePlugin$$Lambda$9/903716563@44a6a68e {}
[INFO ] 2019-02-17T09:02:33,429Z [main] internal.NodeWebServer.initWebServer - Starting webserver on address localhost:10012 {}
