[INFO ] 2019-02-17T01:36:52,024Z [main] BasicInfo.printBasicNodeInfo - Logs can be found in                    : /home/anixon604/dev/samples/cordapp-example/build/20190217-013639.313/PartyC/logs {}
[INFO ] 2019-02-17T01:36:52,248Z [main] config.ConfigHelper.loadConfig - Config:
{
    # /home/anixon604/dev/samples/cordapp-example/build/20190217-013639.313/PartyC/node.conf: 3
    # reference.conf @ jar:file:/home/anixon604/.gradle/caches/modules-2/files-2.1/net.corda/corda-node/3.3-corda/c617459a941380101a1bf44d91674959c940165d/corda-node-3.3-corda.jar!/reference.conf: 20
    "activeMQServer" : {
        # /home/anixon604/dev/samples/cordapp-example/build/20190217-013639.313/PartyC/node.conf: 5
        # reference.conf @ jar:file:/home/anixon604/.gradle/caches/modules-2/files-2.1/net.corda/corda-node/3.3-corda/c617459a941380101a1bf44d91674959c940165d/corda-node-3.3-corda.jar!/reference.conf: 21
        "bridge" : {
            # /home/anixon604/dev/samples/cordapp-example/build/20190217-013639.313/PartyC/node.conf: 7
            # reference.conf @ jar:file:/home/anixon604/.gradle/caches/modules-2/files-2.1/net.corda/corda-node/3.3-corda/c617459a941380101a1bf44d91674959c940165d/corda-node-3.3-corda.jar!/reference.conf: 24
            "maxRetryIntervalMin" : 3,
            # /home/anixon604/dev/samples/cordapp-example/build/20190217-013639.313/PartyC/node.conf: 9
            # reference.conf @ jar:file:/home/anixon604/.gradle/caches/modules-2/files-2.1/net.corda/corda-node/3.3-corda/c617459a941380101a1bf44d91674959c940165d/corda-node-3.3-corda.jar!/reference.conf: 22
            "retryIntervalMs" : 5000,
            # /home/anixon604/dev/samples/cordapp-example/build/20190217-013639.313/PartyC/node.conf: 11
            # reference.conf @ jar:file:/home/anixon604/.gradle/caches/modules-2/files-2.1/net.corda/corda-node/3.3-corda/c617459a941380101a1bf44d91674959c940165d/corda-node-3.3-corda.jar!/reference.conf: 23
            "retryIntervalMultiplier" : 1.5
        }
    },
    # hardcoded value
    "baseDirectory" : "/home/anixon604/dev/samples/cordapp-example/build/20190217-013639.313/PartyC",
    # /home/anixon604/dev/samples/cordapp-example/build/20190217-013639.313/PartyC/node.conf: 17
    # merge of reference.conf @ jar:file:/home/anixon604/.gradle/caches/modules-2/files-2.1/net.corda/corda-node/3.3-corda/c617459a941380101a1bf44d91674959c940165d/corda-node-3.3-corda.jar!/reference.conf: 6,reference.conf @ jar:file:/home/anixon604/.gradle/caches/modules-2/files-2.1/net.corda/corda/3.3-corda/c634cc8e8d8d4440532a3da10d09ca080486319b/corda-3.3-corda.jar!/reference.conf: 6,reference.conf @ jar:file:/home/anixon604/.gradle/caches/modules-2/files-2.1/net.corda/corda-webserver/3.3-corda/676d262432ac6c4e59cb139fd104221b967522b9/corda-webserver-3.3-corda.jar!/reference.conf: 6
    "dataSourceProperties" : {
        # /home/anixon604/dev/samples/cordapp-example/build/20190217-013639.313/PartyC/node.conf: 19
        # reference.conf @ jar:file:/home/anixon604/.gradle/caches/modules-2/files-2.1/net.corda/corda-node/3.3-corda/c617459a941380101a1bf44d91674959c940165d/corda-node-3.3-corda.jar!/reference.conf: 10
        "dataSource.password" : "",
        # /home/anixon604/dev/samples/cordapp-example/build/20190217-013639.313/PartyC/node.conf: 21
        # merge of reference.conf @ jar:file:/home/anixon604/.gradle/caches/modules-2/files-2.1/net.corda/corda-node/3.3-corda/c617459a941380101a1bf44d91674959c940165d/corda-node-3.3-corda.jar!/reference.conf: 8,hardcoded value,reference.conf @ jar:file:/home/anixon604/.gradle/caches/modules-2/files-2.1/net.corda/corda-node/3.3-corda/c617459a941380101a1bf44d91674959c940165d/corda-node-3.3-corda.jar!/reference.conf: 8,reference.conf @ jar:file:/home/anixon604/.gradle/caches/modules-2/files-2.1/net.corda/corda-node/3.3-corda/c617459a941380101a1bf44d91674959c940165d/corda-node-3.3-corda.jar!/reference.conf: 17
        "dataSource.url" : "jdbc:h2:file:/home/anixon604/dev/samples/cordapp-example/build/20190217-013639.313/PartyC/persistence;DB_CLOSE_ON_EXIT=FALSE;LOCK_TIMEOUT=10000;WRITE_DELAY=100;AUTO_SERVER_PORT=0",
        # /home/anixon604/dev/samples/cordapp-example/build/20190217-013639.313/PartyC/node.conf: 23
        # reference.conf @ jar:file:/home/anixon604/.gradle/caches/modules-2/files-2.1/net.corda/corda-node/3.3-corda/c617459a941380101a1bf44d91674959c940165d/corda-node-3.3-corda.jar!/reference.conf: 9
        "dataSource.user" : "sa",
        # /home/anixon604/dev/samples/cordapp-example/build/20190217-013639.313/PartyC/node.conf: 25
        # reference.conf @ jar:file:/home/anixon604/.gradle/caches/modules-2/files-2.1/net.corda/corda-node/3.3-corda/c617459a941380101a1bf44d91674959c940165d/corda-node-3.3-corda.jar!/reference.conf: 7
        "dataSourceClassName" : "org.h2.jdbcx.JdbcDataSource"
    },
    # /home/anixon604/dev/samples/cordapp-example/build/20190217-013639.313/PartyC/node.conf: 28
    # reference.conf @ jar:file:/home/anixon604/.gradle/caches/modules-2/files-2.1/net.corda/corda-node/3.3-corda/c617459a941380101a1bf44d91674959c940165d/corda-node-3.3-corda.jar!/reference.conf: 12
    "database" : {
        # /home/anixon604/dev/samples/cordapp-example/build/20190217-013639.313/PartyC/node.conf: 30
        # reference.conf @ jar:file:/home/anixon604/.gradle/caches/modules-2/files-2.1/net.corda/corda-node/3.3-corda/c617459a941380101a1bf44d91674959c940165d/corda-node-3.3-corda.jar!/reference.conf: 14
        "exportHibernateJMXStatistics" : "false",
        # /home/anixon604/dev/samples/cordapp-example/build/20190217-013639.313/PartyC/node.conf: 32
        # reference.conf @ jar:file:/home/anixon604/.gradle/caches/modules-2/files-2.1/net.corda/corda-node/3.3-corda/c617459a941380101a1bf44d91674959c940165d/corda-node-3.3-corda.jar!/reference.conf: 13
        "transactionIsolationLevel" : "REPEATABLE_READ"
    },
    # /home/anixon604/dev/samples/cordapp-example/build/20190217-013639.313/PartyC/node.conf: 35
    # reference.conf @ jar:file:/home/anixon604/.gradle/caches/modules-2/files-2.1/net.corda/corda-node/3.3-corda/c617459a941380101a1bf44d91674959c940165d/corda-node-3.3-corda.jar!/reference.conf: 16
    "devMode" : true,
    # /home/anixon604/dev/samples/cordapp-example/build/20190217-013639.313/PartyC/node.conf: 37
    # reference.conf @ jar:file:/home/anixon604/.gradle/caches/modules-2/files-2.1/net.corda/corda-node/3.3-corda/c617459a941380101a1bf44d91674959c940165d/corda-node-3.3-corda.jar!/reference.conf: 2
    "emailAddress" : "admin@company.com",
    # /home/anixon604/dev/samples/cordapp-example/build/20190217-013639.313/PartyC/node.conf: 39
    # reference.conf @ jar:file:/home/anixon604/.gradle/caches/modules-2/files-2.1/net.corda/corda-node/3.3-corda/c617459a941380101a1bf44d91674959c940165d/corda-node-3.3-corda.jar!/reference.conf: 3
    "exportJMXto" : "http",
    # /home/anixon604/dev/samples/cordapp-example/build/20190217-013639.313/PartyC/node.conf: 41
    # reference.conf @ jar:file:/home/anixon604/.gradle/caches/modules-2/files-2.1/net.corda/corda-node/3.3-corda/c617459a941380101a1bf44d91674959c940165d/corda-node-3.3-corda.jar!/reference.conf: 31
    "flowTimeout" : {
        # /home/anixon604/dev/samples/cordapp-example/build/20190217-013639.313/PartyC/node.conf: 43
        # reference.conf @ jar:file:/home/anixon604/.gradle/caches/modules-2/files-2.1/net.corda/corda-node/3.3-corda/c617459a941380101a1bf44d91674959c940165d/corda-node-3.3-corda.jar!/reference.conf: 34
        "backoffBase" : 1.8,
        # /home/anixon604/dev/samples/cordapp-example/build/20190217-013639.313/PartyC/node.conf: 45
        # reference.conf @ jar:file:/home/anixon604/.gradle/caches/modules-2/files-2.1/net.corda/corda-node/3.3-corda/c617459a941380101a1bf44d91674959c940165d/corda-node-3.3-corda.jar!/reference.conf: 33
        "maxRestartCount" : 5,
        # /home/anixon604/dev/samples/cordapp-example/build/20190217-013639.313/PartyC/node.conf: 47
        # reference.conf @ jar:file:/home/anixon604/.gradle/caches/modules-2/files-2.1/net.corda/corda-node/3.3-corda/c617459a941380101a1bf44d91674959c940165d/corda-node-3.3-corda.jar!/reference.conf: 32
        "timeout" : "30 seconds"
    },
    # /home/anixon604/dev/samples/cordapp-example/build/20190217-013639.313/PartyC/node.conf: 50
    # reference.conf @ jar:file:/home/anixon604/.gradle/caches/modules-2/files-2.1/net.corda/corda-node/3.3-corda/c617459a941380101a1bf44d91674959c940165d/corda-node-3.3-corda.jar!/reference.conf: 17
    "h2port" : 0,
    # /home/anixon604/dev/samples/cordapp-example/build/20190217-013639.313/PartyC/node.conf: 52
    # reference.conf @ jar:file:/home/anixon604/.gradle/caches/modules-2/files-2.1/net.corda/corda-node/3.3-corda/c617459a941380101a1bf44d91674959c940165d/corda-node-3.3-corda.jar!/reference.conf: 4
    "keyStorePassword" : "cordacadevpass",
    # /home/anixon604/dev/samples/cordapp-example/build/20190217-013639.313/PartyC/node.conf: 54
    # hardcoded value
    "myLegalName" : "O=PartyC, L=Paris, C=FR",
    # hardcoded value
    "noLocalShell" : true,
    # /home/anixon604/dev/samples/cordapp-example/build/20190217-013639.313/PartyC/node.conf: 56
    # hardcoded value
    "p2pAddress" : "localhost:10002",
    # /home/anixon604/dev/samples/cordapp-example/build/20190217-013639.313/PartyC/node.conf: 58
    # merge of hardcoded value,reference.conf @ jar:file:/home/anixon604/.gradle/caches/modules-2/files-2.1/net.corda/corda-node/3.3-corda/c617459a941380101a1bf44d91674959c940165d/corda-node-3.3-corda.jar!/reference.conf: 27
    "rpcSettings" : {
        # /home/anixon604/dev/samples/cordapp-example/build/20190217-013639.313/PartyC/node.conf: 60
        # hardcoded value
        "address" : "localhost:10014",
        # /home/anixon604/dev/samples/cordapp-example/build/20190217-013639.313/PartyC/node.conf: 62
        # hardcoded value
        "adminAddress" : "localhost:10054",
        # /home/anixon604/dev/samples/cordapp-example/build/20190217-013639.313/PartyC/node.conf: 64
        # reference.conf @ jar:file:/home/anixon604/.gradle/caches/modules-2/files-2.1/net.corda/corda-node/3.3-corda/c617459a941380101a1bf44d91674959c940165d/corda-node-3.3-corda.jar!/reference.conf: 29
        "standAloneBroker" : false,
        # /home/anixon604/dev/samples/cordapp-example/build/20190217-013639.313/PartyC/node.conf: 66
        # reference.conf @ jar:file:/home/anixon604/.gradle/caches/modules-2/files-2.1/net.corda/corda-node/3.3-corda/c617459a941380101a1bf44d91674959c940165d/corda-node-3.3-corda.jar!/reference.conf: 28
        "useSsl" : false
    },
    # /home/anixon604/dev/samples/cordapp-example/build/20190217-013639.313/PartyC/node.conf: 69
    # hardcoded value
    "rpcUsers" : [
        # /home/anixon604/dev/samples/cordapp-example/build/20190217-013639.313/PartyC/node.conf: 71
        #  hardcoded value
        {
            # /home/anixon604/dev/samples/cordapp-example/build/20190217-013639.313/PartyC/node.conf: 73
            # hardcoded value
            "password" : "test",
            # /home/anixon604/dev/samples/cordapp-example/build/20190217-013639.313/PartyC/node.conf: 75
            # hardcoded value
            "permissions" : [
                # /home/anixon604/dev/samples/cordapp-example/build/20190217-013639.313/PartyC/node.conf: 77
                #  hardcoded value
                "ALL",
                # /home/anixon604/dev/samples/cordapp-example/build/20190217-013639.313/PartyC/node.conf: 79
                #  hardcoded value
                "InvokeRpc.nodeInfo",
                # /home/anixon604/dev/samples/cordapp-example/build/20190217-013639.313/PartyC/node.conf: 81
                #  hardcoded value
                "InvokeRpc.networkMapFeed",
                # /home/anixon604/dev/samples/cordapp-example/build/20190217-013639.313/PartyC/node.conf: 83
                #  hardcoded value
                "InvokeRpc.networkMapSnapshot",
                # /home/anixon604/dev/samples/cordapp-example/build/20190217-013639.313/PartyC/node.conf: 85
                #  hardcoded value
                "InvokeRpc.notaryIdentities",
                # /home/anixon604/dev/samples/cordapp-example/build/20190217-013639.313/PartyC/node.conf: 87
                #  hardcoded value
                "InvokeRpc.stateMachinesFeed",
                # /home/anixon604/dev/samples/cordapp-example/build/20190217-013639.313/PartyC/node.conf: 89
                #  hardcoded value
                "InvokeRpc.stateMachineRecordedTransactionMappingFeed",
                # /home/anixon604/dev/samples/cordapp-example/build/20190217-013639.313/PartyC/node.conf: 91
                #  hardcoded value
                "InvokeRpc.nodeInfoFromParty",
                # /home/anixon604/dev/samples/cordapp-example/build/20190217-013639.313/PartyC/node.conf: 93
                #  hardcoded value
                "InvokeRpc.internalVerifiedTransactionsFeed",
                # /home/anixon604/dev/samples/cordapp-example/build/20190217-013639.313/PartyC/node.conf: 95
                #  hardcoded value
                "InvokeRpc.vaultQueryBy",
                # /home/anixon604/dev/samples/cordapp-example/build/20190217-013639.313/PartyC/node.conf: 97
                #  hardcoded value
                "InvokeRpc.vaultTrackBy",
                # /home/anixon604/dev/samples/cordapp-example/build/20190217-013639.313/PartyC/node.conf: 99
                #  hardcoded value
                "InvokeRpc.registeredFlows"
            ],
            # /home/anixon604/dev/samples/cordapp-example/build/20190217-013639.313/PartyC/node.conf: 102
            # hardcoded value
            "username" : "user1"
        }
    ],
    # /home/anixon604/dev/samples/cordapp-example/build/20190217-013639.313/PartyC/node.conf: 106
    # reference.conf @ jar:file:/home/anixon604/.gradle/caches/modules-2/files-2.1/net.corda/corda-node/3.3-corda/c617459a941380101a1bf44d91674959c940165d/corda-node-3.3-corda.jar!/reference.conf: 5
    "trustStorePassword" : "trustpass",
    # /home/anixon604/dev/samples/cordapp-example/build/20190217-013639.313/PartyC/node.conf: 108
    # hardcoded value
    "useTestClock" : false,
    # /home/anixon604/dev/samples/cordapp-example/build/20190217-013639.313/PartyC/node.conf: 110
    # hardcoded value
    "verifierType" : "InMemory",
    # /home/anixon604/dev/samples/cordapp-example/build/20190217-013639.313/PartyC/node.conf: 112
    # hardcoded value
    "webAddress" : "localhost:10015"
}
 {}
[INFO ] 2019-02-17T01:36:54,219Z [main] internal.Node.logStartupInfo - Vendor: Corda Open Source {}
[INFO ] 2019-02-17T01:36:54,258Z [main] internal.Node.logStartupInfo - Release: 3.3-corda {}
[INFO ] 2019-02-17T01:36:54,295Z [main] internal.Node.logStartupInfo - Platform Version: 3 {}
[INFO ] 2019-02-17T01:36:54,302Z [main] internal.Node.logStartupInfo - Revision: c834162cd488784a0412bba4c9e638da89912ac2 {}
[INFO ] 2019-02-17T01:36:54,326Z [main] internal.Node.logStartupInfo - PID: 5215 {}
[INFO ] 2019-02-17T01:36:54,333Z [main] internal.Node.logStartupInfo - Main class: /home/anixon604/.gradle/caches/modules-2/files-2.1/net.corda/corda-node/3.3-corda/c617459a941380101a1bf44d91674959c940165d/corda-node-3.3-corda.jar {}
[INFO ] 2019-02-17T01:36:54,385Z [main] internal.Node.logStartupInfo - CommandLine Args: -Xmx200m -XX:+UseG1GC -Dname=O=PartyC, L=Paris, C=FR -Dvisualvm.display.name=corda-O=PartyC, L=Paris, C=FR -Djava.io.tmpdir=/tmp -Dlog4j2.debug=false -Dnet.corda.node.cordapp.scan.packages=com.example -javaagent:/home/anixon604/.gradle/caches/modules-2/files-2.1/co.paralleluniverse/quasar-core/0.7.9/a429f8e45e7f7c99c206da73fc5500200153913e/quasar-core-0.7.9-jdk8.jar=x(antlr**;bftsmart**;ch**;co.paralleluniverse**;com.codahale**;com.esotericsoftware**;com.fasterxml**;com.google**;com.ibm**;com.intellij**;com.jcabi**;com.nhaarman**;com.opengamma**;com.typesafe**;com.zaxxer**;de.javakaffee**;groovy**;groovyjarjarantlr**;groovyjarjarasm**;io.atomix**;io.github**;io.netty**;jdk**;joptsimple**;junit**;kotlin**;net.bytebuddy**;net.i2p**;org.apache**;org.assertj**;org.bouncycastle**;org.codehaus**;org.crsh**;org.dom4j**;org.fusesource**;org.h2**;org.hamcrest**;org.hibernate**;org.jboss**;org.jcp**;org.joda**;org.junit**;org.mockito**;org.objectweb**;org.objenesis**;org.slf4j**;org.w3c**;org.xml**;org.yaml**;reflectasm**;rx**;org.jolokia**;) {}
[INFO ] 2019-02-17T01:36:54,405Z [main] internal.Node.logStartupInfo - Application Args: --base-directory=/home/anixon604/dev/samples/cordapp-example/build/20190217-013639.313/PartyC --logging-level=INFO --no-local-shell {}
[INFO ] 2019-02-17T01:36:54,411Z [main] internal.Node.logStartupInfo - bootclasspath: /usr/lib/jvm/java-8-oracle/jre/lib/resources.jar:/usr/lib/jvm/java-8-oracle/jre/lib/rt.jar:/usr/lib/jvm/java-8-oracle/jre/lib/sunrsasign.jar:/usr/lib/jvm/java-8-oracle/jre/lib/jsse.jar:/usr/lib/jvm/java-8-oracle/jre/lib/jce.jar:/usr/lib/jvm/java-8-oracle/jre/lib/charsets.jar:/usr/lib/jvm/java-8-oracle/jre/lib/jfr.jar:/usr/lib/jvm/java-8-oracle/jre/classes {}
[INFO ] 2019-02-17T01:36:54,417Z [main] internal.Node.logStartupInfo - classpath: /usr/lib/jvm/java-8-oracle/jre/lib/charsets.jar:/usr/lib/jvm/java-8-oracle/jre/lib/deploy.jar:/usr/lib/jvm/java-8-oracle/jre/lib/ext/cldrdata.jar:/usr/lib/jvm/java-8-oracle/jre/lib/ext/dnsns.jar:/usr/lib/jvm/java-8-oracle/jre/lib/ext/jaccess.jar:/usr/lib/jvm/java-8-oracle/jre/lib/ext/jfxrt.jar:/usr/lib/jvm/java-8-oracle/jre/lib/ext/localedata.jar:/usr/lib/jvm/java-8-oracle/jre/lib/ext/nashorn.jar:/usr/lib/jvm/java-8-oracle/jre/lib/ext/sunec.jar:/usr/lib/jvm/java-8-oracle/jre/lib/ext/sunjce_provider.jar:/usr/lib/jvm/java-8-oracle/jre/lib/ext/sunpkcs11.jar:/usr/lib/jvm/java-8-oracle/jre/lib/ext/zipfs.jar:/usr/lib/jvm/java-8-oracle/jre/lib/javaws.jar:/usr/lib/jvm/java-8-oracle/jre/lib/jce.jar:/usr/lib/jvm/java-8-oracle/jre/lib/jfr.jar:/usr/lib/jvm/java-8-oracle/jre/lib/jfxswt.jar:/usr/lib/jvm/java-8-oracle/jre/lib/jsse.jar:/usr/lib/jvm/java-8-oracle/jre/lib/management-agent.jar:/usr/lib/jvm/java-8-oracle/jre/lib/plugin.jar:/usr/lib/jvm/java-8-oracle/jre/lib/resources.jar:/usr/lib/jvm/java-8-oracle/jre/lib/rt.jar:/home/anixon604/dev/samples/cordapp-example/java-source/out/test/classes:/home/anixon604/dev/samples/cordapp-example/java-source/out/test/resources:/home/anixon604/dev/samples/cordapp-example/java-source/out/production/classes:/home/anixon604/dev/samples/cordapp-example/java-source/out/production/resources:/home/anixon604/.gradle/caches/modules-2/files-2.1/com.github.kenglxn.QRGen/javase/2.5.0/bacc9b5dc4883fa2aa95421352a184f9c95c030b/javase-2.5.0.jar:/home/anixon604/.m2/repository/com/google/zxing/javase/3.3.0/javase-3.3.0.jar:/home/anixon604/.gradle/caches/modules-2/files-2.1/com.github.kenglxn.QRGen/core/2.5.0/73d848ee51b3251f5331c16fd5118223009edfcd/core-2.5.0.jar:/home/anixon604/.m2/repository/com/google/zxing/core/3.3.0/core-3.3.0.jar:/home/anixon604/.gradle/caches/modules-2/files-2.1/net.sf.flexjson/flexjson/3.3/b030cd99de64305e262788c2cba25faf582bc269/flexjson-3.3.jar:/home/anixon604/.gradle/caches/modules-2/files-2.1/net.corda/corda-node-driver/3.3-corda/af04fefd61cab2a50fa9bc477b1d854370e6adbf/corda-node-driver-3.3-corda.jar:/home/anixon604/.gradle/caches/modules-2/files-2.1/net.corda/corda-test-utils/3.3-corda/b31df4b5a56d07269f982fbb31200b7a04345d2d/corda-test-utils-3.3-corda.jar:/home/anixon604/.gradle/caches/modules-2/files-2.1/net.corda/corda-mock/3.3-corda/33dda92c14f3bbdf994db9b7d5811f3a40b5a520/corda-mock-3.3-corda.jar:/home/anixon604/.gradle/caches/modules-2/files-2.1/net.corda/corda-finance/3.3-corda/e781ca98dd9fe46dad4a2aed52da47ffb5ddda72/corda-finance-3.3-corda.jar:/home/anixon604/.gradle/caches/modules-2/files-2.1/net.corda/corda-webserver-impl/3.3-corda/7467b77ffe5d10f7a60eafba00316ff8a5d22caf/corda-webserver-impl-3.3-corda.jar:/home/anixon604/.gradle/caches/modules-2/files-2.1/net.corda/corda-node/3.3-corda/c617459a941380101a1bf44d91674959c940165d/corda-node-3.3-corda.jar:/home/anixon604/.gradle/caches/modules-2/files-2.1/net.corda/corda-jackson/3.3-corda/4406ab3e3c7cdbc243aaf42d72fb61080c4969b7/corda-jackson-3.3-corda.jar:/home/anixon604/.gradle/caches/modules-2/files-2.1/net.corda/corda-rpc/3.3-corda/e2e020448e37beb2138727d46ca42e85a8ed0d29/corda-rpc-3.3-corda.jar:/home/anixon604/.gradle/caches/modules-2/files-2.1/net.corda/corda-confidential-identities/3.3-corda/e7b11c364c1b60e000ed2c24eba5b86982096538/corda-confidential-identities-3.3-corda.jar:/home/anixon604/.gradle/caches/modules-2/files-2.1/net.corda/corda-test-common/3.3-corda/8d96a1434ab7d19c070c5d4639bc55ea4e04b764/corda-test-common-3.3-corda.jar:/home/anixon604/.gradle/caches/modules-2/files-2.1/net.corda/corda-node-api/3.3-corda/347e550318451f2af0ab413458f717f30a4d441e/corda-node-api-3.3-corda.jar:/home/anixon604/.gradle/caches/modules-2/files-2.1/net.corda/corda-core/3.3-corda/f7e22e942cdfd92fbb3737fd7d0d26422f5225cb/corda-core-3.3-corda.jar:/home/anixon604/.gradle/caches/modules-2/files-2.1/com.google.code.gson/gson/2.8.5/f645ed69d595b24d4cf8b3fbb64cc505bede8829/gson-2.8.5.jar:/home/anixon604/.gradle/caches/modules-2/files-2.1/com.google.guava/guava-testlib/21.0/1ec77c45666cf17da76cd80725194148a8ffc440/guava-testlib-21.0.jar:/home/anixon604/.gradle/caches/modules-2/files-2.1/junit/junit/4.12/2973d150c0dc1fefe998f834810d68f278ea58ec/junit-4.12.jar:/home/anixon604/.gradle/caches/modules-2/files-2.1/net.corda/corda/3.3-corda/c634cc8e8d8d4440532a3da10d09ca080486319b/corda-3.3-corda.jar:/home/anixon604/.gradle/caches/modules-2/files-2.1/net.corda/corda-webserver/3.3-corda/676d262432ac6c4e59cb139fd104221b967522b9/corda-webserver-3.3-corda.jar:/home/anixon604/.m2/repository/com/beust/jcommander/1.48/jcommander-1.48.jar:/home/anixon604/.m2/repository/com/github/jai-imageio/jai-imageio-core/1.3.1/jai-imageio-core-1.3.1.jar:/home/anixon604/.gradle/caches/modules-2/files-2.1/org.jetbrains.kotlin/kotlin-stdlib-jre8/1.1.60/9690932bceff9116dba0094dece6d24ba9e52596/kotlin-stdlib-jre8-1.1.60.jar:/home/anixon604/.gradle/caches/modules-2/files-2.1/com.fasterxml.jackson.module/jackson-module-kotlin/2.9.2/a9cf72ae68a641ade45c400b6cec2d363818f11b/jackson-module-kotlin-2.9.2.jar:/home/anixon604/.gradle/caches/modules-2/files-2.1/com.nhaarman/mockito-kotlin/1.1.0/18a1bdb7cfa6ac47bc381deda5ee58bc9d821fea/mockito-kotlin-1.1.0.jar:/home/anixon604/.gradle/caches/modules-2/files-2.1/org.jetbrains.kotlin/kotlin-reflect/1.1.60/af5cabae2d352850b076213f358dc2150b14a812/kotlin-reflect-1.1.60.jar:/home/anixon604/.gradle/caches/modules-2/files-2.1/net.corda.plugins/cordform-common/3.2.1/86199b69ccea2b3d2f4ed569c7df965a7adf4957/cordform-common-3.2.1.jar:/home/anixon604/.gradle/caches/modules-2/files-2.1/com.google.code.findbugs/jsr305/3.0.2/25ea2e8b0c338a877313bd4672d3fe056ea78f0d/jsr305-3.0.2.jar:/home/anixon604/.gradle/caches/modules-2/files-2.1/org.apache.logging.log4j/log4j-slf4j-impl/2.9.1/a97a849b18b3798c4af1a2ca5b10c66cef17e3a/log4j-slf4j-impl-2.9.1.jar:/home/anixon604/.gradle/caches/modules-2/files-2.1/org.apache.logging.log4j/log4j-web/2.9.1/e7c76a3b307317924a138135c1ecb28245891bd1/log4j-web-2.9.1.jar:/home/anixon604/.gradle/caches/modules-2/files-2.1/org.apache.logging.log4j/log4j-core/2.9.1/c041978c686866ee8534f538c6220238db3bb6be/log4j-core-2.9.1.jar:/home/anixon604/.gradle/caches/modules-2/files-2.1/org.slf4j/jcl-over-slf4j/1.7.25/f8c32b13ff142a513eeb5b6330b1588dcb2c0461/jcl-over-slf4j-1.7.25.jar:/home/anixon604/.gradle/caches/modules-2/files-2.1/org.slf4j/jul-to-slf4j/1.7.25/af5364cd6679bfffb114f0dec8a157aaa283b76/jul-to-slf4j-1.7.25.jar:/home/anixon604/.gradle/caches/modules-2/files-2.1/io.dropwizard.metrics/metrics-core/3.1.2/224f03afd2521c6c94632f566beb1bb5ee32cf07/metrics-core-3.1.2.jar:/home/anixon604/.gradle/caches/modules-2/files-2.1/com.zaxxer/HikariCP/2.5.1/b896b711e2d98fedf403de590559a123b5fbf1a6/HikariCP-2.5.1.jar:/home/anixon604/.gradle/caches/modules-2/files-2.1/io.atomix.copycat/copycat-client/1.2.3/76a0202498e5836196bfacdba8a85353fb790be0/copycat-client-1.2.3.jar:/home/anixon604/.gradle/caches/modules-2/files-2.1/io.atomix.copycat/copycat-server/1.2.3/b9d275ad36bc7f88c1ac9c48466d5ce93b206f9f/copycat-server-1.2.3.jar:/home/anixon604/.gradle/caches/modules-2/files-2.1/io.atomix.catalyst/catalyst-netty/1.1.2/3072b53b1a6c0686ceccff3d371f8ea8aa28a273/catalyst-netty-1.1.2.jar:/home/anixon604/.gradle/caches/modules-2/files-2.1/com.jcabi/jcabi-manifests/1.1/e4f4488c0e3905c6fab287aca2569928fe1712df/jcabi-manifests-1.1.jar:/home/anixon604/.gradle/caches/modules-2/files-2.1/com.jcabi/jcabi-log/0.14/819a57348f2448f01d74f8a317dab61d6a90cac2/jcabi-log-0.14.jar:/home/anixon604/.gradle/caches/modules-2/files-2.1/io.atomix.copycat/copycat-protocol/1.2.3/41abf2ff57a5e4c9f6b34f1511ecfae018201c7b/copycat-protocol-1.2.3.jar:/home/anixon604/.gradle/caches/modules-2/files-2.1/io.atomix.catalyst/catalyst-transport/1.1.2/4a50b74deb6601d7fdca34e873a016c83db7bebf/catalyst-transport-1.1.2.jar:/home/anixon604/.gradle/caches/modules-2/files-2.1/com.github.corda.crash/crash.connectors.ssh/cadb53544fbb3c0fb901445da614998a6a419488/61d321112968595edf1af40075c924af915ba6e6/crash.connectors.ssh-cadb53544fbb3c0fb901445da614998a6a419488.jar:/home/anixon604/.gradle/caches/modules-2/files-2.1/org.apache.mina/mina-core/2.0.16/f720f17643eaa7b0fec07c1d7f6272972c02bba4/mina-core-2.0.16.jar:/home/anixon604/.gradle/caches/modules-2/files-2.1/org.apache.shiro/shiro-core/1.4.0/6d05bd17e057fc12d278bb367c27f9cb0f3dc197/shiro-core-1.4.0.jar:/home/anixon604/.gradle/caches/modules-2/files-2.1/org.apache.shiro/shiro-cache/1.4.0/ae1496cbdc4cce35c87d9014723863e049f9e2b4/shiro-cache-1.4.0.jar:/home/anixon604/.gradle/caches/modules-2/files-2.1/org.apache.shiro/shiro-crypto-hash/1.4.0/b767d3db10f01dfba79c04cbc9e17eae0247b9c/shiro-crypto-hash-1.4.0.jar:/home/anixon604/.gradle/caches/modules-2/files-2.1/org.apache.shiro/shiro-crypto-cipher/1.4.0/78020924ddce7632daa3b9acb698167c240df623/shiro-crypto-cipher-1.4.0.jar:/home/anixon604/.gradle/caches/modules-2/files-2.1/org.apache.shiro/shiro-config-ogdl/1.4.0/28c5f1338030eed8f911f0a816a5ef2716f786a6/shiro-config-ogdl-1.4.0.jar:/home/anixon604/.gradle/caches/modules-2/files-2.1/org.apache.shiro/shiro-config-core/1.4.0/7d7ede51d15d346d962da9a3743064ddc9163b1d/shiro-config-core-1.4.0.jar:/home/anixon604/.gradle/caches/modules-2/files-2.1/org.apache.shiro/shiro-event/1.4.0/df4e83b5200940439e0c7ba4fc145902900e2cd/shiro-event-1.4.0.jar:/home/anixon604/.gradle/caches/modules-2/files-2.1/org.apache.shiro/shiro-crypto-core/1.4.0/7049325bba697985eee924eda03cb7971af1b808/shiro-crypto-core-1.4.0.jar:/home/anixon604/.gradle/caches/modules-2/files-2.1/org.apache.shiro/shiro-lang/1.4.0/6895b5d14e7be7a77297336b037d7a7e79e858d6/shiro-lang-1.4.0.jar:/home/anixon604/.gradle/caches/modules-2/files-2.1/io.atomix.catalyst/catalyst-concurrent/1.1.2/f7323bc5a1ebfd4710574cf5485956c949eec20b/catalyst-concurrent-1.1.2.jar:/home/anixon604/.gradle/caches/modules-2/files-2.1/io.atomix.catalyst/catalyst-serializer/1.1.2/25ab6195c729ffb79f51102d979a0bb1af31100f/catalyst-serializer-1.1.2.jar:/home/anixon604/.gradle/caches/modules-2/files-2.1/io.atomix.catalyst/catalyst-buffer/1.1.2/76c3092fa11ca08469b18569fe9a5ff8547b9217/catalyst-buffer-1.1.2.jar:/home/anixon604/.gradle/caches/modules-2/files-2.1/io.atomix.catalyst/catalyst-common/1.1.2/b6c1250efb98da9ac12f7a600da4400134399531/catalyst-common-1.1.2.jar:/home/anixon604/.gradle/caches/modules-2/files-2.1/org.apache.sshd/sshd-pam/0.11.0/b939ceb742cefc1c632132111b8e4facc41b3d38/sshd-pam-0.11.0.jar:/home/anixon604/.gradle/caches/modules-2/files-2.1/org.apache.sshd/sshd-core/1.6.0/548e2da643e88cda9d313efb2564a74f9943e491/sshd-core-1.6.0.jar:/home/anixon604/.gradle/caches/modules-2/files-2.1/org.slf4j/slf4j-api/1.7.25/da76ca59f6a57ee3102f8f9bd9cee742973efa8a/slf4j-api-1.7.25.jar:/home/anixon604/.gradle/caches/modules-2/files-2.1/io.reactivex/rxjava/1.2.4/522cfb00b6c015b72c64ee60054b4f6338880858/rxjava-1.2.4.jar:/home/anixon604/.gradle/caches/modules-2/files-2.1/org.apache.commons/commons-jexl3/3.0/75aba6fe6659500bc7fcd420adca9c04ec9a379a/commons-jexl3-3.0.jar:/home/anixon604/.gradle/caches/modules-2/files-2.1/com.fasterxml.jackson.datatype/jackson-datatype-jsr310/2.9.2/e1653d338703d8233cc1ac18c6722510bdaceb4f/jackson-datatype-jsr310-2.9.2.jar:/home/anixon604/.gradle/caches/modules-2/files-2.1/org.glassfish.jersey.media/jersey-media-json-jackson/2.25/2c99d40047a50fc43c5886545f7f2148c7e4a384/jersey-media-json-jackson-2.25.jar:/home/anixon604/.gradle/caches/modules-2/files-2.1/com.fasterxml.jackson.jaxrs/jackson-jaxrs-json-provider/2.8.4/839366ece31829a19cb15719b2b54a3f9f91148d/jackson-jaxrs-json-provider-2.8.4.jar:/home/anixon604/.gradle/caches/modules-2/files-2.1/com.fasterxml.jackson.jaxrs/jackson-jaxrs-base/2.8.4/6c0ceb3c9fed2e225b0cc2a45533574df393f606/jackson-jaxrs-base-2.8.4.jar:/home/anixon604/.gradle/caches/modules-2/files-2.1/com.fasterxml.jackson.module/jackson-module-jaxb-annotations/2.8.4/d2eec7cf6c4284f7d5f0b1a72dc7cfa9d6bb579d/jackson-module-jaxb-annotations-2.8.4.jar:/home/anixon604/.gradle/caches/modules-2/files-2.1/com.fasterxml.jackson.core/jackson-databind/2.9.2/1d8d8cb7cf26920ba57fb61fa56da88cc123b21f/jackson-databind-2.9.2.jar:/home/anixon604/.gradle/caches/modules-2/files-2.1/net.i2p.crypto/eddsa/0.2.0/856a92559c4daf744cb27c93cd8b7eb1f8c4780/eddsa-0.2.0.jar:/home/anixon604/.gradle/caches/modules-2/files-2.1/org.bouncycastle/bcpkix-jdk15on/1.57/5c96e34bc9bd4cd6870e6d193a99438f1e274ca7/bcpkix-jdk15on-1.57.jar:/home/anixon604/.gradle/caches/modules-2/files-2.1/org.bouncycastle/bcprov-jdk15on/1.57/f66a135611d42c992e5745788c3f94eb06464537/bcprov-jdk15on-1.57.jar:/home/anixon604/.gradle/caches/modules-2/files-2.1/org.hibernate/hibernate-java8/5.2.6.Final/46ef0d2b23b9519689fa2ff63561580483cb33c5/hibernate-java8-5.2.6.Final.jar:/home/anixon604/.gradle/caches/modules-2/files-2.1/org.hibernate/hibernate-core/5.2.6.Final/b19341bc2b668423dbeca229be8ce921bcf88364/hibernate-core-5.2.6.Final.jar:/home/anixon604/.gradle/caches/modules-2/files-2.1/org.hibernate.javax.persistence/hibernate-jpa-2.1-api/1.0.0.Final/5e731d961297e5a07290bfaf3db1fbc8bbbf405a/hibernate-jpa-2.1-api-1.0.0.Final.jar:/home/anixon604/.gradle/caches/modules-2/files-2.1/co.paralleluniverse/quasar-core/0.7.9/a429f8e45e7f7c99c206da73fc5500200153913e/quasar-core-0.7.9-jdk8.jar:/home/anixon604/.gradle/caches/modules-2/files-2.1/com.typesafe/config/1.3.1/2cf7a6cc79732e3bdf1647d7404279900ca63eb0/config-1.3.1.jar:/home/anixon604/.gradle/caches/modules-2/files-2.1/com.fasterxml.jackson.dataformat/jackson-dataformat-yaml/2.9.2/cafb9bafb3fc94ac18ed53043396f2c7bccd6c4f/jackson-dataformat-yaml-2.9.2.jar:/home/anixon604/.gradle/caches/modules-2/files-2.1/org.apache.activemq/artemis-amqp-protocol/2.2.0/ac64a3b2394e6b9780309121095ef0b12639504e/artemis-amqp-protocol-2.2.0.jar:/home/anixon604/.gradle/caches/modules-2/files-2.1/org.apache.activemq/artemis-server/2.2.0/59db90f90ea212d06126a91261674aa8b5914792/artemis-server-2.2.0.jar:/home/anixon604/.gradle/caches/modules-2/files-2.1/org.apache.activemq/artemis-jms-client/2.2.0/239c04be88be0884200f528e7831e3c8a75cd40b/artemis-jms-client-2.2.0.jar:/home/anixon604/.gradle/caches/modules-2/files-2.1/org.apache.activemq/artemis-jdbc-store/2.2.0/ada1637b6e43c9d0e397a4291ab35994201ebbf4/artemis-jdbc-store-2.2.0.jar:/home/anixon604/.gradle/caches/modules-2/files-2.1/org.apache.activemq/artemis-core-client/2.2.0/afc9fe3907f610608f71b822d7ee0dd1d0c309af/artemis-core-client-2.2.0.jar:/home/anixon604/.gradle/caches/modules-2/files-2.1/org.apache.activemq/artemis-journal/2.2.0/55099f14d8ad390e3db4b1e5748d0310766802c0/artemis-journal-2.2.0.jar:/home/anixon604/.gradle/caches/modules-2/files-2.1/org.apache.activemq/artemis-commons/2.2.0/846a6266d1db58be4520e44fad8d7fcc518a87f4/artemis-commons-2.2.0.jar:/home/anixon604/.gradle/caches/modules-2/files-2.1/com.google.jimfs/jimfs/1.1/8fbd0579dc68aba6186935cc1bee21d2f3e7ec1c/jimfs-1.1.jar:/home/anixon604/.gradle/caches/modules-2/files-2.1/com.google.guava/guava/21.0/3a3d111be1be1b745edfa7d91678a12d7ed38709/guava-21.0.jar:/home/anixon604/.gradle/caches/modules-2/files-2.1/org.eclipse.jetty/jetty-webapp/9.4.7.v20170914/cb3f5561ad15a750dcb0cfdcc2db6df141df74b2/jetty-webapp-9.4.7.v20170914.jar:/home/anixon604/.gradle/caches/modules-2/files-2.1/org.eclipse.jetty/jetty-servlet/9.4.7.v20170914/980023d7ac2504839f89f337de76c345b21808a1/jetty-servlet-9.4.7.v20170914.jar:/home/anixon604/.gradle/caches/modules-2/files-2.1/org.glassfish.jersey.containers/jersey-container-jetty-http/2.25/7b199d4684de57839d7d9abc7cba8710b9ea9356/jersey-container-jetty-http-2.25.jar:/home/anixon604/.gradle/caches/modules-2/files-2.1/org.eclipse.jetty/jetty-security/9.4.7.v20170914/5119551fb6f19c556ea40588ab4c8f11967796ad/jetty-security-9.4.7.v20170914.jar:/home/anixon604/.gradle/caches/modules-2/files-2.1/org.eclipse.jetty/jetty-server/9.4.7.v20170914/886adb1b347f42698ea5482e600033428ad32afb/jetty-server-9.4.7.v20170914.jar:/home/anixon604/.gradle/caches/modules-2/files-2.1/javax.servlet/javax.servlet-api/3.1.0/3cd63d075497751784b2fa84be59432f4905bf7c/javax.servlet-api-3.1.0.jar:/home/anixon604/.gradle/caches/modules-2/files-2.1/commons-fileupload/commons-fileupload/1.3.3/4ff14d809195b711fd6bcc87e6777f886730ca1/commons-fileupload-1.3.3.jar:/home/anixon604/.gradle/caches/modules-2/files-2.1/net.sf.jopt-simple/jopt-simple/5.0.2/98cafc6081d5632b61be2c9e60650b64ddbc637c/jopt-simple-5.0.2.jar:/home/anixon604/.gradle/caches/modules-2/files-2.1/org.eclipse.jetty/jetty-continuation/9.4.7.v20170914/6b2aaa9da3e11e0f12bba9a80e74a389ab0d045e/jetty-continuation-9.4.7.v20170914.jar:/home/anixon604/.gradle/caches/modules-2/files-2.1/org.glassfish.jersey.containers/jersey-container-servlet/2.25/a3162855a184793c3c934ed9ee0170ebeb82cc9/jersey-container-servlet-2.25.jar:/home/anixon604/.gradle/caches/modules-2/files-2.1/org.glassfish.jersey.containers/jersey-container-servlet-core/2.25/42708aca357418bb51528b20181cdfe0241c3ecb/jersey-container-servlet-core-2.25.jar:/home/anixon604/.gradle/caches/modules-2/files-2.1/org.glassfish.jersey.core/jersey-server/2.25/874ca16134872781b8c6a2adfe3bb2af80bc378/jersey-server-2.25.jar:/home/anixon604/.gradle/caches/modules-2/files-2.1/org.jetbrains.kotlinx/kotlinx-html-jvm/0.6.3/abea234ff20f616f8f04acf93942c5d5a8e1e966/kotlinx-html-jvm-0.6.3.jar:/home/anixon604/.gradle/caches/modules-2/files-2.1/org.hamcrest/hamcrest-core/1.3/42a25dc3219429f0e5d060061f71acb49bf010a0/hamcrest-core-1.3.jar:/home/anixon604/.gradle/caches/modules-2/files-2.1/org.jetbrains.kotlin/kotlin-stdlib-jre7/1.1.60/51aaa4c2a3dab2054bc1554d29632cc5510bdb4f/kotlin-stdlib-jre7-1.1.60.jar:/home/anixon604/.gradle/caches/modules-2/files-2.1/org.jetbrains.kotlin/kotlin-test/1.1.60/85c9b86c3ef1251824915addd642f236182e5cb4/kotlin-test-1.1.60.jar:/home/anixon604/.gradle/caches/modules-2/files-2.1/org.jetbrains.kotlin/kotlin-stdlib/1.1.60/ac63d0e86e690fe4eded7f1f8998996c28499989/kotlin-stdlib-1.1.60.jar:/home/anixon604/.gradle/caches/modules-2/files-2.1/org.apache.logging.log4j/log4j-api/2.9.1/7a2999229464e7a324aa503c0a52ec0f05efe7bd/log4j-api-2.9.1.jar:/home/anixon604/.gradle/caches/modules-2/files-2.1/net.sf.jpam/jpam/1.1/cb3d91c2dfda767518a371dbb02edfd6a4aa0600/jpam-1.1.jar:/home/anixon604/.gradle/caches/modules-2/files-2.1/commons-beanutils/commons-beanutils/1.9.3/c845703de334ddc6b4b3cd26835458cb1cba1f3d/commons-beanutils-1.9.3.jar:/home/anixon604/.gradle/caches/modules-2/files-2.1/com.googlecode.json-simple/json-simple/1.1.1/c9ad4a0850ab676c5c64461a05ca524cdfff59f1/json-simple-1.1.1.jar:/home/anixon604/.m2/repository/commons-logging/commons-logging/1.2/commons-logging-1.2.jar:/home/anixon604/.gradle/caches/modules-2/files-2.1/com.fasterxml.jackson.core/jackson-annotations/2.9.0/7c10d545325e3a6e72e06381afe469fd40eb701/jackson-annotations-2.9.0.jar:/home/anixon604/.gradle/caches/modules-2/files-2.1/com.fasterxml.jackson.core/jackson-core/2.9.2/aed20e50152a2f19adc1995c8d8f307c7efa414d/jackson-core-2.9.2.jar:/home/anixon604/.gradle/caches/modules-2/files-2.1/org.hibernate.common/hibernate-commons-annotations/5.0.1.Final/71e1cff3fcb20d3b3af4f3363c3ddb24d33c6879/hibernate-commons-annotations-5.0.1.Final.jar:/home/anixon604/.gradle/caches/modules-2/files-2.1/org.apache.activemq/artemis-native/2.2.0/bdca0e9282cb22ec9736c1224e571896e5dc11c1/artemis-native-2.2.0.jar:/home/anixon604/.gradle/caches/modules-2/files-2.1/org.jboss.logging/jboss-logging/3.3.0.Final/3616bb87707910296e2c195dc016287080bba5af/jboss-logging-3.3.0.Final.jar:/home/anixon604/.gradle/caches/modules-2/files-2.1/org.glassfish.jersey.core/jersey-client/2.25/416a00562f25d7efdba015e5c21876d19163edd0/jersey-client-2.25.jar:/home/anixon604/.gradle/caches/modules-2/files-2.1/org.glassfish.jersey.media/jersey-media-jaxb/2.25/9aa3eeba90dce24f04bf27cd1a4e0d378ec697f/jersey-media-jaxb-2.25.jar:/home/anixon604/.gradle/caches/modules-2/files-2.1/org.glassfish.jersey.core/jersey-common/2.25/b38e1a1af6ad75dd9037a767764b0d41801f1c9f/jersey-common-2.25.jar:/home/anixon604/.gradle/caches/modules-2/files-2.1/org.glassfish.hk2/hk2-locator/2.5.0-b30/82056cbbd258647bbc6b80debe4e6b7121c61be9/hk2-locator-2.5.0-b30.jar:/home/anixon604/.gradle/caches/modules-2/files-2.1/org.javassist/javassist/3.20.0-GA/a9cbcdfb7e9f86fbc74d3afae65f2248bfbf82a0/javassist-3.20.0-GA.jar:/home/anixon604/.gradle/caches/modules-2/files-2.1/antlr/antlr/2.7.7/83cd2cd674a217ade95a4bb83a8a14f351f48bd0/antlr-2.7.7.jar:/home/anixon604/.gradle/caches/modules-2/files-2.1/org.apache.geronimo.specs/geronimo-jta_1.1_spec/1.1.1/aabab3165b8ea936b9360abbf448459c0d04a5a4/geronimo-jta_1.1_spec-1.1.1.jar:/home/anixon604/.gradle/caches/modules-2/files-2.1/org.jboss/jandex/2.0.3.Final/bfc4d6257dbff7a33a357f0de116be6ff951d849/jandex-2.0.3.Final.jar:/home/anixon604/.gradle/caches/modules-2/files-2.1/com.fasterxml/classmate/1.3.0/183407ff982e9375f1a1c4a51ed0a9307c598fc7/classmate-1.3.0.jar:/home/anixon604/.gradle/caches/modules-2/files-2.1/dom4j/dom4j/1.6.1/5d3ccc056b6f056dbf0dddfdf43894b9065a8f94/dom4j-1.6.1.jar:/home/anixon604/.gradle/caches/modules-2/files-2.1/javax.enterprise/cdi-api/1.1/78b1feee99b05a78575fb2fd79fb77be5e74420d/cdi-api-1.1.jar:/home/anixon604/.gradle/caches/modules-2/files-2.1/org.yaml/snakeyaml/1.18/e4a441249ade301985cb8d009d4e4a72b85bf68e/snakeyaml-1.18.jar:/home/anixon604/.gradle/caches/modules-2/files-2.1/org.apache.commons/commons-collections4/4.1/a4cf4688fe1c7e3a63aa636cc96d013af537768e/commons-collections4-4.1.jar:/home/anixon604/.gradle/caches/modules-2/files-2.1/de.javakaffee/kryo-serializers/0.41/9a9e9a0575cdbff2bfefac5de8bd3bf2b8d36e14/kryo-serializers-0.41.jar:/home/anixon604/.gradle/caches/modules-2/files-2.1/com.esotericsoftware/kryo/4.0.0/9f5c64c1315ec79bee0f56bb88e4ae94b65048ce/kryo-4.0.0.jar:/home/anixon604/.gradle/caches/modules-2/files-2.1/org.apache.qpid/proton-j/0.21.0/20b365b975c66f79be1915dd2f74d3846ad36571/proton-j-0.21.0.jar:/home/anixon604/.gradle/caches/modules-2/files-2.1/io.github.lukehutch/fast-classpath-scanner/2.12.3/310960aac04515b28ef891e2ce7efa28a99318d1/fast-classpath-scanner-2.12.3.jar:/home/anixon604/.gradle/caches/modules-2/files-2.1/org.eclipse.jetty/jetty-xml/9.4.7.v20170914/203e38c00bba11bcb72b41c8d7a1714df61f31e5/jetty-xml-9.4.7.v20170914.jar:/home/anixon604/.gradle/caches/modules-2/files-2.1/commons-io/commons-io/2.2/83b5b8a7ba1c08f9e8c8ff2373724e33d3c1e22a/commons-io-2.2.jar:/home/anixon604/.gradle/caches/modules-2/files-2.1/org.glassfish.jersey.ext/jersey-entity-filtering/2.25/52b5a204a79d22041f4b30c2670e95c2456cbcbd/jersey-entity-filtering-2.25.jar:/home/anixon604/.gradle/caches/modules-2/files-2.1/javax.ws.rs/javax.ws.rs-api/2.0.1/104e9c2b5583cfcfeac0402316221648d6d8ea6b/javax.ws.rs-api-2.0.1.jar:/home/anixon604/.gradle/caches/modules-2/files-2.1/javax.annotation/javax.annotation-api/1.2/479c1e06db31c432330183f5cae684163f186146/javax.annotation-api-1.2.jar:/home/anixon604/.gradle/caches/modules-2/files-2.1/org.glassfish.hk2/hk2-api/2.5.0-b30/5c6688a6bafcd2098bef4ca45226d5355b816647/hk2-api-2.5.0-b30.jar:/home/anixon604/.gradle/caches/modules-2/files-2.1/org.glassfish.hk2.external/javax.inject/2.5.0-b30/54b36144fd2fb684f9cee73d96060bb82e4d363/javax.inject-2.5.0-b30.jar:/home/anixon604/.m2/repository/javax/validation/validation-api/1.1.0.Final/validation-api-1.1.0.Final.jar:/home/anixon604/.gradle/caches/modules-2/files-2.1/org.eclipse.jetty/jetty-http/9.4.7.v20170914/44a0adb69ff6131129df34d43b28e196c8ce0a90/jetty-http-9.4.7.v20170914.jar:/home/anixon604/.gradle/caches/modules-2/files-2.1/org.eclipse.jetty/jetty-io/9.4.7.v20170914/a51742105ec2665f5ad80c17c784b388cb855329/jetty-io-9.4.7.v20170914.jar:/home/anixon604/.gradle/caches/modules-2/files-2.1/org.eclipse.jetty/jetty-util/9.4.7.v20170914/771efdf5983c174d6d9c58892108c1c2d018404a/jetty-util-9.4.7.v20170914.jar:/home/anixon604/.gradle/caches/modules-2/files-2.1/com.squareup.okhttp3/okhttp/3.5.0/4b0bb6bfbecbdd42b97ff400af342bfe7f32bc83/okhttp-3.5.0.jar:/home/anixon604/.gradle/caches/modules-2/files-2.1/javax.el/el-api/2.2/42971279cc8ba864462580c7fc2199fd5715ee7f/el-api-2.2.jar:/home/anixon604/.gradle/caches/modules-2/files-2.1/org.jboss.spec.javax.interceptor/jboss-interceptors-api_1.1_spec/1.0.0.Beta1/8cb388fd3b4912373da7a18e199bb55aa52aa5c1/jboss-interceptors-api_1.1_spec-1.0.0.Beta1.jar:/home/anixon604/.gradle/caches/modules-2/files-2.1/javax.annotation/jsr250-api/1.0/5025422767732a1ab45d93abfea846513d742dcf/jsr250-api-1.0.jar:/home/anixon604/.gradle/caches/modules-2/files-2.1/org.glassfish.hk2/hk2-utils/2.5.0-b30/b17fc7d8082ac00e59cd96fda9cff21f24cc367c/hk2-utils-2.5.0-b30.jar:/home/anixon604/.m2/repository/javax/inject/javax.inject/1/javax.inject-1.jar:/home/anixon604/.gradle/caches/modules-2/files-2.1/commons-collections/commons-collections/3.2.2/8ad72fe39fa8c91eaaf12aadb21e0c3661fe26d5/commons-collections-3.2.2.jar:/home/anixon604/.gradle/caches/modules-2/files-2.1/org.jgroups/jgroups/3.6.13.Final/1315a8a1aed98dcafc11a850957ced42dc26bf18/jgroups-3.6.13.Final.jar:/home/anixon604/.gradle/caches/modules-2/files-2.1/io.netty/netty-all/4.1.9.Final/97860965d6a0a6b98e7f569f3f966727b8db75/netty-all-4.1.9.Final.jar:/home/anixon604/.gradle/caches/modules-2/files-2.1/org.apache.geronimo.specs/geronimo-json_1.0_spec/1.0-alpha-1/7e73447b974a7c3a4792fba671499a6da263105f/geronimo-json_1.0_spec-1.0-alpha-1.jar:/home/anixon604/.gradle/caches/modules-2/files-2.1/org.apache.johnzon/johnzon-core/0.9.5/2e3aaa01cf524d00c5ab0a7bddd5d2352f3b5dd8/johnzon-core-0.9.5.jar:/home/anixon604/.gradle/caches/modules-2/files-2.1/com.esotericsoftware/reflectasm/1.11.3/8b102eed2f12412b254946811111ea48bc03a266/reflectasm-1.11.3.jar:/home/anixon604/.gradle/caches/modules-2/files-2.1/com.esotericsoftware/minlog/1.3.0/ff07b5f1b01d2f92bb00a337f9a94873712f0827/minlog-1.3.0.jar:/home/anixon604/.gradle/caches/modules-2/files-2.1/org.mockito/mockito-core/2.4.5/7977632cfc4597ef25097b6c1ab84284d61ac70e/mockito-core-2.4.5.jar:/home/anixon604/.gradle/caches/modules-2/files-2.1/org.objenesis/objenesis/2.4/2916b6c96b50c5b3ec4452ed99401db745aabb27/objenesis-2.4.jar:/home/anixon604/.gradle/caches/modules-2/files-2.1/org.glassfish.jersey.bundles.repackaged/jersey-guava/2.25/4439bddb870b210e40ca2e953813930be424dc0c/jersey-guava-2.25.jar:/home/anixon604/.gradle/caches/modules-2/files-2.1/org.glassfish.hk2/osgi-resource-locator/1.0.1/4ed2b2d4738aed5786cfa64cba5a332779c4c708/osgi-resource-locator-1.0.1.jar:/home/anixon604/.gradle/caches/modules-2/files-2.1/org.glassfish.hk2.external/aopalliance-repackaged/2.5.0-b30/4e882c90e9ba801803991b4000e6d9ad216ac261/aopalliance-repackaged-2.5.0-b30.jar:/home/anixon604/.gradle/caches/modules-2/files-2.1/org.fusesource.jansi/jansi/1.14/38ce7f9fb0171cd20f9acfd13858751d0fb0d3e2/jansi-1.14.jar:/home/anixon604/.gradle/caches/modules-2/files-2.1/com.intellij/forms_rt/7.0.3/a54e62a17c970d3b46a75d55a98168944c3f5fe5/forms_rt-7.0.3.jar:/home/anixon604/.gradle/caches/modules-2/files-2.1/com.h2database/h2/1.4.194/a180e95af52ad8116d52beb5f1d28596dcafa9d8/h2-1.4.194.jar:/home/anixon604/.gradle/caches/modules-2/files-2.1/org.postgresql/postgresql/42.1.4/1c7788d16b67d51f2f38ae99e474ece968bf715a/postgresql-42.1.4.jar:/home/anixon604/.gradle/caches/modules-2/files-2.1/com.github.corda.crash/crash.shell/cadb53544fbb3c0fb901445da614998a6a419488/2812f334a6d56d8b0b3992419037dd350dd40247/crash.shell-cadb53544fbb3c0fb901445da614998a6a419488.jar:/home/anixon604/.gradle/caches/modules-2/files-2.1/commons-codec/commons-codec/1.10/4b95f4897fa13f2cd904aee711aeafc0c5295cd8/commons-codec-1.10.jar:/home/anixon604/.gradle/caches/modules-2/files-2.1/com.github.bft-smart/library/master-v1.1-beta-g6215ec8-87/2308df15c8d74ca908a7322377793ca5fa080afe/library-master-v1.1-beta-g6215ec8-87.jar:/home/anixon604/.gradle/caches/modules-2/files-2.1/org.jolokia/jolokia-jvm/1.6.0/aff25a0452cf22dc85cbc96e0f149bbc2e4adb64/jolokia-jvm-1.6.0-agent.jar:/home/anixon604/.gradle/caches/modules-2/files-2.1/com.google.errorprone/error_prone_annotations/2.0.15/822652ed7196d119b35d2e22eb9cd4ffda11e640/error_prone_annotations-2.0.15.jar:/home/anixon604/.gradle/caches/modules-2/files-2.1/com.squareup.okio/okio/1.11.0/840897fcd7223a8143f1d9b6f69714e7be34fd50/okio-1.11.0.jar:/home/anixon604/.gradle/caches/modules-2/files-2.1/org.ow2.asm/asm/5.0.4/da08b8cce7bbf903602a25a3a163ae252435795/asm-5.0.4.jar:/home/anixon604/.gradle/caches/modules-2/files-2.1/org.apache.activemq/artemis-selector/2.2.0/345eebff9789feb4878e4649bb23017d84326738/artemis-selector-2.2.0.jar:/home/anixon604/.gradle/caches/modules-2/files-2.1/com.jgoodies/forms/1.1-preview/384c13dda97c15d252d680a18d2161e43a93ff31/forms-1.1-preview.jar:/home/anixon604/.gradle/caches/modules-2/files-2.1/jdom/jdom/1.0/a2ac1cd690ab4c80defe7f9bce14d35934c35cec/jdom-1.0.jar:/home/anixon604/.gradle/caches/modules-2/files-2.1/io.netty/netty-handler/4.1.5.Final/6262900ee9487e62560030a136160df953b1cd6b/netty-handler-4.1.5.Final.jar:/home/anixon604/.gradle/caches/modules-2/files-2.1/io.netty/netty-codec/4.1.5.Final/66bbf9324fa36467d041083f89328e2a24ec4f67/netty-codec-4.1.5.Final.jar:/home/anixon604/.gradle/caches/modules-2/files-2.1/io.netty/netty-transport/4.1.5.Final/37126b370722ff9631ee13c91139aacec0a71d1d/netty-transport-4.1.5.Final.jar:/home/anixon604/.gradle/caches/modules-2/files-2.1/com.github.corda.crash/crash.cli/cadb53544fbb3c0fb901445da614998a6a419488/57777b39fdd28337504ac531e8b18ff2217e0b17/crash.cli-cadb53544fbb3c0fb901445da614998a6a419488.jar:/home/anixon604/.gradle/caches/modules-2/files-2.1/org.codehaus.groovy/groovy-all/1.8.9/5396699e9d96c5c75d75ae95aa49acd5af048aac/groovy-all-1.8.9.jar:/home/anixon604/.gradle/caches/modules-2/files-2.1/org.jolokia/jolokia-core/1.6.0/c0d928201b20202826dd02762fea8ae1dc1634b1/jolokia-core-1.6.0.jar:/home/anixon604/.gradle/caches/modules-2/files-2.1/net.bytebuddy/byte-buddy/1.5.12/b1ba1d15f102b36ed43b826488114678d6d413da/byte-buddy-1.5.12.jar:/home/anixon604/.gradle/caches/modules-2/files-2.1/net.bytebuddy/byte-buddy-agent/1.5.12/bc2c4dc0a0c7ddc12d2bb389e228cd88378a8e3a/byte-buddy-agent-1.5.12.jar:/home/anixon604/.gradle/caches/modules-2/files-2.1/org.apache.geronimo.specs/geronimo-jms_2.0_spec/1.0-alpha-2/8d8a4d5a80138ba4ebc7b5509989e3d7013c7e74/geronimo-jms_2.0_spec-1.0-alpha-2.jar:/home/anixon604/.gradle/caches/modules-2/files-2.1/io.netty/netty-buffer/4.1.5.Final/b5fb6bccda4d63d4a74c9faccdf32f77ab66abc1/netty-buffer-4.1.5.Final.jar:/home/anixon604/.gradle/caches/modules-2/files-2.1/io.netty/netty-resolver/4.1.5.Final/5f367bedcdc185a727fda3296b9a18014cdc22c4/netty-resolver-4.1.5.Final.jar:/home/anixon604/.gradle/caches/modules-2/files-2.1/com.kohlschutter.junixsocket/junixsocket-native-common/2.0.4/726bd66a934dea39c817382986496fa4eda96411/junixsocket-native-common-2.0.4.jar:/home/anixon604/.gradle/caches/modules-2/files-2.1/io.netty/netty-common/4.1.5.Final/607f8433d8782445e72abe34e43a7e57e86a5e6c/netty-common-4.1.5.Final.jar:/home/anixon604/.gradle/caches/modules-2/files-2.1/com.kohlschutter.junixsocket/junixsocket-common/2.0.4/b4d1870bf903412533e0b79c6fcd402defcfc05b/junixsocket-common-2.0.4.jar:/home/anixon604/.gradle/caches/modules-2/files-2.1/org.scijava/native-lib-loader/2.0.2/1451fa03954c5e31a358b411147de472b4dab92c/native-lib-loader-2.0.2.jar:/home/anixon604/.gradle/caches/modules-2/files-2.1/log4j/log4j/1.2.17/5af35056b4d257e4b64b9e8069c0746e8b08629f/log4j-1.2.17.jar:/home/anixon604/.gradle/caches/modules-2/files-2.1/org.jetbrains/annotations/13.0/919f0dfe192fb4e063e7dacadee7f8bb9a2672a9/annotations-13.0.jar:lib/quasar.jar:/snap/intellij-idea-community/118/lib/idea_rt.jar:/home/anixon604/.gradle/caches/modules-2/files-2.1/co.paralleluniverse/quasar-core/0.7.9/a429f8e45e7f7c99c206da73fc5500200153913e/quasar-core-0.7.9-jdk8.jar {}
[INFO ] 2019-02-17T01:36:54,475Z [main] internal.Node.logStartupInfo - VM Java HotSpot(TM) 64-Bit Server VM Oracle Corporation 25.201-b09 {}
[INFO ] 2019-02-17T01:36:54,497Z [main] internal.Node.logStartupInfo - Machine: nixT480s {}
[INFO ] 2019-02-17T01:36:54,515Z [main] internal.Node.logStartupInfo - Working Directory: /home/anixon604/dev/samples/cordapp-example/build/20190217-013639.313/PartyC {}
[INFO ] 2019-02-17T01:36:54,521Z [main] internal.Node.logStartupInfo - Starting as node on localhost:10002 {}
[INFO ] 2019-02-17T01:36:54,836Z [main] cordapp.CordappLoader.apply - Generating a test-only CorDapp of classes discovered for package com.example in file:/home/anixon604/dev/samples/cordapp-example/java-source/out/test/classes/com/example: /home/anixon604/dev/samples/cordapp-example/build/20190217-013639.313/PartyC/build/tmp/generated-test-cordapps/com.example-95cf2f84-5ffc-43d1-8e2f-dfcfbc58056f.jar {}
[INFO ] 2019-02-17T01:36:54,958Z [main] cordapp.CordappLoader.apply - Generating a test-only CorDapp of classes discovered for package com.example in file:/home/anixon604/dev/samples/cordapp-example/java-source/out/production/classes/com/example: build/tmp/generated-test-cordapps/com.example-f3998c24-20e8-4e69-a103-92c80478f884.jar {}
[INFO ] 2019-02-17T01:36:55,109Z [main] cordapp.CordappLoader.<init> - Loading CorDapps from RestrictedURL(url=file:/home/anixon604/dev/samples/cordapp-example/build/20190217-013639.313/PartyC/build/tmp/generated-test-cordapps/com.example-95cf2f84-5ffc-43d1-8e2f-dfcfbc58056f.jar, rootPackageName=null), RestrictedURL(url=file:/home/anixon604/dev/samples/cordapp-example/build/20190217-013639.313/PartyC/build/tmp/generated-test-cordapps/com.example-f3998c24-20e8-4e69-a103-92c80478f884.jar, rootPackageName=null) {}
[INFO ] 2019-02-17T01:36:55,255Z [main] cordapp.CordappLoader.scanCordapp - Scanning CorDapp in file:/home/anixon604/dev/samples/cordapp-example/build/20190217-013639.313/PartyC/build/tmp/generated-test-cordapps/com.example-95cf2f84-5ffc-43d1-8e2f-dfcfbc58056f.jar {}
[INFO ] 2019-02-17T01:36:55,624Z [main] cordapp.CordappLoader.scanCordapp - Scanning CorDapp in file:/home/anixon604/dev/samples/cordapp-example/build/20190217-013639.313/PartyC/build/tmp/generated-test-cordapps/com.example-f3998c24-20e8-4e69-a103-92c80478f884.jar {}
[INFO ] 2019-02-17T01:36:56,548Z [main] internal.Node.start - Node starting up ... {}
[WARN ] 2019-02-17T01:36:56,573Z [main] internal.Node.initCertificate - Corda node is running in dev mode. {}
[INFO ] 2019-02-17T01:36:58,934Z [main] internal.Node.obtainIdentity - identity-private-key not found in key store /home/anixon604/dev/samples/cordapp-example/build/20190217-013639.313/PartyC/certificates/nodekeystore.jks, generating fresh key! {}
[INFO ] 2019-02-17T01:37:01,212Z [main] internal.NetworkParametersReader.retrieveNetworkParameters - Loaded network parameters: net.corda.core.internal.SignedDataWithCert@576b7c74 {}
[INFO ] 2019-02-17T01:37:02,412Z [main] BasicInfo.printBasicNodeInfo - Database connection url is              : jdbc:h2:tcp://127.0.1.1:41865/node {}
[INFO ] 2019-02-17T01:37:03,144Z [main] internal.Node.invoke - Connected to H2 database. {}
[INFO ] 2019-02-17T01:37:03,289Z [main] persistence.HibernateConfiguration.<init> - Init HibernateConfiguration for schemas: [CommonSchemaV1(name=net.corda.core.schemas.CommonSchema, version=1), VaultSchemaV1(name=net.corda.node.services.vault.VaultSchema, version=1), NodeInfoSchemaV1(name=net.corda.node.internal.schemas.NodeInfoSchema, version=1), NodeCoreV1(name=net.corda.node.services.schema.NodeSchemaService$NodeCore, version=1), IOUSchemaV1(name=com.example.schema.IOUSchema, version=1)] {}
[INFO ] 2019-02-17T01:37:03,304Z [main] persistence.HibernateConfiguration.makeSessionFactoryForSchemas - Creating session factory for schemas: [CommonSchemaV1(name=net.corda.core.schemas.CommonSchema, version=1), VaultSchemaV1(name=net.corda.node.services.vault.VaultSchema, version=1), NodeInfoSchemaV1(name=net.corda.node.internal.schemas.NodeInfoSchema, version=1), NodeCoreV1(name=net.corda.node.services.schema.NodeSchemaService$NodeCore, version=1), IOUSchemaV1(name=com.example.schema.IOUSchema, version=1)] {}
[INFO ] 2019-02-17T01:37:07,246Z [main] persistence.HibernateConfiguration.makeSessionFactoryForSchemas - Created session factory for schemas: [CommonSchemaV1(name=net.corda.core.schemas.CommonSchema, version=1), VaultSchemaV1(name=net.corda.node.services.vault.VaultSchema, version=1), NodeInfoSchemaV1(name=net.corda.node.internal.schemas.NodeInfoSchema, version=1), NodeCoreV1(name=net.corda.node.services.schema.NodeSchemaService$NodeCore, version=1), IOUSchemaV1(name=com.example.schema.IOUSchema, version=1)] {}
[INFO ] 2019-02-17T01:37:08,384Z [main] internal.Node.updateNodeInfo - Node-info has changed so submitting update. Old node-info was null {}
[INFO ] 2019-02-17T01:37:08,397Z [main] network.PersistentNetworkMapCache.addNode - Adding node with info: NodeInfo(addresses=[localhost:10002], legalIdentitiesAndCerts=[O=PartyC, L=Paris, C=FR], platformVersion=3, serial=1550367428397) {}
[INFO ] 2019-02-17T01:37:08,428Z [main] network.PersistentNetworkMapCache.addNode - No previous node found {}
[INFO ] 2019-02-17T01:37:08,859Z [main] network.PersistentNetworkMapCache.addNode - Done adding node with info: NodeInfo(addresses=[localhost:10002], legalIdentitiesAndCerts=[O=PartyC, L=Paris, C=FR], platformVersion=3, serial=1550367428397) {}
[INFO ] 2019-02-17T01:37:08,863Z [main] internal.Node.updateNodeInfo - New node-info: NodeInfo(addresses=[localhost:10002], legalIdentitiesAndCerts=[O=PartyC, L=Paris, C=FR], platformVersion=3, serial=1550367428397) {}
[INFO ] 2019-02-17T01:37:09,932Z [main] persistence.NodeAttachmentService.invoke - Stored new attachment 1008C59E5303C2A41286B7506ED5DC261C839BD0F6697856F887E1320E3C0BA3 {}
[WARN ] 2019-02-17T01:37:09,939Z [main] cordapp.CordappProviderImpl.verifyInstalledCordapps - The network parameters don't specify any whitelisted contract implementations. Please contact your zone operator. See https://docs.corda.net/network-map.html {}
[INFO ] 2019-02-17T01:37:10,198Z [main] security.RPCSecurityManagerImpl.buildImpl - Constructing realm from list of users in config [User(user1, permissions=[ALL, InvokeRpc.nodeInfo, InvokeRpc.networkMapFeed, InvokeRpc.networkMapSnapshot, InvokeRpc.notaryIdentities, InvokeRpc.stateMachinesFeed, InvokeRpc.stateMachineRecordedTransactionMappingFeed, InvokeRpc.nodeInfoFromParty, InvokeRpc.internalVerifiedTransactionsFeed, InvokeRpc.vaultQueryBy, InvokeRpc.vaultTrackBy, InvokeRpc.registeredFlows])] {}
[INFO ] 2019-02-17T01:37:10,752Z [main] BasicInfo.printBasicNodeInfo - Advertised P2P messaging addresses      : localhost:10002 {}
[INFO ] 2019-02-17T01:37:10,762Z [main] BasicInfo.printBasicNodeInfo - RPC connection address                  : localhost:10014 {}
[INFO ] 2019-02-17T01:37:10,762Z [main] BasicInfo.printBasicNodeInfo - RPC admin connection address            : localhost:10054 {}
[INFO ] 2019-02-17T01:37:12,557Z [main] messaging.ArtemisMessagingServer.configureAndStartServer - P2P messaging server listening on port 10002 {}
[INFO ] 2019-02-17T01:37:13,073Z [main] internal.ArtemisMessagingClient.start - Connecting to message broker: localhost:10002 {}
[INFO ] 2019-02-17T01:37:14,034Z [main] internal.ArtemisMessagingClient.start - Connecting to message broker: localhost:10002 {}
[INFO ] 2019-02-17T01:37:14,329Z [main] internal.ArtemisMessagingClient.start - Connecting to message broker: localhost:10054 {}
[INFO ] 2019-02-17T01:37:14,545Z [main] messaging.P2PMessagingClient.start - Connecting to message broker: localhost:10002 {}
[INFO ] 2019-02-17T01:37:14,694Z [main] messaging.P2PMessagingClient.createQueueIfAbsent - Create fresh queue p2p.inbound.DLEjV3FdwXKbphWXzcZvqxAeEu4AVDzCd9uc2oqAF8JKZX bound on same address {}
[INFO ] 2019-02-17T01:37:14,872Z [Thread-0 (ActiveMQ-client-global-threads)] bridging.BridgeControlListener.processControlMessage - Received bridge control message NodeToBridgeSnapshot(nodeIdentity=DLEjV3FdwXKbphWXzcZvqxAeEu4AVDzCd9uc2oqAF8JKZX, inboxQueues=[p2p.inbound.DLEjV3FdwXKbphWXzcZvqxAeEu4AVDzCd9uc2oqAF8JKZX], sendQueues=[]) {}
[INFO ] 2019-02-17T01:37:14,973Z [main] internal.Node.registerInitiatedFlowInternal - Registered com.example.flow.ExampleFlow$Initiator to initiate com.example.flow.ExampleFlow$Acceptor (version 1) {}
[INFO ] 2019-02-17T01:37:14,981Z [main] internal.Node.registerInitiatedFlowInternal - Registered com.example.flow.QRScanFlow$Initiator to initiate com.example.flow.QRScanFlow$Acceptor (version 1) {}
[INFO ] 2019-02-17T01:37:14,985Z [main] internal.Node.registerInitiatedFlowInternal - Registered com.example.flow.TrustXFlow$Initiator to initiate com.example.flow.TrustXFlow$Acceptor (version 1) {}
[WARN ] 2019-02-17T01:37:17,349Z [main] utilities.AppendOnlyPersistentMapBase.set - Double insert in net.corda.node.utilities.AppendOnlyPersistentMap for entity class class net.corda.node.services.identity.PersistentIdentityService$PersistentIdentity key CC0A0713089FF7123F381B45F7FA24C820B34C6125EF0B061CEFF434E657BEFE, not inserting the second time {}
[INFO ] 2019-02-17T01:37:17,355Z [main] messaging.P2PMessagingClient.updateBridgesOnNetworkChange - Updating bridges on network map change: NodeInfo(addresses=[localhost:10002], legalIdentitiesAndCerts=[O=PartyC, L=Paris, C=FR], platformVersion=3, serial=1550367428397) {}
[INFO ] 2019-02-17T01:37:17,603Z [main] BasicInfo.printBasicNodeInfo - Loaded CorDapps                         : com.example-95cf2f84-5ffc-43d1-8e2f-dfcfbc58056f, com.example-f3998c24-20e8-4e69-a103-92c80478f884, corda-core-3.3-corda {}
[INFO ] 2019-02-17T01:37:17,608Z [main] BasicInfo.printBasicNodeInfo - Node for "PartyC" started up and registered in 29.97 sec {}
[INFO ] 2019-02-17T01:37:17,611Z [main] messaging.RPCServer.start - Starting RPC server with configuration RPCServerConfiguration(rpcThreadPoolSize=4, reapInterval=PT1S, deduplicationCacheExpiry=PT24H) {}
[INFO ] 2019-02-17T01:37:17,607Z [RxIoScheduler-2] network.PersistentNetworkMapCache.addNode - Adding node with info: NodeInfo(addresses=[localhost:10000], legalIdentitiesAndCerts=[O=PartyA, L=London, C=GB], platformVersion=3, serial=1550367429237) {}
[INFO ] 2019-02-17T01:37:17,678Z [RxIoScheduler-2] network.PersistentNetworkMapCache.addNode - No previous node found {}
[INFO ] 2019-02-17T01:37:17,757Z [RxIoScheduler-2] messaging.P2PMessagingClient.updateBridgesOnNetworkChange - Updating bridges on network map change: NodeInfo(addresses=[localhost:10000], legalIdentitiesAndCerts=[O=PartyA, L=London, C=GB], platformVersion=3, serial=1550367429237) {}
[INFO ] 2019-02-17T01:37:17,771Z [RxIoScheduler-2] network.PersistentNetworkMapCache.addNode - Done adding node with info: NodeInfo(addresses=[localhost:10000], legalIdentitiesAndCerts=[O=PartyA, L=London, C=GB], platformVersion=3, serial=1550367429237) {}
[INFO ] 2019-02-17T01:37:17,783Z [RxIoScheduler-2] network.PersistentNetworkMapCache.addNode - Adding node with info: NodeInfo(addresses=[localhost:10001], legalIdentitiesAndCerts=[O=PartyB, L=New York, C=US], platformVersion=3, serial=1550367428887) {}
[INFO ] 2019-02-17T01:37:17,804Z [RxIoScheduler-2] network.PersistentNetworkMapCache.addNode - No previous node found {}
[INFO ] 2019-02-17T01:37:17,852Z [RxIoScheduler-2] messaging.P2PMessagingClient.updateBridgesOnNetworkChange - Updating bridges on network map change: NodeInfo(addresses=[localhost:10001], legalIdentitiesAndCerts=[O=PartyB, L=New York, C=US], platformVersion=3, serial=1550367428887) {}
[INFO ] 2019-02-17T01:37:17,913Z [RxIoScheduler-2] network.PersistentNetworkMapCache.addNode - Done adding node with info: NodeInfo(addresses=[localhost:10001], legalIdentitiesAndCerts=[O=PartyB, L=New York, C=US], platformVersion=3, serial=1550367428887) {}
[INFO ] 2019-02-17T01:37:17,917Z [RxIoScheduler-2] network.PersistentNetworkMapCache.addNode - Adding node with info: NodeInfo(addresses=[localhost:10003], legalIdentitiesAndCerts=[O=Notary Service, L=Zurich, C=CH], platformVersion=3, serial=1550367426795) {}
[INFO ] 2019-02-17T01:37:17,947Z [RxIoScheduler-2] network.PersistentNetworkMapCache.addNode - No previous node found {}
[INFO ] 2019-02-17T01:37:17,981Z [RxIoScheduler-2] messaging.P2PMessagingClient.updateBridgesOnNetworkChange - Updating bridges on network map change: NodeInfo(addresses=[localhost:10003], legalIdentitiesAndCerts=[O=Notary Service, L=Zurich, C=CH], platformVersion=3, serial=1550367426795) {}
[INFO ] 2019-02-17T01:37:17,990Z [RxIoScheduler-2] network.PersistentNetworkMapCache.addNode - Done adding node with info: NodeInfo(addresses=[localhost:10003], legalIdentitiesAndCerts=[O=Notary Service, L=Zurich, C=CH], platformVersion=3, serial=1550367426795) {}
[INFO ] 2019-02-17T01:37:18,326Z [Thread-0 (ActiveMQ-client-global-threads)] messaging.RPCServer.clientArtemisMessageHandler - SUBMITTING {actor_id=user1, actor_owningIdentity=O=PartyC, L=Paris, C=FR, actor_store_id=NODE_CONFIG, invocation_id=d3bc2165-6bbc-474a-9b4f-942c85091975, invocation_timestamp=2019-02-17T01:37:18.310Z, session_id=5be49592-9a6b-4e2f-88fc-c69bc7be9b9d, session_timestamp=2019-02-17T01:37:13.034Z}
[INFO ] 2019-02-17T01:37:19,070Z [Thread-0 (ActiveMQ-client-global-threads)] messaging.RPCServer.clientArtemisMessageHandler - SUBMITTING {actor_id=user1, actor_owningIdentity=O=PartyC, L=Paris, C=FR, actor_store_id=NODE_CONFIG, invocation_id=845f60c5-1351-485e-80a4-309b90289ec9, invocation_timestamp=2019-02-17T01:37:19.070Z, session_id=5be49592-9a6b-4e2f-88fc-c69bc7be9b9d, session_timestamp=2019-02-17T01:37:13.034Z}
[INFO ] 2019-02-17T01:37:19,156Z [Thread-0 (ActiveMQ-client-global-threads)] messaging.RPCServer.clientArtemisMessageHandler - SUBMITTING {actor_id=user1, actor_owningIdentity=O=PartyC, L=Paris, C=FR, actor_store_id=NODE_CONFIG, invocation_id=d7a3eb3e-ead6-4221-8eb9-851baafaf295, invocation_timestamp=2019-02-17T01:37:19.156Z, session_id=5be49592-9a6b-4e2f-88fc-c69bc7be9b9d, session_timestamp=2019-02-17T01:37:13.034Z}
[INFO ] 2019-02-17T01:37:19,174Z [Thread-0 (ActiveMQ-client-global-threads)] messaging.RPCServer.clientArtemisMessageHandler - SUBMITTING {actor_id=user1, actor_owningIdentity=O=PartyC, L=Paris, C=FR, actor_store_id=NODE_CONFIG, invocation_id=e20fc818-0afe-4a33-a260-9817d97ee635, invocation_timestamp=2019-02-17T01:37:19.174Z, session_id=5be49592-9a6b-4e2f-88fc-c69bc7be9b9d, session_timestamp=2019-02-17T01:37:13.034Z}
[INFO ] 2019-02-17T01:37:19,202Z [Thread-0 (ActiveMQ-client-global-threads)] messaging.RPCServer.clientArtemisMessageHandler - SUBMITTING {actor_id=user1, actor_owningIdentity=O=PartyC, L=Paris, C=FR, actor_store_id=NODE_CONFIG, invocation_id=f39ab1be-b038-4a7d-be2e-12661a09f16d, invocation_timestamp=2019-02-17T01:37:19.201Z, session_id=5be49592-9a6b-4e2f-88fc-c69bc7be9b9d, session_timestamp=2019-02-17T01:37:13.034Z}
[INFO ] 2019-02-17T01:37:24,428Z [Thread-0 (ActiveMQ-client-global-threads)] messaging.RPCServer.clientArtemisMessageHandler - SUBMITTING {actor_id=user1, actor_owningIdentity=O=PartyC, L=Paris, C=FR, actor_store_id=NODE_CONFIG, invocation_id=a58da5b8-9563-4e1f-89bd-bb4b6f360b38, invocation_timestamp=2019-02-17T01:37:24.428Z, session_id=d7b6ceff-70cb-4e75-a7f0-4e87dbe94117, session_timestamp=2019-02-17T01:37:22.602Z}
[INFO ] 2019-02-17T01:37:25,364Z [Thread-0 (ActiveMQ-client-global-threads)] messaging.RPCServer.clientArtemisMessageHandler - SUBMITTING {actor_id=user1, actor_owningIdentity=O=PartyC, L=Paris, C=FR, actor_store_id=NODE_CONFIG, invocation_id=1d0b7114-4f90-47ae-8edf-5c8f57b8999e, invocation_timestamp=2019-02-17T01:37:25.364Z, session_id=d7b6ceff-70cb-4e75-a7f0-4e87dbe94117, session_timestamp=2019-02-17T01:37:22.602Z}
[INFO ] 2019-02-17T01:44:30,497Z [Thread-4] BasicInfo.printBasicNodeInfo - Shutting down ... {}
[INFO ] 2019-02-17T01:44:30,531Z [main] internal.Node.run - Node exiting successfully {}
[INFO ] 2019-02-17T01:44:32,955Z [Thread-4] internal.Node.stop - Shutdown complete {}
